Log file open, 07/12/22 09:27:40
LogWindows: Failed to load 'aqProf.dll' (GetLastError=126)
LogWindows: File 'aqProf.dll' does not exist
LogWindows: Failed to load 'VtuneApi.dll' (GetLastError=126)
LogWindows: File 'VtuneApi.dll' does not exist
LogWindows: Failed to load 'VtuneApi32e.dll' (GetLastError=126)
LogWindows: File 'VtuneApi32e.dll' does not exist
LogConsoleResponse: Display: Failed to find resolution value strings in scalability ini. Falling back to default.
LogConsoleResponse: Display: Failed to find resolution value strings in scalability ini. Falling back to default.
LogInit: Display: Running engine for game: UnrealQuest3
LogPlatformFile: Not using cached read wrapper
LogTaskGraph: Started task graph with 5 named threads and 35 total threads with 3 sets of task threads.
LogStats: Stats thread started at 23.555797
LogICUInternationalization: ICU TimeZone Detection - Raw Offset: +9:00, Platform Override: ''
LogInit: Display: Loading text-based GConfig....
LogPluginManager: Mounting plugin MeshPainting
LogPluginManager: Mounting plugin XGEController
LogPluginManager: Mounting plugin AISupport
LogPluginManager: Mounting plugin CameraShakePreviewer
LogPluginManager: Mounting plugin GameplayCameras
LogPluginManager: Mounting plugin LightPropagationVolume
LogPluginManager: Mounting plugin OodleData
LogPluginManager: Mounting plugin OodleNetwork
LogPluginManager: Mounting plugin EnvironmentQueryEditor
LogPluginManager: Mounting plugin DatasmithContent
LogPluginManager: Mounting plugin Paper2D
LogPluginManager: Mounting plugin AssetManagerEditor
LogPluginManager: Mounting plugin VariantManagerContent
LogPluginManager: Mounting plugin CurveEditorTools
LogPluginManager: Mounting plugin DataValidation
LogPluginManager: Mounting plugin FacialAnimation
LogPluginManager: Mounting plugin GameplayTagsEditor
LogPluginManager: Mounting plugin GeometryMode
LogPluginManager: Mounting plugin CryptoKeys
LogPluginManager: Mounting plugin MacGraphicsSwitching
LogPluginManager: Mounting plugin MaterialAnalyzer
LogPluginManager: Mounting plugin MobileLauncherProfileWizard
LogPluginManager: Mounting plugin AnimationSharing
LogPluginManager: Mounting plugin PluginBrowser
LogPluginManager: Mounting plugin CLionSourceCodeAccess
LogPluginManager: Mounting plugin CodeLiteSourceCodeAccess
LogPluginManager: Mounting plugin GitSourceControl
LogPluginManager: Mounting plugin SpeedTreeImporter
LogPluginManager: Mounting plugin KDevelopSourceCodeAccess
LogPluginManager: Mounting plugin NullSourceCodeAccess
LogPluginManager: Mounting plugin PerforceSourceControl
LogPluginManager: Mounting plugin PixWinPlugin
LogPluginManager: Mounting plugin PlasticSourceControl
LogPluginManager: Mounting plugin PluginUtils
LogPluginManager: Mounting plugin UObjectPlugin
LogPluginManager: Mounting plugin VisualStudioCodeSourceCodeAccess
LogPluginManager: Mounting plugin PropertyAccessNode
LogPluginManager: Mounting plugin VisualStudioSourceCodeAccess
LogPluginManager: Mounting plugin XCodeSourceCodeAccess
LogPluginManager: Mounting plugin TcpMessaging
LogPluginManager: Mounting plugin UdpMessaging
LogPluginManager: Mounting plugin RiderSourceCodeAccess
LogPluginManager: Mounting plugin SubversionSourceControl
LogPluginManager: Mounting plugin TextureFormatOodle
LogPluginManager: Mounting plugin LauncherChunkInstaller
LogPluginManager: Mounting plugin AlembicImporter
LogPluginManager: Mounting plugin AutomationUtils
LogPluginManager: Mounting plugin BackChannel
LogPluginManager: Mounting plugin ChaosCloth
LogPluginManager: Mounting plugin ChaosEditor
LogPluginManager: Mounting plugin ChaosClothEditor
LogPluginManager: Mounting plugin ChaosSolverPlugin
LogPluginManager: Mounting plugin CharacterAI
LogPluginManager: Mounting plugin Niagara
LogPluginManager: Mounting plugin GeometryCache
LogPluginManager: Mounting plugin ChaosNiagara
LogPluginManager: Mounting plugin GeometryCollectionPlugin
LogPluginManager: Mounting plugin GeometryProcessing
LogPluginManager: Mounting plugin OpenImageDenoise
LogPluginManager: Mounting plugin PlanarCut
LogPluginManager: Mounting plugin PlatformCrypto
LogPluginManager: Mounting plugin ProxyLODPlugin
LogPluginManager: Mounting plugin MotoSynth
LogPluginManager: Mounting plugin SkeletalReduction
LogPluginManager: Mounting plugin PythonScriptPlugin
LogPluginManager: Mounting plugin ActorLayerUtilities
LogPluginManager: Mounting plugin AppleMoviePlayer
LogPluginManager: Mounting plugin AndroidDeviceProfileSelector
LogPluginManager: Mounting plugin AppleImageUtils
LogPluginManager: Mounting plugin AndroidPermission
LogPluginManager: Mounting plugin AndroidMoviePlayer
LogPluginManager: Mounting plugin ApexDestruction
LogPluginManager: Mounting plugin CustomMeshComponent
LogPluginManager: Mounting plugin ArchVisCharacter
LogPluginManager: Mounting plugin AudioSynesthesia
LogPluginManager: Mounting plugin AssetTags
LogPluginManager: Mounting plugin CableComponent
LogPluginManager: Mounting plugin AudioCapture
LogPluginManager: Mounting plugin ChunkDownloader
LogPluginManager: Mounting plugin ActorSequence
LogPluginManager: Mounting plugin GoogleCloudMessaging
LogPluginManager: Mounting plugin EditableMesh
LogPluginManager: Mounting plugin ExampleDeviceProfileSelector
LogPluginManager: Mounting plugin GooglePAD
LogPluginManager: Mounting plugin LevelSequenceEditor
LogPluginManager: Mounting plugin MatineeToLevelSequence
LogPluginManager: Mounting plugin TemplateSequence
LogPluginManager: Mounting plugin AvfMedia
LogPluginManager: Mounting plugin AndroidMedia
LogPluginManager: Mounting plugin MediaCompositing
LogPluginManager: Mounting plugin ImgMedia
LogPluginManager: Mounting plugin MediaPlayerEditor
LogPluginManager: Mounting plugin WebMMedia
LogPluginManager: Mounting plugin WmfMedia
LogPluginManager: Mounting plugin OnlineSubsystem
LogPluginManager: Mounting plugin OnlineSubsystemNull
LogPluginManager: Mounting plugin OnlineSubsystemUtils
LogPluginManager: Mounting plugin ScreenshotTools
LogPluginManager: Mounting plugin IOSDeviceProfileSelector
LogPluginManager: Mounting plugin LinuxDeviceProfileSelector
LogPluginManager: Mounting plugin LocationServicesBPLibrary
LogPluginManager: Mounting plugin MobilePatchingUtils
LogPluginManager: Mounting plugin PhysXVehicles
LogPluginManager: Mounting plugin PostSplashScreen
LogPluginManager: Mounting plugin ProceduralMeshComponent
LogPluginManager: Mounting plugin PropertyAccessEditor
LogPluginManager: Mounting plugin RuntimePhysXCooking
LogPluginManager: Mounting plugin SignificanceManager
LogPluginManager: Mounting plugin SoundFields
LogPluginManager: Mounting plugin WindowsMoviePlayer
LogPluginManager: Mounting plugin Synthesis
LogPluginManager: Mounting plugin WebMMoviePlayer
LogPluginManager: Mounting plugin ContentBrowserAssetDataSource
LogPluginManager: Mounting plugin ContentBrowserClassDataSource
LogPluginManager: Mounting plugin ContentBrowserFileDataSource
LogPluginManager: Mounting plugin OnlineSubsystemGooglePlay
LogPluginManager: Mounting plugin OnlineSubsystemIOS
PixWinPlugin: PIX capture plugin failed to initialize! Check that the process is launched from PIX.
LogInit: Using libcurl 7.55.1-DEV
LogInit:  - built for x86_64-pc-win32
LogInit:  - supports SSL with OpenSSL/1.1.1
LogInit:  - supports HTTP deflate (compression) using libz 1.2.8
LogInit:  - other features:
LogInit:      CURL_VERSION_SSL
LogInit:      CURL_VERSION_LIBZ
LogInit:      CURL_VERSION_IPV6
LogInit:      CURL_VERSION_ASYNCHDNS
LogInit:      CURL_VERSION_LARGEFILE
LogInit:      CURL_VERSION_IDN
LogInit:  CurlRequestOptions (configurable via config and command line):
LogInit:  - bVerifyPeer = true  - Libcurl will verify peer certificate
LogInit:  - bUseHttpProxy = false  - Libcurl will NOT use HTTP proxy
LogInit:  - bDontReuseConnections = false  - Libcurl will reuse connections
LogInit:  - MaxHostConnections = 16  - Libcurl will limit the number of connections to a host
LogInit:  - LocalHostAddr = Default
LogInit:  - BufferSize = 65536
LogOnline: OSS: Creating online subsystem instance for: NULL
LogInit: WinSock: version 1.1 (2.2), MaxSocks=32767, MaxUdp=65467
LogOnline: OSS: TryLoadSubsystemAndSetDefault: Loaded subsystem for module [NULL]
LogInit: Build: ++UE4+Release-4.27-CL-18319896
LogInit: Engine Version: 4.27.2-18319896+++UE4+Release-4.27
LogInit: Compatible Engine Version: 4.27.0-17155196+++UE4+Release-4.27
LogInit: Net CL: 17155196
LogInit: OS: Windows 10 (Release 2009) (), CPU: Intel(R) Core(TM) i7-9750H CPU @ 2.60GHz, GPU: Intel(R) UHD Graphics 630
LogInit: Compiled (64-bit): Nov 30 2021 07:12:08
LogInit: Compiled with Visual C++: 19.24.28315.00
LogInit: Build Configuration: Development
LogInit: Branch Name: ++UE4+Release-4.27
LogInit: Command Line: 
LogInit: Base Directory: D:/UE_4.27/Engine/Binaries/Win64/
LogInit: Allocator: TBB
LogInit: Installed Engine Build: 1
LogDevObjectVersion: Number of dev versions registered: 29
LogDevObjectVersion:   Dev-Blueprints (B0D832E4-1F89-4F0D-ACCF-7EB736FD4AA2): 10
LogDevObjectVersion:   Dev-Build (E1C64328-A22C-4D53-A36C-8E866417BD8C): 0
LogDevObjectVersion:   Dev-Core (375EC13C-06E4-48FB-B500-84F0262A717E): 4
LogDevObjectVersion:   Dev-Editor (E4B068ED-F494-42E9-A231-DA0B2E46BB41): 40
LogDevObjectVersion:   Dev-Framework (CFFC743F-43B0-4480-9391-14DF171D2073): 37
LogDevObjectVersion:   Dev-Mobile (B02B49B5-BB20-44E9-A304-32B752E40360): 3
LogDevObjectVersion:   Dev-Networking (A4E4105C-59A1-49B5-A7C5-40C4547EDFEE): 0
LogDevObjectVersion:   Dev-Online (39C831C9-5AE6-47DC-9A44-9C173E1C8E7C): 0
LogDevObjectVersion:   Dev-Physics (78F01B33-EBEA-4F98-B9B4-84EACCB95AA2): 14
LogDevObjectVersion:   Dev-Platform (6631380F-2D4D-43E0-8009-CF276956A95A): 0
LogDevObjectVersion:   Dev-Rendering (12F88B9F-8875-4AFC-A67C-D90C383ABD29): 45
LogDevObjectVersion:   Dev-Sequencer (7B5AE74C-D270-4C10-A958-57980B212A5A): 13
LogDevObjectVersion:   Dev-VR (D7296918-1DD6-4BDD-9DE2-64A83CC13884): 3
LogDevObjectVersion:   Dev-LoadTimes (C2A15278-BFE7-4AFE-6C17-90FF531DF755): 1
LogDevObjectVersion:   Private-Geometry (6EACA3D4-40EC-4CC1-B786-8BED09428FC5): 3
LogDevObjectVersion:   Dev-AnimPhys (29E575DD-E0A3-4627-9D10-D276232CDCEA): 17
LogDevObjectVersion:   Dev-Anim (AF43A65D-7FD3-4947-9873-3E8ED9C1BB05): 15
LogDevObjectVersion:   Dev-ReflectionCapture (6B266CEC-1EC7-4B8F-A30B-E4D90942FC07): 1
LogDevObjectVersion:   Dev-Automation (0DF73D61-A23F-47EA-B727-89E90C41499A): 1
LogDevObjectVersion:   FortniteMain (601D1886-AC64-4F84-AA16-D3DE0DEAC7D6): 47
LogDevObjectVersion:   FortniteRelease (E7086368-6B23-4C58-8439-1B7016265E91): 1
LogDevObjectVersion:   Dev-Enterprise (9DFFBCD6-494F-0158-E221-12823C92A888): 10
LogDevObjectVersion:   Dev-Niagara (F2AED0AC-9AFE-416F-8664-AA7FFA26D6FC): 1
LogDevObjectVersion:   Dev-Destruction (174F1F0B-B4C6-45A5-B13F-2EE8D0FB917D): 10
LogDevObjectVersion:   Dev-Physics-Ext (35F94A83-E258-406C-A318-09F59610247C): 41
LogDevObjectVersion:   Dev-PhysicsMaterial-Chaos (B68FC16E-8B1B-42E2-B453-215C058844FE): 1
LogDevObjectVersion:   Dev-CineCamera (B2E18506-4273-CFC2-A54E-F4BB758BBA07): 1
LogDevObjectVersion:   Dev-VirtualProduction (64F58936-FD1B-42BA-BA96-7289D5D0FA4E): 1
LogDevObjectVersion:   Dev-MediaFramework (6F0ED827-A609-4895-9C91-998D90180EA4): 2
LogInit: Presizing for max 25165824 objects, including 0 objects not considered by GC, pre-allocating 0 bytes for permanent pool.
LogConfig: Applying CVar settings from Section [/Script/Engine.StreamingSettings] File [D:/UE4_team/UnrealQuest3_UE4/UnrealQuest3_UE4/Saved/Config/Windows/Engine.ini]
LogConfig: Setting CVar [[s.MinBulkDataSizeForAsyncLoading:131072]]
LogConfig: Setting CVar [[s.AsyncLoadingThreadEnabled:0]]
LogConfig: Setting CVar [[s.EventDrivenLoaderEnabled:1]]
LogConfig: Setting CVar [[s.WarnIfTimeLimitExceeded:0]]
LogConfig: Setting CVar [[s.TimeLimitExceededMultiplier:1.5]]
LogConfig: Setting CVar [[s.TimeLimitExceededMinTime:0.005]]
LogConfig: Setting CVar [[s.UseBackgroundLevelStreaming:1]]
LogConfig: Setting CVar [[s.PriorityAsyncLoadingExtraTime:15.0]]
LogConfig: Setting CVar [[s.LevelStreamingActorsUpdateTimeLimit:5.0]]
LogConfig: Setting CVar [[s.PriorityLevelStreamingActorsUpdateExtraTime:5.0]]
LogConfig: Setting CVar [[s.LevelStreamingComponentsRegistrationGranularity:10]]
LogConfig: Setting CVar [[s.UnregisterComponentsTimeLimit:1.0]]
LogConfig: Setting CVar [[s.LevelStreamingComponentsUnregistrationGranularity:5]]
LogConfig: Setting CVar [[s.FlushStreamingOnExit:1]]
LogInit: Object subsystem initialized
LogConfig: Setting CVar [[con.DebugEarlyDefault:1]]
LogConfig: Setting CVar [[r.setres:1280x720]]
[2022.07.12-00.27.55:624][  0]LogConfig: Setting CVar [[r.VSync:0]]
[2022.07.12-00.27.55:624][  0]LogConfig: Setting CVar [[r.RHICmdBypass:0]]
[2022.07.12-00.27.55:625][  0]LogConfig: Applying CVar settings from Section [/Script/Engine.RendererSettings] File [D:/UE4_team/UnrealQuest3_UE4/UnrealQuest3_UE4/Saved/Config/Windows/Engine.ini]
[2022.07.12-00.27.55:625][  0]LogConfig: Setting CVar [[r.GPUCrashDebugging:0]]
[2022.07.12-00.27.55:625][  0]LogConfig: Applying CVar settings from Section [/Script/Engine.RendererOverrideSettings] File [D:/UE4_team/UnrealQuest3_UE4/UnrealQuest3_UE4/Saved/Config/Windows/Engine.ini]
[2022.07.12-00.27.55:626][  0]LogConfig: Applying CVar settings from Section [/Script/Engine.StreamingSettings] File [D:/UE4_team/UnrealQuest3_UE4/UnrealQuest3_UE4/Saved/Config/Windows/Engine.ini]
[2022.07.12-00.27.55:626][  0]LogConfig: Setting CVar [[s.MinBulkDataSizeForAsyncLoading:131072]]
[2022.07.12-00.27.55:626][  0]LogConfig: Setting CVar [[s.AsyncLoadingThreadEnabled:0]]
[2022.07.12-00.27.55:626][  0]LogConfig: Setting CVar [[s.EventDrivenLoaderEnabled:1]]
[2022.07.12-00.27.55:626][  0]LogConfig: Setting CVar [[s.WarnIfTimeLimitExceeded:0]]
[2022.07.12-00.27.55:626][  0]LogConfig: Setting CVar [[s.TimeLimitExceededMultiplier:1.5]]
[2022.07.12-00.27.55:626][  0]LogConfig: Setting CVar [[s.TimeLimitExceededMinTime:0.005]]
[2022.07.12-00.27.55:626][  0]LogConfig: Setting CVar [[s.UseBackgroundLevelStreaming:1]]
[2022.07.12-00.27.55:626][  0]LogConfig: Setting CVar [[s.PriorityAsyncLoadingExtraTime:15.0]]
[2022.07.12-00.27.55:626][  0]LogConfig: Setting CVar [[s.LevelStreamingActorsUpdateTimeLimit:5.0]]
[2022.07.12-00.27.55:626][  0]LogConfig: Setting CVar [[s.PriorityLevelStreamingActorsUpdateExtraTime:5.0]]
[2022.07.12-00.27.55:626][  0]LogConfig: Setting CVar [[s.LevelStreamingComponentsRegistrationGranularity:10]]
[2022.07.12-00.27.55:626][  0]LogConfig: Setting CVar [[s.UnregisterComponentsTimeLimit:1.0]]
[2022.07.12-00.27.55:626][  0]LogConfig: Setting CVar [[s.LevelStreamingComponentsUnregistrationGranularity:5]]
[2022.07.12-00.27.55:626][  0]LogConfig: Setting CVar [[s.FlushStreamingOnExit:1]]
[2022.07.12-00.27.55:626][  0]LogConfig: Applying CVar settings from Section [/Script/Engine.GarbageCollectionSettings] File [D:/UE4_team/UnrealQuest3_UE4/UnrealQuest3_UE4/Saved/Config/Windows/Engine.ini]
[2022.07.12-00.27.55:626][  0]LogConfig: Setting CVar [[gc.MaxObjectsNotConsideredByGC:1]]
[2022.07.12-00.27.55:626][  0]LogConfig: Setting CVar [[gc.SizeOfPermanentObjectPool:0]]
[2022.07.12-00.27.55:626][  0]LogConfig: Setting CVar [[gc.FlushStreamingOnGC:0]]
[2022.07.12-00.27.55:626][  0]LogConfig: Setting CVar [[gc.NumRetriesBeforeForcingGC:10]]
[2022.07.12-00.27.55:626][  0]LogConfig: Setting CVar [[gc.AllowParallelGC:1]]
[2022.07.12-00.27.55:626][  0]LogConfig: Setting CVar [[gc.TimeBetweenPurgingPendingKillObjects:61.1]]
[2022.07.12-00.27.55:626][  0]LogConfig: Setting CVar [[gc.MaxObjectsInEditor:25165824]]
[2022.07.12-00.27.55:626][  0]LogConfig: Setting CVar [[gc.IncrementalBeginDestroyEnabled:1]]
[2022.07.12-00.27.55:626][  0]LogConfig: Setting CVar [[gc.CreateGCClusters:1]]
[2022.07.12-00.27.55:626][  0]LogConfig: Setting CVar [[gc.MinGCClusterSize:5]]
[2022.07.12-00.27.55:626][  0]LogConfig: Setting CVar [[gc.ActorClusteringEnabled:0]]
[2022.07.12-00.27.55:626][  0]LogConfig: Setting CVar [[gc.BlueprintClusteringEnabled:0]]
[2022.07.12-00.27.55:626][  0]LogConfig: Setting CVar [[gc.UseDisregardForGCOnDedicatedServers:0]]
[2022.07.12-00.27.55:626][  0]LogConfig: Setting CVar [[gc.MultithreadedDestructionEnabled:1]]
[2022.07.12-00.27.55:626][  0]LogConfig: Applying CVar settings from Section [/Script/Engine.NetworkSettings] File [D:/UE4_team/UnrealQuest3_UE4/UnrealQuest3_UE4/Saved/Config/Windows/Engine.ini]
[2022.07.12-00.27.55:626][  0]LogConfig: Applying CVar settings from Section [/Script/UnrealEd.CookerSettings] File [D:/UE4_team/UnrealQuest3_UE4/UnrealQuest3_UE4/Saved/Config/Windows/Engine.ini]
[2022.07.12-00.27.55:736][  0]LogConfig: Applying CVar settings from Section [ViewDistanceQuality@3] File [D:/UE4_team/UnrealQuest3_UE4/UnrealQuest3_UE4/Saved/Config/Windows/Scalability.ini]
[2022.07.12-00.27.55:736][  0]LogConfig: Setting CVar [[r.SkeletalMeshLODBias:0]]
[2022.07.12-00.27.55:736][  0]LogConfig: Setting CVar [[r.ViewDistanceScale:1.0]]
[2022.07.12-00.27.55:737][  0]LogConfig: Applying CVar settings from Section [AntiAliasingQuality@3] File [D:/UE4_team/UnrealQuest3_UE4/UnrealQuest3_UE4/Saved/Config/Windows/Scalability.ini]
[2022.07.12-00.27.55:737][  0]LogConfig: Setting CVar [[r.PostProcessAAQuality:4]]
[2022.07.12-00.27.55:737][  0]LogConfig: Applying CVar settings from Section [ShadowQuality@3] File [D:/UE4_team/UnrealQuest3_UE4/UnrealQuest3_UE4/Saved/Config/Windows/Scalability.ini]
[2022.07.12-00.27.55:737][  0]LogConfig: Setting CVar [[r.LightFunctionQuality:1]]
[2022.07.12-00.27.55:737][  0]LogConfig: Setting CVar [[r.ShadowQuality:5]]
[2022.07.12-00.27.55:737][  0]LogConfig: Setting CVar [[r.Shadow.CSM.MaxCascades:10]]
[2022.07.12-00.27.55:737][  0]LogConfig: Setting CVar [[r.Shadow.MaxResolution:2048]]
[2022.07.12-00.27.55:737][  0]LogConfig: Setting CVar [[r.Shadow.MaxCSMResolution:2048]]
[2022.07.12-00.27.55:737][  0]LogConfig: Setting CVar [[r.Shadow.RadiusThreshold:0.01]]
[2022.07.12-00.27.55:737][  0]LogConfig: Setting CVar [[r.Shadow.DistanceScale:1.0]]
[2022.07.12-00.27.55:737][  0]LogConfig: Setting CVar [[r.Shadow.CSM.TransitionScale:1.0]]
[2022.07.12-00.27.55:737][  0]LogConfig: Setting CVar [[r.Shadow.PreShadowResolutionFactor:1.0]]
[2022.07.12-00.27.55:737][  0]LogConfig: Setting CVar [[r.DistanceFieldShadowing:1]]
[2022.07.12-00.27.55:737][  0]LogConfig: Setting CVar [[r.DistanceFieldAO:1]]
[2022.07.12-00.27.55:737][  0]LogConfig: Setting CVar [[r.AOQuality:2]]
[2022.07.12-00.27.55:737][  0]LogConfig: Setting CVar [[r.VolumetricFog:1]]
[2022.07.12-00.27.55:737][  0]LogConfig: Setting CVar [[r.VolumetricFog.GridPixelSize:8]]
[2022.07.12-00.27.55:738][  0]LogConfig: Setting CVar [[r.VolumetricFog.GridSizeZ:128]]
[2022.07.12-00.27.55:738][  0]LogConfig: Setting CVar [[r.VolumetricFog.HistoryMissSupersampleCount:4]]
[2022.07.12-00.27.55:738][  0]LogConfig: Setting CVar [[r.LightMaxDrawDistanceScale:1]]
[2022.07.12-00.27.55:738][  0]LogConfig: Setting CVar [[r.CapsuleShadows:1]]
[2022.07.12-00.27.55:738][  0]LogConfig: Applying CVar settings from Section [PostProcessQuality@3] File [D:/UE4_team/UnrealQuest3_UE4/UnrealQuest3_UE4/Saved/Config/Windows/Scalability.ini]
[2022.07.12-00.27.55:738][  0]LogConfig: Setting CVar [[r.MotionBlurQuality:4]]
[2022.07.12-00.27.55:738][  0]LogConfig: Setting CVar [[r.AmbientOcclusionMipLevelFactor:0.4]]
[2022.07.12-00.27.55:738][  0]LogConfig: Setting CVar [[r.AmbientOcclusionMaxQuality:100]]
[2022.07.12-00.27.55:738][  0]LogConfig: Setting CVar [[r.AmbientOcclusionLevels:-1]]
[2022.07.12-00.27.55:738][  0]LogConfig: Setting CVar [[r.AmbientOcclusionRadiusScale:1.0]]
[2022.07.12-00.27.55:738][  0]LogConfig: Setting CVar [[r.DepthOfFieldQuality:2]]
[2022.07.12-00.27.55:738][  0]LogConfig: Setting CVar [[r.RenderTargetPoolMin:400]]
[2022.07.12-00.27.55:738][  0]LogConfig: Setting CVar [[r.LensFlareQuality:2]]
[2022.07.12-00.27.55:739][  0]LogConfig: Setting CVar [[r.SceneColorFringeQuality:1]]
[2022.07.12-00.27.55:739][  0]LogConfig: Setting CVar [[r.EyeAdaptationQuality:2]]
[2022.07.12-00.27.55:739][  0]LogConfig: Setting CVar [[r.BloomQuality:5]]
[2022.07.12-00.27.55:739][  0]LogConfig: Setting CVar [[r.FastBlurThreshold:100]]
[2022.07.12-00.27.55:739][  0]LogConfig: Setting CVar [[r.Upscale.Quality:3]]
[2022.07.12-00.27.55:739][  0]LogConfig: Setting CVar [[r.Tonemapper.GrainQuantization:1]]
[2022.07.12-00.27.55:739][  0]LogConfig: Setting CVar [[r.LightShaftQuality:1]]
[2022.07.12-00.27.55:739][  0]LogConfig: Setting CVar [[r.Filter.SizeScale:1]]
[2022.07.12-00.27.55:739][  0]LogConfig: Setting CVar [[r.Tonemapper.Quality:5]]
[2022.07.12-00.27.55:739][  0]LogConfig: Setting CVar [[r.DOF.Gather.AccumulatorQuality:1        ; higher gathering accumulator quality]]
[2022.07.12-00.27.55:739][  0]LogConfig: Setting CVar [[r.DOF.Gather.PostfilterMethod:1          ; Median3x3 postfilering method]]
[2022.07.12-00.27.55:739][  0]LogConfig: Setting CVar [[r.DOF.Gather.EnableBokehSettings:0       ; no bokeh simulation when gathering]]
[2022.07.12-00.27.55:739][  0]LogConfig: Setting CVar [[r.DOF.Gather.RingCount:4                 ; medium number of samples when gathering]]
[2022.07.12-00.27.55:739][  0]LogConfig: Setting CVar [[r.DOF.Scatter.ForegroundCompositing:1    ; additive foreground scattering]]
[2022.07.12-00.27.55:739][  0]LogConfig: Setting CVar [[r.DOF.Scatter.BackgroundCompositing:2    ; additive background scattering]]
[2022.07.12-00.27.55:739][  0]LogConfig: Setting CVar [[r.DOF.Scatter.EnableBokehSettings:1      ; bokeh simulation when scattering]]
[2022.07.12-00.27.55:739][  0]LogConfig: Setting CVar [[r.DOF.Scatter.MaxSpriteRatio:0.1         ; only a maximum of 10% of scattered bokeh]]
[2022.07.12-00.27.55:739][  0]LogConfig: Setting CVar [[r.DOF.Recombine.Quality:1                ; cheap slight out of focus]]
[2022.07.12-00.27.55:739][  0]LogConfig: Setting CVar [[r.DOF.Recombine.EnableBokehSettings:0    ; no bokeh simulation on slight out of focus]]
[2022.07.12-00.27.55:739][  0]LogConfig: Setting CVar [[r.DOF.TemporalAAQuality:1                ; more stable temporal accumulation]]
[2022.07.12-00.27.55:739][  0]LogConfig: Setting CVar [[r.DOF.Kernel.MaxForegroundRadius:0.025]]
[2022.07.12-00.27.55:739][  0]LogConfig: Setting CVar [[r.DOF.Kernel.MaxBackgroundRadius:0.025]]
[2022.07.12-00.27.55:739][  0]LogConfig: Applying CVar settings from Section [TextureQuality@3] File [D:/UE4_team/UnrealQuest3_UE4/UnrealQuest3_UE4/Saved/Config/Windows/Scalability.ini]
[2022.07.12-00.27.55:739][  0]LogConfig: Setting CVar [[r.Streaming.MipBias:0]]
[2022.07.12-00.27.55:739][  0]LogConfig: Setting CVar [[r.Streaming.AmortizeCPUToGPUCopy:0]]
[2022.07.12-00.27.55:739][  0]LogConfig: Setting CVar [[r.Streaming.MaxNumTexturesToStreamPerFrame:0]]
[2022.07.12-00.27.55:739][  0]LogConfig: Setting CVar [[r.Streaming.Boost:1]]
[2022.07.12-00.27.55:739][  0]LogConfig: Setting CVar [[r.MaxAnisotropy:8]]
[2022.07.12-00.27.55:739][  0]LogConfig: Setting CVar [[r.VT.MaxAnisotropy:8]]
[2022.07.12-00.27.55:739][  0]LogConfig: Setting CVar [[r.Streaming.LimitPoolSizeToVRAM:0]]
[2022.07.12-00.27.55:739][  0]LogConfig: Setting CVar [[r.Streaming.PoolSize:1000]]
[2022.07.12-00.27.55:739][  0]LogConfig: Setting CVar [[r.Streaming.MaxEffectiveScreenSize:0]]
[2022.07.12-00.27.55:739][  0]LogConfig: Applying CVar settings from Section [EffectsQuality@3] File [D:/UE4_team/UnrealQuest3_UE4/UnrealQuest3_UE4/Saved/Config/Windows/Scalability.ini]
[2022.07.12-00.27.55:739][  0]LogConfig: Setting CVar [[r.TranslucencyLightingVolumeDim:64]]
[2022.07.12-00.27.55:739][  0]LogConfig: Setting CVar [[r.RefractionQuality:2]]
[2022.07.12-00.27.55:739][  0]LogConfig: Setting CVar [[r.SSR.Quality:3]]
[2022.07.12-00.27.55:739][  0]LogConfig: Setting CVar [[r.SSR.HalfResSceneColor:0]]
[2022.07.12-00.27.55:739][  0]LogConfig: Setting CVar [[r.SceneColorFormat:4]]
[2022.07.12-00.27.55:739][  0]LogConfig: Setting CVar [[r.DetailMode:2]]
[2022.07.12-00.27.55:739][  0]LogConfig: Setting CVar [[r.TranslucencyVolumeBlur:1]]
[2022.07.12-00.27.55:739][  0]LogConfig: Setting CVar [[r.MaterialQualityLevel:1 ; High quality]]
[2022.07.12-00.27.55:739][  0]LogConfig: Setting CVar [[r.AnisotropicMaterials:1]]
[2022.07.12-00.27.55:739][  0]LogConfig: Setting CVar [[r.SSS.Scale:1]]
[2022.07.12-00.27.55:740][  0]LogConfig: Setting CVar [[r.SSS.SampleSet:2]]
[2022.07.12-00.27.55:740][  0]LogConfig: Setting CVar [[r.SSS.Quality:1]]
[2022.07.12-00.27.55:740][  0]LogConfig: Setting CVar [[r.SSS.HalfRes:0]]
[2022.07.12-00.27.55:740][  0]LogConfig: Setting CVar [[r.SSGI.Quality:3]]
[2022.07.12-00.27.55:740][  0]LogConfig: Setting CVar [[r.EmitterSpawnRateScale:1.0]]
[2022.07.12-00.27.55:740][  0]LogConfig: Setting CVar [[r.ParticleLightQuality:2]]
[2022.07.12-00.27.55:740][  0]LogConfig: Setting CVar [[r.SkyAtmosphere.AerialPerspectiveLUT.FastApplyOnOpaque:1 ; Always have FastSkyLUT 1 in this case to avoid wrong sky]]
[2022.07.12-00.27.55:740][  0]LogConfig: Setting CVar [[r.SkyAtmosphere.AerialPerspectiveLUT.SampleCountMaxPerSlice:4]]
[2022.07.12-00.27.55:740][  0]LogConfig: Setting CVar [[r.SkyAtmosphere.AerialPerspectiveLUT.DepthResolution:16.0]]
[2022.07.12-00.27.55:740][  0]LogConfig: Setting CVar [[r.SkyAtmosphere.FastSkyLUT:1]]
[2022.07.12-00.27.55:740][  0]LogConfig: Setting CVar [[r.SkyAtmosphere.FastSkyLUT.SampleCountMin:4.0]]
[2022.07.12-00.27.55:740][  0]LogConfig: Setting CVar [[r.SkyAtmosphere.FastSkyLUT.SampleCountMax:128.0]]
[2022.07.12-00.27.55:740][  0]LogConfig: Setting CVar [[r.SkyAtmosphere.SampleCountMin:4.0]]
[2022.07.12-00.27.55:740][  0]LogConfig: Setting CVar [[r.SkyAtmosphere.SampleCountMax:128.0]]
[2022.07.12-00.27.55:740][  0]LogConfig: Setting CVar [[r.SkyAtmosphere.TransmittanceLUT.UseSmallFormat:0]]
[2022.07.12-00.27.55:740][  0]LogConfig: Setting CVar [[r.SkyAtmosphere.TransmittanceLUT.SampleCount:10.0]]
[2022.07.12-00.27.55:740][  0]LogConfig: Setting CVar [[r.SkyAtmosphere.MultiScatteringLUT.SampleCount:15.0]]
[2022.07.12-00.27.55:740][  0]LogConfig: Setting CVar [[r.SkyLight.RealTimeReflectionCapture:1]]
[2022.07.12-00.27.55:740][  0]LogConfig: Applying CVar settings from Section [FoliageQuality@3] File [D:/UE4_team/UnrealQuest3_UE4/UnrealQuest3_UE4/Saved/Config/Windows/Scalability.ini]
[2022.07.12-00.27.55:740][  0]LogConfig: Setting CVar [[foliage.DensityScale:1.0]]
[2022.07.12-00.27.55:740][  0]LogConfig: Setting CVar [[grass.DensityScale:1.0]]
[2022.07.12-00.27.55:740][  0]LogConfig: Applying CVar settings from Section [ShadingQuality@3] File [D:/UE4_team/UnrealQuest3_UE4/UnrealQuest3_UE4/Saved/Config/Windows/Scalability.ini]
[2022.07.12-00.27.55:740][  0]LogConfig: Setting CVar [[r.HairStrands.SkyLighting.IntegrationType:2]]
[2022.07.12-00.27.55:740][  0]LogConfig: Setting CVar [[r.HairStrands.SkyAO.SampleCount:4]]
[2022.07.12-00.27.55:740][  0]LogConfig: Setting CVar [[r.HairStrands.Visibility.MSAA.SamplePerPixel:4]]
[2022.07.12-00.27.55:773][  0]LogInit: Selected Device Profile: [Windows]
[2022.07.12-00.27.55:785][  0]LogInit: Applying CVar settings loaded from the selected device profile: [Windows]
[2022.07.12-00.27.55:792][  0]LogHAL: Display: Platform has ~ 16 GB [17018298368 / 17179869184 / 16], which maps to Larger [LargestMinGB=32, LargerMinGB=12, DefaultMinGB=8, SmallerMinGB=6, SmallestMinGB=0)
[2022.07.12-00.27.55:792][  0]LogInit: Going up to parent DeviceProfile []
[2022.07.12-00.27.55:886][  0]LogConfig: Applying CVar settings from Section [ViewDistanceQuality@3] File [D:/UE4_team/UnrealQuest3_UE4/UnrealQuest3_UE4/Saved/Config/Windows/Scalability.ini]
[2022.07.12-00.27.55:886][  0]LogConfig: Setting CVar [[r.SkeletalMeshLODBias:0]]
[2022.07.12-00.27.55:886][  0]LogConfig: Setting CVar [[r.ViewDistanceScale:1.0]]
[2022.07.12-00.27.55:886][  0]LogConfig: Applying CVar settings from Section [AntiAliasingQuality@3] File [D:/UE4_team/UnrealQuest3_UE4/UnrealQuest3_UE4/Saved/Config/Windows/Scalability.ini]
[2022.07.12-00.27.55:886][  0]LogConfig: Setting CVar [[r.PostProcessAAQuality:4]]
[2022.07.12-00.27.55:886][  0]LogConfig: Applying CVar settings from Section [ShadowQuality@3] File [D:/UE4_team/UnrealQuest3_UE4/UnrealQuest3_UE4/Saved/Config/Windows/Scalability.ini]
[2022.07.12-00.27.55:886][  0]LogConfig: Setting CVar [[r.LightFunctionQuality:1]]
[2022.07.12-00.27.55:887][  0]LogConfig: Setting CVar [[r.ShadowQuality:5]]
[2022.07.12-00.27.55:887][  0]LogConfig: Setting CVar [[r.Shadow.CSM.MaxCascades:10]]
[2022.07.12-00.27.55:887][  0]LogConfig: Setting CVar [[r.Shadow.MaxResolution:2048]]
[2022.07.12-00.27.55:887][  0]LogConfig: Setting CVar [[r.Shadow.MaxCSMResolution:2048]]
[2022.07.12-00.27.55:887][  0]LogConfig: Setting CVar [[r.Shadow.RadiusThreshold:0.01]]
[2022.07.12-00.27.55:887][  0]LogConfig: Setting CVar [[r.Shadow.DistanceScale:1.0]]
[2022.07.12-00.27.55:887][  0]LogConfig: Setting CVar [[r.Shadow.CSM.TransitionScale:1.0]]
[2022.07.12-00.27.55:887][  0]LogConfig: Setting CVar [[r.Shadow.PreShadowResolutionFactor:1.0]]
[2022.07.12-00.27.55:887][  0]LogConfig: Setting CVar [[r.DistanceFieldShadowing:1]]
[2022.07.12-00.27.55:887][  0]LogConfig: Setting CVar [[r.DistanceFieldAO:1]]
[2022.07.12-00.27.55:887][  0]LogConfig: Setting CVar [[r.AOQuality:2]]
[2022.07.12-00.27.55:887][  0]LogConfig: Setting CVar [[r.VolumetricFog:1]]
[2022.07.12-00.27.55:887][  0]LogConfig: Setting CVar [[r.VolumetricFog.GridPixelSize:8]]
[2022.07.12-00.27.55:887][  0]LogConfig: Setting CVar [[r.VolumetricFog.GridSizeZ:128]]
[2022.07.12-00.27.55:887][  0]LogConfig: Setting CVar [[r.VolumetricFog.HistoryMissSupersampleCount:4]]
[2022.07.12-00.27.55:887][  0]LogConfig: Setting CVar [[r.LightMaxDrawDistanceScale:1]]
[2022.07.12-00.27.55:887][  0]LogConfig: Setting CVar [[r.CapsuleShadows:1]]
[2022.07.12-00.27.55:887][  0]LogConfig: Applying CVar settings from Section [PostProcessQuality@3] File [D:/UE4_team/UnrealQuest3_UE4/UnrealQuest3_UE4/Saved/Config/Windows/Scalability.ini]
[2022.07.12-00.27.55:887][  0]LogConfig: Setting CVar [[r.MotionBlurQuality:4]]
[2022.07.12-00.27.55:887][  0]LogConfig: Setting CVar [[r.AmbientOcclusionMipLevelFactor:0.4]]
[2022.07.12-00.27.55:887][  0]LogConfig: Setting CVar [[r.AmbientOcclusionMaxQuality:100]]
[2022.07.12-00.27.55:887][  0]LogConfig: Setting CVar [[r.AmbientOcclusionLevels:-1]]
[2022.07.12-00.27.55:887][  0]LogConfig: Setting CVar [[r.AmbientOcclusionRadiusScale:1.0]]
[2022.07.12-00.27.55:887][  0]LogConfig: Setting CVar [[r.DepthOfFieldQuality:2]]
[2022.07.12-00.27.55:887][  0]LogConfig: Setting CVar [[r.RenderTargetPoolMin:400]]
[2022.07.12-00.27.55:888][  0]LogConfig: Setting CVar [[r.LensFlareQuality:2]]
[2022.07.12-00.27.55:888][  0]LogConfig: Setting CVar [[r.SceneColorFringeQuality:1]]
[2022.07.12-00.27.55:888][  0]LogConfig: Setting CVar [[r.EyeAdaptationQuality:2]]
[2022.07.12-00.27.55:888][  0]LogConfig: Setting CVar [[r.BloomQuality:5]]
[2022.07.12-00.27.55:888][  0]LogConfig: Setting CVar [[r.FastBlurThreshold:100]]
[2022.07.12-00.27.55:888][  0]LogConfig: Setting CVar [[r.Upscale.Quality:3]]
[2022.07.12-00.27.55:888][  0]LogConfig: Setting CVar [[r.Tonemapper.GrainQuantization:1]]
[2022.07.12-00.27.55:888][  0]LogConfig: Setting CVar [[r.LightShaftQuality:1]]
[2022.07.12-00.27.55:888][  0]LogConfig: Setting CVar [[r.Filter.SizeScale:1]]
[2022.07.12-00.27.55:888][  0]LogConfig: Setting CVar [[r.Tonemapper.Quality:5]]
[2022.07.12-00.27.55:888][  0]LogConfig: Setting CVar [[r.DOF.Gather.AccumulatorQuality:1        ; higher gathering accumulator quality]]
[2022.07.12-00.27.55:888][  0]LogConfig: Setting CVar [[r.DOF.Gather.PostfilterMethod:1          ; Median3x3 postfilering method]]
[2022.07.12-00.27.55:888][  0]LogConfig: Setting CVar [[r.DOF.Gather.EnableBokehSettings:0       ; no bokeh simulation when gathering]]
[2022.07.12-00.27.55:889][  0]LogConfig: Setting CVar [[r.DOF.Gather.RingCount:4                 ; medium number of samples when gathering]]
[2022.07.12-00.27.55:889][  0]LogConfig: Setting CVar [[r.DOF.Scatter.ForegroundCompositing:1    ; additive foreground scattering]]
[2022.07.12-00.27.55:889][  0]LogConfig: Setting CVar [[r.DOF.Scatter.BackgroundCompositing:2    ; additive background scattering]]
[2022.07.12-00.27.55:889][  0]LogConfig: Setting CVar [[r.DOF.Scatter.EnableBokehSettings:1      ; bokeh simulation when scattering]]
[2022.07.12-00.27.55:889][  0]LogConfig: Setting CVar [[r.DOF.Scatter.MaxSpriteRatio:0.1         ; only a maximum of 10% of scattered bokeh]]
[2022.07.12-00.27.55:889][  0]LogConfig: Setting CVar [[r.DOF.Recombine.Quality:1                ; cheap slight out of focus]]
[2022.07.12-00.27.55:889][  0]LogConfig: Setting CVar [[r.DOF.Recombine.EnableBokehSettings:0    ; no bokeh simulation on slight out of focus]]
[2022.07.12-00.27.55:889][  0]LogConfig: Setting CVar [[r.DOF.TemporalAAQuality:1                ; more stable temporal accumulation]]
[2022.07.12-00.27.55:889][  0]LogConfig: Setting CVar [[r.DOF.Kernel.MaxForegroundRadius:0.025]]
[2022.07.12-00.27.55:889][  0]LogConfig: Setting CVar [[r.DOF.Kernel.MaxBackgroundRadius:0.025]]
[2022.07.12-00.27.55:889][  0]LogConfig: Applying CVar settings from Section [TextureQuality@3] File [D:/UE4_team/UnrealQuest3_UE4/UnrealQuest3_UE4/Saved/Config/Windows/Scalability.ini]
[2022.07.12-00.27.55:889][  0]LogConfig: Setting CVar [[r.Streaming.MipBias:0]]
[2022.07.12-00.27.55:889][  0]LogConfig: Setting CVar [[r.Streaming.AmortizeCPUToGPUCopy:0]]
[2022.07.12-00.27.55:889][  0]LogConfig: Setting CVar [[r.Streaming.MaxNumTexturesToStreamPerFrame:0]]
[2022.07.12-00.27.55:889][  0]LogConfig: Setting CVar [[r.Streaming.Boost:1]]
[2022.07.12-00.27.55:889][  0]LogConfig: Setting CVar [[r.MaxAnisotropy:8]]
[2022.07.12-00.27.55:889][  0]LogConfig: Setting CVar [[r.VT.MaxAnisotropy:8]]
[2022.07.12-00.27.55:889][  0]LogConfig: Setting CVar [[r.Streaming.LimitPoolSizeToVRAM:0]]
[2022.07.12-00.27.55:889][  0]LogConfig: Setting CVar [[r.Streaming.PoolSize:1000]]
[2022.07.12-00.27.55:890][  0]LogConfig: Setting CVar [[r.Streaming.MaxEffectiveScreenSize:0]]
[2022.07.12-00.27.55:890][  0]LogConfig: Applying CVar settings from Section [EffectsQuality@3] File [D:/UE4_team/UnrealQuest3_UE4/UnrealQuest3_UE4/Saved/Config/Windows/Scalability.ini]
[2022.07.12-00.27.55:890][  0]LogConfig: Setting CVar [[r.TranslucencyLightingVolumeDim:64]]
[2022.07.12-00.27.55:890][  0]LogConfig: Setting CVar [[r.RefractionQuality:2]]
[2022.07.12-00.27.55:890][  0]LogConfig: Setting CVar [[r.SSR.Quality:3]]
[2022.07.12-00.27.55:890][  0]LogConfig: Setting CVar [[r.SSR.HalfResSceneColor:0]]
[2022.07.12-00.27.55:890][  0]LogConfig: Setting CVar [[r.SceneColorFormat:4]]
[2022.07.12-00.27.55:890][  0]LogConfig: Setting CVar [[r.DetailMode:2]]
[2022.07.12-00.27.55:890][  0]LogConfig: Setting CVar [[r.TranslucencyVolumeBlur:1]]
[2022.07.12-00.27.55:890][  0]LogConfig: Setting CVar [[r.MaterialQualityLevel:1 ; High quality]]
[2022.07.12-00.27.55:890][  0]LogConfig: Setting CVar [[r.AnisotropicMaterials:1]]
[2022.07.12-00.27.55:890][  0]LogConfig: Setting CVar [[r.SSS.Scale:1]]
[2022.07.12-00.27.55:890][  0]LogConfig: Setting CVar [[r.SSS.SampleSet:2]]
[2022.07.12-00.27.55:890][  0]LogConfig: Setting CVar [[r.SSS.Quality:1]]
[2022.07.12-00.27.55:890][  0]LogConfig: Setting CVar [[r.SSS.HalfRes:0]]
[2022.07.12-00.27.55:890][  0]LogConfig: Setting CVar [[r.SSGI.Quality:3]]
[2022.07.12-00.27.55:891][  0]LogConfig: Setting CVar [[r.EmitterSpawnRateScale:1.0]]
[2022.07.12-00.27.55:891][  0]LogConfig: Setting CVar [[r.ParticleLightQuality:2]]
[2022.07.12-00.27.55:891][  0]LogConfig: Setting CVar [[r.SkyAtmosphere.AerialPerspectiveLUT.FastApplyOnOpaque:1 ; Always have FastSkyLUT 1 in this case to avoid wrong sky]]
[2022.07.12-00.27.55:891][  0]LogConfig: Setting CVar [[r.SkyAtmosphere.AerialPerspectiveLUT.SampleCountMaxPerSlice:4]]
[2022.07.12-00.27.55:891][  0]LogConfig: Setting CVar [[r.SkyAtmosphere.AerialPerspectiveLUT.DepthResolution:16.0]]
[2022.07.12-00.27.55:891][  0]LogConfig: Setting CVar [[r.SkyAtmosphere.FastSkyLUT:1]]
[2022.07.12-00.27.55:891][  0]LogConfig: Setting CVar [[r.SkyAtmosphere.FastSkyLUT.SampleCountMin:4.0]]
[2022.07.12-00.27.55:891][  0]LogConfig: Setting CVar [[r.SkyAtmosphere.FastSkyLUT.SampleCountMax:128.0]]
[2022.07.12-00.27.55:891][  0]LogConfig: Setting CVar [[r.SkyAtmosphere.SampleCountMin:4.0]]
[2022.07.12-00.27.55:891][  0]LogConfig: Setting CVar [[r.SkyAtmosphere.SampleCountMax:128.0]]
[2022.07.12-00.27.55:891][  0]LogConfig: Setting CVar [[r.SkyAtmosphere.TransmittanceLUT.UseSmallFormat:0]]
[2022.07.12-00.27.55:891][  0]LogConfig: Setting CVar [[r.SkyAtmosphere.TransmittanceLUT.SampleCount:10.0]]
[2022.07.12-00.27.55:891][  0]LogConfig: Setting CVar [[r.SkyAtmosphere.MultiScatteringLUT.SampleCount:15.0]]
[2022.07.12-00.27.55:891][  0]LogConfig: Setting CVar [[r.SkyLight.RealTimeReflectionCapture:1]]
[2022.07.12-00.27.55:891][  0]LogConfig: Applying CVar settings from Section [FoliageQuality@3] File [D:/UE4_team/UnrealQuest3_UE4/UnrealQuest3_UE4/Saved/Config/Windows/Scalability.ini]
[2022.07.12-00.27.55:891][  0]LogConfig: Setting CVar [[foliage.DensityScale:1.0]]
[2022.07.12-00.27.55:891][  0]LogConfig: Setting CVar [[grass.DensityScale:1.0]]
[2022.07.12-00.27.55:891][  0]LogConfig: Applying CVar settings from Section [ShadingQuality@3] File [D:/UE4_team/UnrealQuest3_UE4/UnrealQuest3_UE4/Saved/Config/Windows/Scalability.ini]
[2022.07.12-00.27.55:891][  0]LogConfig: Setting CVar [[r.HairStrands.SkyLighting.IntegrationType:2]]
[2022.07.12-00.27.55:891][  0]LogConfig: Setting CVar [[r.HairStrands.SkyAO.SampleCount:4]]
[2022.07.12-00.27.55:891][  0]LogConfig: Setting CVar [[r.HairStrands.Visibility.MSAA.SamplePerPixel:4]]
[2022.07.12-00.27.55:891][  0]LogConfig: Applying CVar settings from Section [Startup] File [../../../Engine/Config/ConsoleVariables.ini]
[2022.07.12-00.27.55:891][  0]LogConfig: Setting CVar [[net.UseAdaptiveNetUpdateFrequency:0]]
[2022.07.12-00.27.55:891][  0]LogConfig: Setting CVar [[p.chaos.AllowCreatePhysxBodies:1]]
[2022.07.12-00.27.55:891][  0]LogConfig: Setting CVar [[fx.SkipVectorVMBackendOptimizations:1]]
[2022.07.12-00.27.55:891][  0]LogConfig: Applying CVar settings from Section [ConsoleVariables] File [D:/UE4_team/UnrealQuest3_UE4/UnrealQuest3_UE4/Saved/Config/Windows/Engine.ini]
[2022.07.12-00.27.55:891][  0]LogConfig: Applying CVar settings from Section [ConsoleVariables] File [D:/UE4_team/UnrealQuest3_UE4/UnrealQuest3_UE4/Saved/Config/Windows/Editor.ini]
[2022.07.12-00.27.55:910][  0]LogInit: Computer: KBC12006094
[2022.07.12-00.27.55:910][  0]LogInit: User: kbc12006094
[2022.07.12-00.27.55:910][  0]LogInit: CPU Page size=4096, Cores=6
[2022.07.12-00.27.55:910][  0]LogInit: High frequency timer resolution =10.000000 MHz
[2022.07.12-00.27.55:910][  0]LogMemory: Memory total: Physical=15.8GB (16GB approx)
[2022.07.12-00.27.55:910][  0]LogMemory: Platform Memory Stats for Windows
[2022.07.12-00.27.55:910][  0]LogMemory: Process Physical Memory: 139.92 MB used, 139.93 MB peak
[2022.07.12-00.27.55:910][  0]LogMemory: Process Virtual Memory: 127.91 MB used, 127.91 MB peak
[2022.07.12-00.27.55:910][  0]LogMemory: Physical Memory: 8003.93 MB used,  8225.99 MB free, 16229.91 MB total
[2022.07.12-00.27.55:911][  0]LogMemory: Virtual Memory: 134208992.00 MB used,  8738.93 MB free, 134217728.00 MB total
[2022.07.12-00.27.55:997][  0]LogWindows: WindowsPlatformFeatures enabled
[2022.07.12-00.27.57:617][  0]LogInit: Physics initialised using underlying interface: PhysX
[2022.07.12-00.27.57:646][  0]LogInit: Using OS detected language (ja-JP).
[2022.07.12-00.27.57:646][  0]LogInit: Using OS detected locale (ja-JP).
[2022.07.12-00.27.58:323][  0]LogTextLocalizationManager: No specific localization for 'ja-JP' exists, so the 'ja' localization will be used.
[2022.07.12-00.27.58:987][  0]LogInit: Setting process to per monitor DPI aware
[2022.07.12-00.27.59:507][  0]LogWindowsTextInputMethodSystem: Display: IME system deactivated.
[2022.07.12-00.28.00:347][  0]LogSlate: New Slate User Created.  User Index 0, Is Virtual User: 0
[2022.07.12-00.28.00:347][  0]LogSlate: Slate User Registered.  User Index 0, Is Virtual User: 0
[2022.07.12-00.28.04:668][  0]LogD3D11RHI: Loaded GFSDK_Aftermath_Lib.x64.dll
[2022.07.12-00.28.04:705][  0]LogD3D11RHI: D3D11 min allowed feature level: 11_0
[2022.07.12-00.28.04:705][  0]LogD3D11RHI: D3D11 max allowed feature level: 11_0
[2022.07.12-00.28.04:705][  0]LogD3D11RHI: D3D11 adapters:
[2022.07.12-00.28.04:832][  0]LogD3D11RHI:    0. 'NVIDIA GeForce GTX 1650 with Max-Q Design' (Feature Level 11_0)
[2022.07.12-00.28.04:832][  0]LogD3D11RHI:       3962/0/8114 MB DedicatedVideo/DedicatedSystem/SharedSystem, Outputs:1, VendorId:0x10de
[2022.07.12-00.28.04:870][  0]LogD3D11RHI:    1. 'Intel(R) UHD Graphics 630' (Feature Level 11_0)
[2022.07.12-00.28.04:870][  0]LogD3D11RHI:       128/0/8114 MB DedicatedVideo/DedicatedSystem/SharedSystem, Outputs:0, VendorId:0x8086
[2022.07.12-00.28.04:874][  0]LogD3D11RHI:    2. 'Microsoft Basic Render Driver' (Feature Level 11_0)
[2022.07.12-00.28.04:874][  0]LogD3D11RHI:       0/0/8114 MB DedicatedVideo/DedicatedSystem/SharedSystem, Outputs:0, VendorId:0x1414
[2022.07.12-00.28.04:874][  0]LogD3D11RHI: Chosen D3D11 Adapter:
[2022.07.12-00.28.04:874][  0]LogD3D11RHI:     Description : NVIDIA GeForce GTX 1650 with Max-Q Design
[2022.07.12-00.28.04:874][  0]LogD3D11RHI:     VendorId    : 10de
[2022.07.12-00.28.04:874][  0]LogD3D11RHI:     DeviceId    : 1f91
[2022.07.12-00.28.04:874][  0]LogD3D11RHI:     SubSysId    : 127e1462
[2022.07.12-00.28.04:874][  0]LogD3D11RHI:     Revision    : 00a1
[2022.07.12-00.28.04:874][  0]LogD3D11RHI:     DedicatedVideoMemory : 4154458112 bytes
[2022.07.12-00.28.04:874][  0]LogD3D11RHI:     DedicatedSystemMemory : 0 bytes
[2022.07.12-00.28.04:874][  0]LogD3D11RHI:     SharedSystemMemory : 8509149184 bytes
[2022.07.12-00.28.04:874][  0]LogD3D11RHI:     AdapterLuid : 0 62426
[2022.07.12-00.28.05:011][  0]LogD3D11RHI: Creating new Direct3DDevice
[2022.07.12-00.28.05:011][  0]LogD3D11RHI:     GPU DeviceId: 0x1f91 (for the marketing name, search the web for "GPU Device Id")
[2022.07.12-00.28.05:011][  0]LogWindows: EnumDisplayDevices:
[2022.07.12-00.28.05:011][  0]LogWindows:    0. 'Intel(R) UHD Graphics 630' (P:1 D:1)
[2022.07.12-00.28.05:012][  0]LogWindows:    1. 'Intel(R) UHD Graphics 630' (P:0 D:0)
[2022.07.12-00.28.05:012][  0]LogWindows:    2. 'Intel(R) UHD Graphics 630' (P:0 D:0)
[2022.07.12-00.28.05:013][  0]LogWindows: DebugString: PrimaryIsNotTheChoosenAdapter PrimaryIsNotTheChoosenAdapter PrimaryIsNotTheChoosenAdapter FoundDriverCount:0 
[2022.07.12-00.28.05:013][  0]LogD3D11RHI:     Adapter Name: NVIDIA GeForce GTX 1650 with Max-Q Design
[2022.07.12-00.28.05:013][  0]LogD3D11RHI:   Driver Version: Unknown (internal:Unknown, unified:Unknown)
[2022.07.12-00.28.05:013][  0]LogD3D11RHI:      Driver Date: Unknown
[2022.07.12-00.28.05:013][  0]LogRHI: Texture pool is 2773 MB (70% of 3962 MB)
[2022.07.12-00.28.05:014][  0]LogD3D11RHI: Creating D3DDevice using adapter:
[2022.07.12-00.28.05:014][  0]LogD3D11RHI:     Description : NVIDIA GeForce GTX 1650 with Max-Q Design
[2022.07.12-00.28.05:014][  0]LogD3D11RHI:     VendorId    : 10de
[2022.07.12-00.28.05:014][  0]LogD3D11RHI:     DeviceId    : 1f91
[2022.07.12-00.28.05:014][  0]LogD3D11RHI:     SubSysId    : 127e1462
[2022.07.12-00.28.05:014][  0]LogD3D11RHI:     Revision    : 00a1
[2022.07.12-00.28.05:014][  0]LogD3D11RHI:     DedicatedVideoMemory : 4154458112 bytes
[2022.07.12-00.28.05:014][  0]LogD3D11RHI:     DedicatedSystemMemory : 0 bytes
[2022.07.12-00.28.05:014][  0]LogD3D11RHI:     SharedSystemMemory : 8509149184 bytes
[2022.07.12-00.28.05:014][  0]LogD3D11RHI:     AdapterLuid : 0 62426
[2022.07.12-00.28.05:091][  0]LogD3D11RHI: RHI has support for 64 bit atomics
[2022.07.12-00.28.05:168][  0]LogD3D11RHI: Async texture creation enabled
[2022.07.12-00.28.05:168][  0]LogD3D11RHI: Array index from any shader is supported
[2022.07.12-00.28.05:740][  0]LogD3D11RHI: GPU Timing Frequency: 1000.000000 (Debug: 2 2)
[2022.07.12-00.28.05:876][  0]LogRHI: GeForceNow SDK initialized: 1
[2022.07.12-00.28.07:027][  0]LogTargetPlatformManager: Display: Loaded TargetPlatform 'AllDesktop'
[2022.07.12-00.28.07:078][  0]LogTargetPlatformManager: Display: Loaded TargetPlatform 'Android'
[2022.07.12-00.28.07:078][  0]LogTargetPlatformManager: Display: Loaded TargetPlatform 'Android_ASTC'
[2022.07.12-00.28.07:078][  0]LogTargetPlatformManager: Display: Loaded TargetPlatform 'Android_DXT'
[2022.07.12-00.28.07:078][  0]LogTargetPlatformManager: Display: Loaded TargetPlatform 'Android_ETC2'
[2022.07.12-00.28.07:078][  0]LogTargetPlatformManager: Display: Loaded TargetPlatform 'AndroidClient'
[2022.07.12-00.28.07:078][  0]LogTargetPlatformManager: Display: Loaded TargetPlatform 'Android_ASTCClient'
[2022.07.12-00.28.07:078][  0]LogTargetPlatformManager: Display: Loaded TargetPlatform 'Android_DXTClient'
[2022.07.12-00.28.07:078][  0]LogTargetPlatformManager: Display: Loaded TargetPlatform 'Android_ETC2Client'
[2022.07.12-00.28.07:078][  0]LogTargetPlatformManager: Display: Loaded TargetPlatform 'Android_Multi'
[2022.07.12-00.28.07:078][  0]LogTargetPlatformManager: Display: Loaded TargetPlatform 'Android_MultiClient'
[2022.07.12-00.28.07:344][  0]LogTargetPlatformManager: Display: Loaded TargetPlatform 'IOSClient'
[2022.07.12-00.28.07:344][  0]LogTargetPlatformManager: Display: Loaded TargetPlatform 'IOS'
[2022.07.12-00.28.07:455][  0]LogTargetPlatformManager: Display: Loaded TargetPlatform 'Linux'
[2022.07.12-00.28.07:580][  0]LogTargetPlatformManager: Display: Loaded TargetPlatform 'LinuxNoEditor'
[2022.07.12-00.28.07:631][  0]LogTargetPlatformManager: Display: Loaded TargetPlatform 'LinuxClient'
[2022.07.12-00.28.07:642][  0]LogTargetPlatformManager: Display: Loaded TargetPlatform 'LinuxServer'
[2022.07.12-00.28.07:672][  0]LogTargetPlatformManager: Display: Loaded TargetPlatform 'LinuxAArch64NoEditor'
[2022.07.12-00.28.07:678][  0]LogTargetPlatformManager: Display: Loaded TargetPlatform 'LinuxAArch64Client'
[2022.07.12-00.28.07:685][  0]LogTargetPlatformManager: Display: Loaded TargetPlatform 'LinuxAArch64Server'
[2022.07.12-00.28.07:770][  0]LogTargetPlatformManager: Display: Loaded TargetPlatform 'Lumin'
[2022.07.12-00.28.07:770][  0]LogTargetPlatformManager: Display: Loaded TargetPlatform 'LuminClient'
[2022.07.12-00.28.08:776][  0]LogTargetPlatformManager: Display: Loaded TargetPlatform 'MacNoEditor'
[2022.07.12-00.28.08:782][  0]LogTargetPlatformManager: Display: Loaded TargetPlatform 'Mac'
[2022.07.12-00.28.09:288][  0]LogTargetPlatformManager: Display: Loaded TargetPlatform 'MacClient'
[2022.07.12-00.28.09:297][  0]LogTargetPlatformManager: Display: Loaded TargetPlatform 'MacServer'
[2022.07.12-00.28.09:364][  0]LogTargetPlatformManager: Display: Loaded TargetPlatform 'TVOSClient'
[2022.07.12-00.28.09:364][  0]LogTargetPlatformManager: Display: Loaded TargetPlatform 'TVOS'
[2022.07.12-00.28.09:656][  0]LogTargetPlatformManager: Display: Loaded TargetPlatform 'WindowsNoEditor'
[2022.07.12-00.28.09:882][  0]LogTargetPlatformManager: Display: Loaded TargetPlatform 'Windows'
[2022.07.12-00.28.09:924][  0]LogTargetPlatformManager: Display: Loaded TargetPlatform 'WindowsClient'
[2022.07.12-00.28.10:022][  0]LogTargetPlatformManager: Display: Loaded TargetPlatform 'WindowsServer'
[2022.07.12-00.28.10:022][  0]LogTargetPlatformManager: Display: Building Assets For Windows
[2022.07.12-00.28.10:405][  0]LogAudioDebug: Display: Lib vorbis DLL was dynamically loaded.
[2022.07.12-00.28.11:392][  0]LogTextureFormatOodle: Display: Oodle Texture 2.9.0 init RDO Off
[2022.07.12-00.28.12:655][  0]LogRendererCore: Ray tracing is disabled. Reason: r.RayTracing=0.
[2022.07.12-00.28.12:694][  0]LogShaderCompilers: Guid format shader working directory is -2 characters bigger than the processId version (../../../../UE4_team/UnrealQuest3_UE4/UnrealQuest3_UE4/Intermediate/Shaders/WorkingDirectory/7684/).
[2022.07.12-00.28.12:695][  0]LogShaderCompilers: Cleaned the shader compiler working directory 'C:/Users/kbc12006094/AppData/Local/Temp/UnrealShaderWorkingDir/05259ABC47E13C54175E6D83BD9774F8/'.
[2022.07.12-00.28.12:698][  0]LogXGEController: Cannot use XGE Controller as Incredibuild is not installed on this machine.
[2022.07.12-00.28.12:698][  0]LogShaderCompilers: Cannot use XGE Shader Compiler as Incredibuild is not installed on this machine.
[2022.07.12-00.28.12:698][  0]LogShaderCompilers: Display: Using Local Shader Compiler.
[2022.07.12-00.28.18:493][  0]LogDerivedDataCache: Display: Max Cache Size: 512 MB
[2022.07.12-00.28.18:619][  0]LogDerivedDataCache: Loaded boot cache 0.13s 79MB C:/Users/kbc12006094/AppData/Local/UnrealEngine/4.27/DerivedDataCache/Boot.ddc.
[2022.07.12-00.28.18:619][  0]LogDerivedDataCache: Display: Loaded Boot cache: C:/Users/kbc12006094/AppData/Local/UnrealEngine/4.27/DerivedDataCache/Boot.ddc
[2022.07.12-00.28.18:619][  0]LogDerivedDataCache: FDerivedDataBackendGraph:  Pak pak cache file ../../../../UE4_team/UnrealQuest3_UE4/UnrealQuest3_UE4/DerivedDataCache/DDC.ddp not found, will not use a pak cache.
[2022.07.12-00.28.18:619][  0]LogDerivedDataCache: Unable to find inner node Pak for hierarchical cache Hierarchy.
[2022.07.12-00.28.18:620][  0]LogDerivedDataCache: FDerivedDataBackendGraph:  CompressedPak pak cache file ../../../../UE4_team/UnrealQuest3_UE4/UnrealQuest3_UE4/DerivedDataCache/Compressed.ddp not found, will not use a pak cache.
[2022.07.12-00.28.18:620][  0]LogDerivedDataCache: Unable to find inner node CompressedPak for hierarchical cache Hierarchy.
[2022.07.12-00.28.18:812][  0]LogDerivedDataCache: Display: Pak cache opened for reading ../../../Engine/DerivedDataCache/Compressed.ddp.
[2022.07.12-00.28.18:812][  0]LogDerivedDataCache: FDerivedDataBackendGraph:  EnterprisePak pak cache file ../../../Enterprise/DerivedDataCache/Compressed.ddp not found, will not use a pak cache.
[2022.07.12-00.28.18:812][  0]LogDerivedDataCache: Unable to find inner node EnterprisePak for hierarchical cache Hierarchy.
[2022.07.12-00.28.18:829][  0]LogDerivedDataCache: Speed tests for C:/Users/kbc12006094/AppData/Local/UnrealEngine/Common/DerivedDataCache took 0.02 seconds
[2022.07.12-00.28.18:829][  0]LogDerivedDataCache: Display: Performance to C:/Users/kbc12006094/AppData/Local/UnrealEngine/Common/DerivedDataCache: Latency=0.33ms. RandomReadSpeed=148.29MBs, RandomWriteSpeed=147.31MBs. Assigned SpeedClass 'Local'
[2022.07.12-00.28.18:829][  0]LogDerivedDataCache: Using Local data cache path C:/Users/kbc12006094/AppData/Local/UnrealEngine/Common/DerivedDataCache: Writable
[2022.07.12-00.28.18:829][  0]LogDerivedDataCache: Shared data cache path not found in *engine.ini, will not use an Shared cache.
[2022.07.12-00.28.18:829][  0]LogDerivedDataCache: Unable to find inner node Shared for hierarchical cache Hierarchy.
[2022.07.12-00.28.19:378][  0]LogSlate: Using FreeType 2.10.0
[2022.07.12-00.28.19:644][  0]LogSlate: SlateFontServices - WITH_FREETYPE: 1, WITH_HARFBUZZ: 1
[2022.07.12-00.28.21:622][  0]LogAssetRegistry: FAssetRegistry took 0.1000 seconds to start up
[2022.07.12-00.28.28:456][  0]LogInit: Selected Device Profile: [Windows]
[2022.07.12-00.28.28:456][  0]LogInit: Active device profile: [000001EC9EF06100][000001EC9643A7C0 49] Windows
[2022.07.12-00.28.28:457][  0]LogInit: Profiles: [000001EC9EF06100][000001EC9643A7C0 49] Windows, [000001EC9EEBDF00][000001EC96442940 49] WindowsNoEditor, [000001EC9EF06400][000001EC96446AC0 49] WindowsServer, [000001EC9EEBFC00][000001EC9644AC40 49] WindowsClient, [000001EC9EF05D00][000001EC9644EDC0 49] IOS, [000001EC9EEBFD00][000001EC96452F40 49] iPadAir, [000001EC9EF06200][000001EC964570C0 49] iPadAir2, [000001EC9EE65A00][000001EC9645F380 49] IPadPro, [000001EC9EE65B00][000001EC9645B3C0 49] iPadAir3, [000001EC9EF06500][000001EC96463540 49] iPadAir4, [000001EC9EE67B00][000001EC9D5AB6C0 49] iPadMini2, [000001EC9EF05E00][000001EC9D5AF840 49] iPadMini3, [000001EC9EE64700][000001EC9D5B39C0 49] iPadMini4, [000001EC9EF05400][000001EC9D5B7B40 49] iPadMini5, [000001EC9EEA1300][000001EC9D5BE280 49] iPhone6, [000001EC9EEA1400][000001EC9D5BA2C0 49] iPodTouch6, [000001EC9EEBE900][000001EC9643E540 49] iPhone7, [000001EC9EEBFF00][000001EC9D5C2580 49] iPodTouch7, [000001EC9EEA3500][000001EC9D5C66C0 49] iPhone5S, [000001EC9EEBD600][000001EC9D5CA800 49] iPhone6Plus, [000001EC9EEA0500][000001EC9D5CE940 49] iPhone6S, [000001EC9EEBEA00][000001EC9D5D6AC0 49] iPhone6SPlus, [000001EC9EEA3C00][000001EC9D5DAC40 49] iPhone7Plus, [000001EC9EEBCB00][000001EC9D5DEDC0 49] iPhoneSE, [000001EC9EEA1200][000001EC9D702F40 49] iPhone8, [000001EC9EEBF200][000001EC9D7070C0 49] iPhone8Plus, [000001EC9EEA3800][000001EC9D70B240 49] iPhoneX, [000001EC9EEBD700][000001EC9D70F3C0 49] iPhoneXS, [000001EC9EEA3200][000001EC9D713540 49] iPhoneXSMax, [000001EC9EEBD200][000001EC9D7176C0 49] iPhoneXR, [000001EC9EEA2C00][000001EC9D71B840 49] iPhone11, [000001EC9EEBFB00][000001EC9D71F9C0 49] iPhone11Pro, [000001EC9EEA3D00][000001EC9D723B40 49] iPhone11ProMax, [000001EC9EEBCF00][000001EC9D726140 49] iPhoneSE2, [000001EC9EEA3100][000001EC9D72A2C0 49] iPhone12Mini, [000001EC9EEBF500][000001EC9D72E440 49] iPhone12, [000001EC9EEA3600][000001EC9D7325C0 49] iPhone12Pro, [000001EC9EEBC600][000001EC9D736740 49] iPhone12ProMax, [000001EC9EEA0D00][000001EC9D5D2880 49] iPadPro105, [000001EC9EEBD000][000001EC9D73A9C0 49] iPadPro129, [000001EC9EEA2500][000001EC9D73EB00 49] iPadPro97, [000001EC9EEBF700][000001EC9D746C80 49] iPadPro2_129, [000001EC9EEA2D00][000001EC9D74AE00 49] iPad5, [000001EC9EEBED00][000001EC9FB7CF80 49] iPad6, [000001EC9EF3DB00][000001EC9FB81100 49] iPad7, [000001EC9EE67E00][000001EC9FB85280 49] iPad8, [000001EC9EF3CE00][000001EC9FB89400 49] iPadPro11, [000001EC9EEA2600][000001EC9FB8D580 49] iPadPro2_11, [000001EC9EEBEB00][000001EC9FB91700 49] iPadPro3_129, [000001EC9EEA2A00][000001EC9FB95880 49] iPadPro4_129, [000001EC9EEBD400][000001EC9FB99A00 49] AppleTV, [000001EC9EEA2400][000001EC9FB9DB80 49] AppleTV4K, [000001EC9EEBF900][000001EC9FBA0180 49] TVOS, [000001EC9EEA1F00][000001EC9FBA4300 49] Mac, [000001EC9EEBE800][000001EC9FBA8480 49] MacClient, [000001EC9EEA2100][000001EC9FBAC600 49] MacNoEditor, [000001EC9EEBCD00][000001EC9FBB0780 49] MacServer, [000001EC9EEA0C00][000001EC9FBB4900 49] Linux, [000001EC9EEBEC00][000001EC9D742A40 49] LinuxAArch64, [000001EC9EEA1C00][000001EC9FBB8B80 49] LinuxNoEditor, [000001EC9EEBE600][000001EC9FBBCCC0 49] LinuxAArch64NoEditor, [000001EC9EEA1A00][000001EC9FBC4E40 49] LinuxClient, [000001EC9EEBCE00][000001EC9FBC8FC0 49] LinuxAArch64Client, [000001EC9EEA0400][000001EC9FBCD140 49] LinuxServer, [000001EC9EEBCC00][000001EC9FBD12C0 49] LinuxAArch64Server, [000001EC9EEA1000][000001EC9FBD5440 49] Android, [000001EC9EEBD800][000001EC9FBD95C0 49] Android_Low, [000001EC9EEA3300][000001EC9FBDD740 49] Android_Mid, [000001EC9EEBCA00][000001EC9FBE18C0 49] Android_High, [000001EC9EEA2900][000001EC9FBE5A40 49] Android_Default, [000001EC9EEBF300][000001EC9FBE9BC0 49] Android_Adreno4xx, [000001EC9EEA0700][000001EC9FBEC1C0 49] Android_Adreno5xx_Low, [000001EC9EF3D600][000001EC9FBF0340 49] Android_Adreno5xx, [000001EC9EEA3700][000001EC9FBF44C0 49] Android_Adreno6xx, [000001EC9EEBE300][000001EC9FBF8640 49] Android_Adreno6xx_Vulkan, [000001EC9EEA2B00][000001EC9FBFC7C0 49] Android_Mali_T6xx, [000001EC9EEBDA00][000001EC9FC00940 49] Android_Mali_T7xx, [000001EC9EEA0900][000001EC9FC04AC0 49] Android_Mali_T8xx, [000001EC9EEBE400][000001EC9FBC0C00 49] Android_Mali_G71, [000001EC9EEA2000][000001EC9FC08D40 49] Android_Mali_G72, [000001EC9EEBC900][000001EC9FC0CE80 49] Android_Mali_G72_Vulkan, [000001EC9EEA2F00][000001EC9FC10FC0 49] Android_Mali_G76, [000001EC9EEBE200][000001EC9FC19140 49] Android_Mali_G76_Vulkan, [000001EC9EEA2200][000001EC9FC1D2C0 49] Android_Mali_G77, [000001EC9EEBF000][000001EC9FC21440 49] Android_Mali_G77_Vulkan, [000001EC9EEA0B00][000001EC9FC255C0 49] Android_Mali_G78, [000001EC9EEBFA00][000001EC9FC29740 49] Android_Mali_G78_Vulkan, [000001EC9EEA0200][000001EC9FC2D8C0 49] Android_Mali_G710, [000001EC9EEBD500][000001EC9FC31A40 49] Android_Mali_G710_Vulkan, [000001EC9EEA1900][000001EC9FC35BC0 49] Android_Vulkan_SM5, [000001EC9EEBEF00][000001EC9FC381C0 49] Android_PowerVR_G6xxx, [000001EC9EE66400][000001EC9FC3C340 49] Android_PowerVR_GT7xxx, [000001EC9EF05C00][000001EC9FC404C0 49] Android_PowerVR_GE8xxx, [000001EC9EE65900][000001EC9FC44640 49] Android_PowerVR_GM9xxx, [000001EC9EF07E00][000001EC9FC487C0 49] Android_PowerVR_GM9xxx_Vulkan, [000001EC9EE65700][000001EC9FC4C940 49] Android_TegraK1, [000001EC9EF05600][000001EC9FC50AC0 49] Android_Unknown_Vulkan, [000001EC9EE66A00][000001EC9FC54C40 49] Lumin, [000001EC9EF07C00][000001EC9FC14D80 49] Lumin_Desktop, [000001EC9EE64200][000001EC9FC58EC0 49] HoloLens, 
[2022.07.12-00.28.32:638][  0]LogMeshReduction: Using QuadricMeshReduction for automatic static mesh reduction
[2022.07.12-00.28.32:638][  0]LogMeshReduction: Using SimplygonMeshReduction for automatic skeletal mesh reduction
[2022.07.12-00.28.32:638][  0]LogMeshReduction: Using ProxyLODMeshReduction for automatic mesh merging
[2022.07.12-00.28.32:639][  0]LogMeshReduction: No distributed automatic mesh merging module available
[2022.07.12-00.28.32:640][  0]LogMeshMerging: No distributed automatic mesh merging module available
[2022.07.12-00.28.34:042][  0]LogNetVersion: UnrealQuest3 1.0.0, NetCL: 17155196, EngineNetVer: 17, GameNetVer: 0 (Checksum: 2370289628)
[2022.07.12-00.28.52:290][  0]LogAssetRegistry: Error: Failed to open file for write ../../../../UE4_team/UnrealQuest3_UE4/UnrealQuest3_UE4/Intermediate/CachedAssetRegistry.bin.tmp
[2022.07.12-00.28.52:290][  0]LogTexture: Default maximum texture size for cubemaps generated from long-lat sources has been changed from 512 to unlimited. In order to preserve old behaiour for '/Engine/MapTemplates/Sky/DaylightAmbientCubemap.DaylightAmbientCubemap', its maximum texture size has been explicitly set to 512.
[2022.07.12-00.28.53:313][  0]LogUObjectArray: 16787 objects as part of root set at end of initial load.
[2022.07.12-00.28.53:313][  0]LogUObjectAllocator: 4192688 out of 0 bytes used by permanent object pool.
[2022.07.12-00.28.53:313][  0]LogUObjectArray: CloseDisregardForGC: 0/0 objects in disregard for GC pool
[2022.07.12-00.29.00:666][  0]LogTcpMessaging: Initializing TcpMessaging bridge
[2022.07.12-00.29.00:692][  0]LogUdpMessaging: Initializing bridge on interface 0.0.0.0:0 to multicast group 230.0.0.1:6666.
[2022.07.12-00.29.00:708][  0]LogNiagaraDebuggerClient: Niagara Debugger Client Initialized | Session: A5CE4875429936E376990B83A6E105C4 | Instance: A1E0941440C9F9F06A9B0D912D11D3D1 (KBC12006094-7684).
[2022.07.12-00.29.00:732][  0]LogPython: Using Python 3.7.7
[2022.07.12-00.29.08:380][  0]SourceControl: ソースコントロールは無効です
[2022.07.12-00.29.08:380][  0]SourceControl: ソースコントロールは無効です
[2022.07.12-00.29.09:131][  0]SourceControl: ソースコントロールは無効です
[2022.07.12-00.29.09:132][  0]SourceControl: ソースコントロールは無効です
[2022.07.12-00.29.09:134][  0]LogUProjectInfo: Found projects:
[2022.07.12-00.29.09:142][  0]SourceControl: ソースコントロールは無効です
[2022.07.12-00.29.10:639][  0]LogOpenImageDenoise: OIDN starting up
[2022.07.12-00.29.12:560][  0]LogAndroidPermission: UAndroidPermissionCallbackProxy::GetInstance
[2022.07.12-00.29.13:040][  0]LogAudioCaptureCore: Display: No Audio Capture implementations found. Audio input will be silent.
[2022.07.12-00.29.13:040][  0]LogAudioCaptureCore: Display: No Audio Capture implementations found. Audio input will be silent.
[2022.07.12-00.29.14:062][  0]LogCollectionManager: Loaded 0 collections in 0.000924 seconds
[2022.07.12-00.29.14:204][  0]LogFileCache: Scanning file cache for directory 'D:/UE4_team/UnrealQuest3_UE4/UnrealQuest3_UE4/Saved/Collections/' took 0.03s
[2022.07.12-00.29.14:204][  0]LogFileCache: Scanning file cache for directory 'D:/UE4_team/UnrealQuest3_UE4/UnrealQuest3_UE4/Content/Developers/kbc12006094/Collections/' took 0.00s
[2022.07.12-00.29.14:204][  0]LogFileCache: Scanning file cache for directory 'D:/UE4_team/UnrealQuest3_UE4/UnrealQuest3_UE4/Content/Collections/' took 0.00s
