Log file open, 07/12/22 09:27:24
LogWindows: Failed to load 'aqProf.dll' (GetLastError=126)
LogWindows: File 'aqProf.dll' does not exist
LogWindows: Failed to load 'VtuneApi.dll' (GetLastError=126)
LogWindows: File 'VtuneApi.dll' does not exist
LogWindows: Failed to load 'VtuneApi32e.dll' (GetLastError=126)
LogWindows: File 'VtuneApi32e.dll' does not exist
LogConsoleResponse: Display: Failed to find resolution value strings in scalability ini. Falling back to default.
LogConsoleResponse: Display: Failed to find resolution value strings in scalability ini. Falling back to default.
LogInit: Display: Running engine for game: UnrealQuest3
LogPlatformFile: Not using cached read wrapper
LogTaskGraph: Started task graph with 5 named threads and 35 total threads with 3 sets of task threads.
LogStats: Stats thread started at 9.484556
LogICUInternationalization: ICU TimeZone Detection - Raw Offset: +9:00, Platform Override: ''
LogInit: Display: Loading text-based GConfig....
LogPluginManager: Mounting plugin MeshPainting
LogPluginManager: Mounting plugin XGEController
LogPluginManager: Mounting plugin Paper2D
LogPluginManager: Mounting plugin EnvironmentQueryEditor
LogPluginManager: Mounting plugin AISupport
LogPluginManager: Mounting plugin LightPropagationVolume
LogPluginManager: Mounting plugin GameplayCameras
LogPluginManager: Mounting plugin CameraShakePreviewer
LogPluginManager: Mounting plugin OodleNetwork
LogPluginManager: Mounting plugin OodleData
LogPluginManager: Mounting plugin AssetManagerEditor
LogPluginManager: Mounting plugin CurveEditorTools
LogPluginManager: Mounting plugin FacialAnimation
LogPluginManager: Mounting plugin CryptoKeys
LogPluginManager: Mounting plugin DataValidation
LogPluginManager: Mounting plugin GameplayTagsEditor
LogPluginManager: Mounting plugin GeometryMode
LogPluginManager: Mounting plugin MacGraphicsSwitching
LogPluginManager: Mounting plugin DatasmithContent
LogPluginManager: Mounting plugin MobileLauncherProfileWizard
LogPluginManager: Mounting plugin MaterialAnalyzer
LogPluginManager: Mounting plugin PluginBrowser
LogPluginManager: Mounting plugin AnimationSharing
LogPluginManager: Mounting plugin Niagara
LogPluginManager: Mounting plugin CLionSourceCodeAccess
LogPluginManager: Mounting plugin VariantManagerContent
LogPluginManager: Mounting plugin SpeedTreeImporter
LogPluginManager: Mounting plugin AlembicImporter
LogPluginManager: Mounting plugin BackChannel
LogPluginManager: Mounting plugin AutomationUtils
LogPluginManager: Mounting plugin ChaosCloth
LogPluginManager: Mounting plugin ChaosClothEditor
LogPluginManager: Mounting plugin ChaosEditor
LogPluginManager: Mounting plugin ChaosNiagara
LogPluginManager: Mounting plugin ChaosSolverPlugin
LogPluginManager: Mounting plugin GitSourceControl
LogPluginManager: Mounting plugin CodeLiteSourceCodeAccess
LogPluginManager: Mounting plugin KDevelopSourceCodeAccess
LogPluginManager: Mounting plugin PerforceSourceControl
LogPluginManager: Mounting plugin NullSourceCodeAccess
LogPluginManager: Mounting plugin PlasticSourceControl
LogPluginManager: Mounting plugin PixWinPlugin
LogPluginManager: Mounting plugin CharacterAI
LogPluginManager: Mounting plugin PluginUtils
LogPluginManager: Mounting plugin PropertyAccessNode
LogPluginManager: Mounting plugin RiderSourceCodeAccess
LogPluginManager: Mounting plugin SubversionSourceControl
LogPluginManager: Mounting plugin TextureFormatOodle
LogPluginManager: Mounting plugin VisualStudioSourceCodeAccess
LogPluginManager: Mounting plugin UObjectPlugin
LogPluginManager: Mounting plugin XCodeSourceCodeAccess
LogPluginManager: Mounting plugin VisualStudioCodeSourceCodeAccess
LogPluginManager: Mounting plugin GeometryCache
LogPluginManager: Mounting plugin GeometryCollectionPlugin
LogPluginManager: Mounting plugin GeometryProcessing
LogPluginManager: Mounting plugin MotoSynth
LogPluginManager: Mounting plugin PlanarCut
LogPluginManager: Mounting plugin OpenImageDenoise
LogPluginManager: Mounting plugin ProxyLODPlugin
LogPluginManager: Mounting plugin PlatformCrypto
LogPluginManager: Mounting plugin PythonScriptPlugin
LogPluginManager: Mounting plugin SkeletalReduction
LogPluginManager: Mounting plugin AndroidMedia
LogPluginManager: Mounting plugin AvfMedia
LogPluginManager: Mounting plugin ImgMedia
LogPluginManager: Mounting plugin MediaCompositing
LogPluginManager: Mounting plugin MediaPlayerEditor
LogPluginManager: Mounting plugin WebMMedia
LogPluginManager: Mounting plugin WmfMedia
LogPluginManager: Mounting plugin TcpMessaging
LogPluginManager: Mounting plugin UdpMessaging
LogPluginManager: Mounting plugin ActorSequence
LogPluginManager: Mounting plugin LevelSequenceEditor
LogPluginManager: Mounting plugin MatineeToLevelSequence
LogPluginManager: Mounting plugin TemplateSequence
LogPluginManager: Mounting plugin OnlineSubsystem
LogPluginManager: Mounting plugin OnlineSubsystemNull
LogPluginManager: Mounting plugin OnlineSubsystemUtils
LogPluginManager: Mounting plugin ActorLayerUtilities
LogPluginManager: Mounting plugin AndroidDeviceProfileSelector
LogPluginManager: Mounting plugin AndroidPermission
LogPluginManager: Mounting plugin AppleImageUtils
LogPluginManager: Mounting plugin AndroidMoviePlayer
LogPluginManager: Mounting plugin CableComponent
LogPluginManager: Mounting plugin AssetTags
LogPluginManager: Mounting plugin ArchVisCharacter
LogPluginManager: Mounting plugin AppleMoviePlayer
LogPluginManager: Mounting plugin AudioSynesthesia
LogPluginManager: Mounting plugin AudioCapture
LogPluginManager: Mounting plugin ChunkDownloader
LogPluginManager: Mounting plugin CustomMeshComponent
LogPluginManager: Mounting plugin EditableMesh
LogPluginManager: Mounting plugin ExampleDeviceProfileSelector
LogPluginManager: Mounting plugin GooglePAD
LogPluginManager: Mounting plugin GoogleCloudMessaging
LogPluginManager: Mounting plugin IOSDeviceProfileSelector
LogPluginManager: Mounting plugin LocationServicesBPLibrary
LogPluginManager: Mounting plugin LinuxDeviceProfileSelector
LogPluginManager: Mounting plugin MobilePatchingUtils
LogPluginManager: Mounting plugin LauncherChunkInstaller
LogPluginManager: Mounting plugin PhysXVehicles
LogPluginManager: Mounting plugin ProceduralMeshComponent
LogPluginManager: Mounting plugin PropertyAccessEditor
LogPluginManager: Mounting plugin PostSplashScreen
LogPluginManager: Mounting plugin RuntimePhysXCooking
LogPluginManager: Mounting plugin SignificanceManager
LogPluginManager: Mounting plugin SoundFields
LogPluginManager: Mounting plugin Synthesis
LogPluginManager: Mounting plugin WebMMoviePlayer
LogPluginManager: Mounting plugin WindowsMoviePlayer
LogPluginManager: Mounting plugin ScreenshotTools
LogPluginManager: Mounting plugin ContentBrowserAssetDataSource
LogPluginManager: Mounting plugin ContentBrowserClassDataSource
LogPluginManager: Mounting plugin ContentBrowserFileDataSource
LogPluginManager: Mounting plugin OnlineSubsystemGooglePlay
LogPluginManager: Mounting plugin OnlineSubsystemIOS
PixWinPlugin: PIX capture plugin failed to initialize! Check that the process is launched from PIX.
LogInit: Using libcurl 7.55.1-DEV
LogInit:  - built for x86_64-pc-win32
LogInit:  - supports SSL with OpenSSL/1.1.1
LogInit:  - supports HTTP deflate (compression) using libz 1.2.8
LogInit:  - other features:
LogInit:      CURL_VERSION_SSL
LogInit:      CURL_VERSION_LIBZ
LogInit:      CURL_VERSION_IPV6
LogInit:      CURL_VERSION_ASYNCHDNS
LogInit:      CURL_VERSION_LARGEFILE
LogInit:      CURL_VERSION_IDN
LogInit:  CurlRequestOptions (configurable via config and command line):
LogInit:  - bVerifyPeer = true  - Libcurl will verify peer certificate
LogInit:  - bUseHttpProxy = false  - Libcurl will NOT use HTTP proxy
LogInit:  - bDontReuseConnections = false  - Libcurl will reuse connections
LogInit:  - MaxHostConnections = 16  - Libcurl will limit the number of connections to a host
LogInit:  - LocalHostAddr = Default
LogInit:  - BufferSize = 65536
LogOnline: OSS: Creating online subsystem instance for: NULL
LogInit: WinSock: version 1.1 (2.2), MaxSocks=32767, MaxUdp=65467
LogOnline: OSS: TryLoadSubsystemAndSetDefault: Loaded subsystem for module [NULL]
LogInit: Build: ++UE4+Release-4.27-CL-18319896
LogInit: Engine Version: 4.27.2-18319896+++UE4+Release-4.27
LogInit: Compatible Engine Version: 4.27.0-17155196+++UE4+Release-4.27
LogInit: Net CL: 17155196
LogInit: OS: Windows 10 (Release 2009) (), CPU: Intel(R) Core(TM) i7-9750H CPU @ 2.60GHz, GPU: Intel(R) UHD Graphics 630
LogInit: Compiled (64-bit): Nov 30 2021 07:12:08
LogInit: Compiled with Visual C++: 19.24.28315.00
LogInit: Build Configuration: Development
LogInit: Branch Name: ++UE4+Release-4.27
LogInit: Command Line: 
LogInit: Base Directory: D:/UE_4.27/Engine/Binaries/Win64/
LogInit: Allocator: TBB
LogInit: Installed Engine Build: 1
LogDevObjectVersion: Number of dev versions registered: 29
LogDevObjectVersion:   Dev-Blueprints (B0D832E4-1F89-4F0D-ACCF-7EB736FD4AA2): 10
LogDevObjectVersion:   Dev-Build (E1C64328-A22C-4D53-A36C-8E866417BD8C): 0
LogDevObjectVersion:   Dev-Core (375EC13C-06E4-48FB-B500-84F0262A717E): 4
LogDevObjectVersion:   Dev-Editor (E4B068ED-F494-42E9-A231-DA0B2E46BB41): 40
LogDevObjectVersion:   Dev-Framework (CFFC743F-43B0-4480-9391-14DF171D2073): 37
LogDevObjectVersion:   Dev-Mobile (B02B49B5-BB20-44E9-A304-32B752E40360): 3
LogDevObjectVersion:   Dev-Networking (A4E4105C-59A1-49B5-A7C5-40C4547EDFEE): 0
LogDevObjectVersion:   Dev-Online (39C831C9-5AE6-47DC-9A44-9C173E1C8E7C): 0
LogDevObjectVersion:   Dev-Physics (78F01B33-EBEA-4F98-B9B4-84EACCB95AA2): 14
LogDevObjectVersion:   Dev-Platform (6631380F-2D4D-43E0-8009-CF276956A95A): 0
LogDevObjectVersion:   Dev-Rendering (12F88B9F-8875-4AFC-A67C-D90C383ABD29): 45
LogDevObjectVersion:   Dev-Sequencer (7B5AE74C-D270-4C10-A958-57980B212A5A): 13
LogDevObjectVersion:   Dev-VR (D7296918-1DD6-4BDD-9DE2-64A83CC13884): 3
LogDevObjectVersion:   Dev-LoadTimes (C2A15278-BFE7-4AFE-6C17-90FF531DF755): 1
LogDevObjectVersion:   Private-Geometry (6EACA3D4-40EC-4CC1-B786-8BED09428FC5): 3
LogDevObjectVersion:   Dev-AnimPhys (29E575DD-E0A3-4627-9D10-D276232CDCEA): 17
LogDevObjectVersion:   Dev-Anim (AF43A65D-7FD3-4947-9873-3E8ED9C1BB05): 15
LogDevObjectVersion:   Dev-ReflectionCapture (6B266CEC-1EC7-4B8F-A30B-E4D90942FC07): 1
LogDevObjectVersion:   Dev-Automation (0DF73D61-A23F-47EA-B727-89E90C41499A): 1
LogDevObjectVersion:   FortniteMain (601D1886-AC64-4F84-AA16-D3DE0DEAC7D6): 47
LogDevObjectVersion:   FortniteRelease (E7086368-6B23-4C58-8439-1B7016265E91): 1
LogDevObjectVersion:   Dev-Enterprise (9DFFBCD6-494F-0158-E221-12823C92A888): 10
LogDevObjectVersion:   Dev-Niagara (F2AED0AC-9AFE-416F-8664-AA7FFA26D6FC): 1
LogDevObjectVersion:   Dev-Destruction (174F1F0B-B4C6-45A5-B13F-2EE8D0FB917D): 10
LogDevObjectVersion:   Dev-Physics-Ext (35F94A83-E258-406C-A318-09F59610247C): 41
LogDevObjectVersion:   Dev-PhysicsMaterial-Chaos (B68FC16E-8B1B-42E2-B453-215C058844FE): 1
LogDevObjectVersion:   Dev-CineCamera (B2E18506-4273-CFC2-A54E-F4BB758BBA07): 1
LogDevObjectVersion:   Dev-VirtualProduction (64F58936-FD1B-42BA-BA96-7289D5D0FA4E): 1
LogDevObjectVersion:   Dev-MediaFramework (6F0ED827-A609-4895-9C91-998D90180EA4): 2
LogInit: Presizing for max 25165824 objects, including 0 objects not considered by GC, pre-allocating 0 bytes for permanent pool.
LogConfig: Applying CVar settings from Section [/Script/Engine.StreamingSettings] File [C:/Users/kbc12006201/OneDrive/ドキュメント/UE4/UnrealQuest3_UE4/UnrealQuest3_UE4/Saved/Config/Windows/Engine.ini]
LogConfig: Setting CVar [[s.MinBulkDataSizeForAsyncLoading:131072]]
LogConfig: Setting CVar [[s.AsyncLoadingThreadEnabled:0]]
LogConfig: Setting CVar [[s.EventDrivenLoaderEnabled:1]]
LogConfig: Setting CVar [[s.WarnIfTimeLimitExceeded:0]]
LogConfig: Setting CVar [[s.TimeLimitExceededMultiplier:1.5]]
LogConfig: Setting CVar [[s.TimeLimitExceededMinTime:0.005]]
LogConfig: Setting CVar [[s.UseBackgroundLevelStreaming:1]]
LogConfig: Setting CVar [[s.PriorityAsyncLoadingExtraTime:15.0]]
LogConfig: Setting CVar [[s.LevelStreamingActorsUpdateTimeLimit:5.0]]
LogConfig: Setting CVar [[s.PriorityLevelStreamingActorsUpdateExtraTime:5.0]]
LogConfig: Setting CVar [[s.LevelStreamingComponentsRegistrationGranularity:10]]
LogConfig: Setting CVar [[s.UnregisterComponentsTimeLimit:1.0]]
LogConfig: Setting CVar [[s.LevelStreamingComponentsUnregistrationGranularity:5]]
LogConfig: Setting CVar [[s.FlushStreamingOnExit:1]]
LogInit: Object subsystem initialized
LogConfig: Setting CVar [[con.DebugEarlyDefault:1]]
LogConfig: Setting CVar [[r.setres:1280x720]]
[2022.07.12-00.27.29:819][  0]LogConfig: Setting CVar [[r.VSync:0]]
[2022.07.12-00.27.29:819][  0]LogConfig: Setting CVar [[r.RHICmdBypass:0]]
[2022.07.12-00.27.29:819][  0]LogConfig: Applying CVar settings from Section [/Script/Engine.RendererSettings] File [C:/Users/kbc12006201/OneDrive/ドキュメント/UE4/UnrealQuest3_UE4/UnrealQuest3_UE4/Saved/Config/Windows/Engine.ini]
[2022.07.12-00.27.29:819][  0]LogConfig: Setting CVar [[r.GPUCrashDebugging:0]]
[2022.07.12-00.27.29:819][  0]LogConfig: Applying CVar settings from Section [/Script/Engine.RendererOverrideSettings] File [C:/Users/kbc12006201/OneDrive/ドキュメント/UE4/UnrealQuest3_UE4/UnrealQuest3_UE4/Saved/Config/Windows/Engine.ini]
[2022.07.12-00.27.29:819][  0]LogConfig: Applying CVar settings from Section [/Script/Engine.StreamingSettings] File [C:/Users/kbc12006201/OneDrive/ドキュメント/UE4/UnrealQuest3_UE4/UnrealQuest3_UE4/Saved/Config/Windows/Engine.ini]
[2022.07.12-00.27.29:819][  0]LogConfig: Setting CVar [[s.MinBulkDataSizeForAsyncLoading:131072]]
[2022.07.12-00.27.29:819][  0]LogConfig: Setting CVar [[s.AsyncLoadingThreadEnabled:0]]
[2022.07.12-00.27.29:819][  0]LogConfig: Setting CVar [[s.EventDrivenLoaderEnabled:1]]
[2022.07.12-00.27.29:819][  0]LogConfig: Setting CVar [[s.WarnIfTimeLimitExceeded:0]]
[2022.07.12-00.27.29:819][  0]LogConfig: Setting CVar [[s.TimeLimitExceededMultiplier:1.5]]
[2022.07.12-00.27.29:819][  0]LogConfig: Setting CVar [[s.TimeLimitExceededMinTime:0.005]]
[2022.07.12-00.27.29:819][  0]LogConfig: Setting CVar [[s.UseBackgroundLevelStreaming:1]]
[2022.07.12-00.27.29:820][  0]LogConfig: Setting CVar [[s.PriorityAsyncLoadingExtraTime:15.0]]
[2022.07.12-00.27.29:820][  0]LogConfig: Setting CVar [[s.LevelStreamingActorsUpdateTimeLimit:5.0]]
[2022.07.12-00.27.29:820][  0]LogConfig: Setting CVar [[s.PriorityLevelStreamingActorsUpdateExtraTime:5.0]]
[2022.07.12-00.27.29:820][  0]LogConfig: Setting CVar [[s.LevelStreamingComponentsRegistrationGranularity:10]]
[2022.07.12-00.27.29:820][  0]LogConfig: Setting CVar [[s.UnregisterComponentsTimeLimit:1.0]]
[2022.07.12-00.27.29:820][  0]LogConfig: Setting CVar [[s.LevelStreamingComponentsUnregistrationGranularity:5]]
[2022.07.12-00.27.29:820][  0]LogConfig: Setting CVar [[s.FlushStreamingOnExit:1]]
[2022.07.12-00.27.29:820][  0]LogConfig: Applying CVar settings from Section [/Script/Engine.GarbageCollectionSettings] File [C:/Users/kbc12006201/OneDrive/ドキュメント/UE4/UnrealQuest3_UE4/UnrealQuest3_UE4/Saved/Config/Windows/Engine.ini]
[2022.07.12-00.27.29:820][  0]LogConfig: Setting CVar [[gc.MaxObjectsNotConsideredByGC:1]]
[2022.07.12-00.27.29:820][  0]LogConfig: Setting CVar [[gc.SizeOfPermanentObjectPool:0]]
[2022.07.12-00.27.29:820][  0]LogConfig: Setting CVar [[gc.FlushStreamingOnGC:0]]
[2022.07.12-00.27.29:820][  0]LogConfig: Setting CVar [[gc.NumRetriesBeforeForcingGC:10]]
[2022.07.12-00.27.29:820][  0]LogConfig: Setting CVar [[gc.AllowParallelGC:1]]
[2022.07.12-00.27.29:820][  0]LogConfig: Setting CVar [[gc.TimeBetweenPurgingPendingKillObjects:61.1]]
[2022.07.12-00.27.29:820][  0]LogConfig: Setting CVar [[gc.MaxObjectsInEditor:25165824]]
[2022.07.12-00.27.29:820][  0]LogConfig: Setting CVar [[gc.IncrementalBeginDestroyEnabled:1]]
[2022.07.12-00.27.29:820][  0]LogConfig: Setting CVar [[gc.CreateGCClusters:1]]
[2022.07.12-00.27.29:820][  0]LogConfig: Setting CVar [[gc.MinGCClusterSize:5]]
[2022.07.12-00.27.29:820][  0]LogConfig: Setting CVar [[gc.ActorClusteringEnabled:0]]
[2022.07.12-00.27.29:820][  0]LogConfig: Setting CVar [[gc.BlueprintClusteringEnabled:0]]
[2022.07.12-00.27.29:820][  0]LogConfig: Setting CVar [[gc.UseDisregardForGCOnDedicatedServers:0]]
[2022.07.12-00.27.29:820][  0]LogConfig: Setting CVar [[gc.MultithreadedDestructionEnabled:1]]
[2022.07.12-00.27.29:820][  0]LogConfig: Applying CVar settings from Section [/Script/Engine.NetworkSettings] File [C:/Users/kbc12006201/OneDrive/ドキュメント/UE4/UnrealQuest3_UE4/UnrealQuest3_UE4/Saved/Config/Windows/Engine.ini]
[2022.07.12-00.27.29:820][  0]LogConfig: Applying CVar settings from Section [/Script/UnrealEd.CookerSettings] File [C:/Users/kbc12006201/OneDrive/ドキュメント/UE4/UnrealQuest3_UE4/UnrealQuest3_UE4/Saved/Config/Windows/Engine.ini]
[2022.07.12-00.27.29:899][  0]LogConfig: Applying CVar settings from Section [ViewDistanceQuality@3] File [C:/Users/kbc12006201/OneDrive/ドキュメント/UE4/UnrealQuest3_UE4/UnrealQuest3_UE4/Saved/Config/Windows/Scalability.ini]
[2022.07.12-00.27.29:899][  0]LogConfig: Setting CVar [[r.SkeletalMeshLODBias:0]]
[2022.07.12-00.27.29:899][  0]LogConfig: Setting CVar [[r.ViewDistanceScale:1.0]]
[2022.07.12-00.27.29:899][  0]LogConfig: Applying CVar settings from Section [AntiAliasingQuality@3] File [C:/Users/kbc12006201/OneDrive/ドキュメント/UE4/UnrealQuest3_UE4/UnrealQuest3_UE4/Saved/Config/Windows/Scalability.ini]
[2022.07.12-00.27.29:899][  0]LogConfig: Setting CVar [[r.PostProcessAAQuality:4]]
[2022.07.12-00.27.29:899][  0]LogConfig: Applying CVar settings from Section [ShadowQuality@3] File [C:/Users/kbc12006201/OneDrive/ドキュメント/UE4/UnrealQuest3_UE4/UnrealQuest3_UE4/Saved/Config/Windows/Scalability.ini]
[2022.07.12-00.27.29:899][  0]LogConfig: Setting CVar [[r.LightFunctionQuality:1]]
[2022.07.12-00.27.29:899][  0]LogConfig: Setting CVar [[r.ShadowQuality:5]]
[2022.07.12-00.27.29:899][  0]LogConfig: Setting CVar [[r.Shadow.CSM.MaxCascades:10]]
[2022.07.12-00.27.29:899][  0]LogConfig: Setting CVar [[r.Shadow.MaxResolution:2048]]
[2022.07.12-00.27.29:899][  0]LogConfig: Setting CVar [[r.Shadow.MaxCSMResolution:2048]]
[2022.07.12-00.27.29:899][  0]LogConfig: Setting CVar [[r.Shadow.RadiusThreshold:0.01]]
[2022.07.12-00.27.29:899][  0]LogConfig: Setting CVar [[r.Shadow.DistanceScale:1.0]]
[2022.07.12-00.27.29:899][  0]LogConfig: Setting CVar [[r.Shadow.CSM.TransitionScale:1.0]]
[2022.07.12-00.27.29:899][  0]LogConfig: Setting CVar [[r.Shadow.PreShadowResolutionFactor:1.0]]
[2022.07.12-00.27.29:899][  0]LogConfig: Setting CVar [[r.DistanceFieldShadowing:1]]
[2022.07.12-00.27.29:899][  0]LogConfig: Setting CVar [[r.DistanceFieldAO:1]]
[2022.07.12-00.27.29:899][  0]LogConfig: Setting CVar [[r.AOQuality:2]]
[2022.07.12-00.27.29:899][  0]LogConfig: Setting CVar [[r.VolumetricFog:1]]
[2022.07.12-00.27.29:899][  0]LogConfig: Setting CVar [[r.VolumetricFog.GridPixelSize:8]]
[2022.07.12-00.27.29:899][  0]LogConfig: Setting CVar [[r.VolumetricFog.GridSizeZ:128]]
[2022.07.12-00.27.29:899][  0]LogConfig: Setting CVar [[r.VolumetricFog.HistoryMissSupersampleCount:4]]
[2022.07.12-00.27.29:899][  0]LogConfig: Setting CVar [[r.LightMaxDrawDistanceScale:1]]
[2022.07.12-00.27.29:899][  0]LogConfig: Setting CVar [[r.CapsuleShadows:1]]
[2022.07.12-00.27.29:899][  0]LogConfig: Applying CVar settings from Section [PostProcessQuality@3] File [C:/Users/kbc12006201/OneDrive/ドキュメント/UE4/UnrealQuest3_UE4/UnrealQuest3_UE4/Saved/Config/Windows/Scalability.ini]
[2022.07.12-00.27.29:899][  0]LogConfig: Setting CVar [[r.MotionBlurQuality:4]]
[2022.07.12-00.27.29:899][  0]LogConfig: Setting CVar [[r.AmbientOcclusionMipLevelFactor:0.4]]
[2022.07.12-00.27.29:899][  0]LogConfig: Setting CVar [[r.AmbientOcclusionMaxQuality:100]]
[2022.07.12-00.27.29:899][  0]LogConfig: Setting CVar [[r.AmbientOcclusionLevels:-1]]
[2022.07.12-00.27.29:899][  0]LogConfig: Setting CVar [[r.AmbientOcclusionRadiusScale:1.0]]
[2022.07.12-00.27.29:899][  0]LogConfig: Setting CVar [[r.DepthOfFieldQuality:2]]
[2022.07.12-00.27.29:899][  0]LogConfig: Setting CVar [[r.RenderTargetPoolMin:400]]
[2022.07.12-00.27.29:899][  0]LogConfig: Setting CVar [[r.LensFlareQuality:2]]
[2022.07.12-00.27.29:899][  0]LogConfig: Setting CVar [[r.SceneColorFringeQuality:1]]
[2022.07.12-00.27.29:899][  0]LogConfig: Setting CVar [[r.EyeAdaptationQuality:2]]
[2022.07.12-00.27.29:899][  0]LogConfig: Setting CVar [[r.BloomQuality:5]]
[2022.07.12-00.27.29:900][  0]LogConfig: Setting CVar [[r.FastBlurThreshold:100]]
[2022.07.12-00.27.29:900][  0]LogConfig: Setting CVar [[r.Upscale.Quality:3]]
[2022.07.12-00.27.29:900][  0]LogConfig: Setting CVar [[r.Tonemapper.GrainQuantization:1]]
[2022.07.12-00.27.29:900][  0]LogConfig: Setting CVar [[r.LightShaftQuality:1]]
[2022.07.12-00.27.29:900][  0]LogConfig: Setting CVar [[r.Filter.SizeScale:1]]
[2022.07.12-00.27.29:900][  0]LogConfig: Setting CVar [[r.Tonemapper.Quality:5]]
[2022.07.12-00.27.29:900][  0]LogConfig: Setting CVar [[r.DOF.Gather.AccumulatorQuality:1        ; higher gathering accumulator quality]]
[2022.07.12-00.27.29:900][  0]LogConfig: Setting CVar [[r.DOF.Gather.PostfilterMethod:1          ; Median3x3 postfilering method]]
[2022.07.12-00.27.29:900][  0]LogConfig: Setting CVar [[r.DOF.Gather.EnableBokehSettings:0       ; no bokeh simulation when gathering]]
[2022.07.12-00.27.29:900][  0]LogConfig: Setting CVar [[r.DOF.Gather.RingCount:4                 ; medium number of samples when gathering]]
[2022.07.12-00.27.29:900][  0]LogConfig: Setting CVar [[r.DOF.Scatter.ForegroundCompositing:1    ; additive foreground scattering]]
[2022.07.12-00.27.29:900][  0]LogConfig: Setting CVar [[r.DOF.Scatter.BackgroundCompositing:2    ; additive background scattering]]
[2022.07.12-00.27.29:900][  0]LogConfig: Setting CVar [[r.DOF.Scatter.EnableBokehSettings:1      ; bokeh simulation when scattering]]
[2022.07.12-00.27.29:900][  0]LogConfig: Setting CVar [[r.DOF.Scatter.MaxSpriteRatio:0.1         ; only a maximum of 10% of scattered bokeh]]
[2022.07.12-00.27.29:900][  0]LogConfig: Setting CVar [[r.DOF.Recombine.Quality:1                ; cheap slight out of focus]]
[2022.07.12-00.27.29:900][  0]LogConfig: Setting CVar [[r.DOF.Recombine.EnableBokehSettings:0    ; no bokeh simulation on slight out of focus]]
[2022.07.12-00.27.29:900][  0]LogConfig: Setting CVar [[r.DOF.TemporalAAQuality:1                ; more stable temporal accumulation]]
[2022.07.12-00.27.29:900][  0]LogConfig: Setting CVar [[r.DOF.Kernel.MaxForegroundRadius:0.025]]
[2022.07.12-00.27.29:900][  0]LogConfig: Setting CVar [[r.DOF.Kernel.MaxBackgroundRadius:0.025]]
[2022.07.12-00.27.29:900][  0]LogConfig: Applying CVar settings from Section [TextureQuality@3] File [C:/Users/kbc12006201/OneDrive/ドキュメント/UE4/UnrealQuest3_UE4/UnrealQuest3_UE4/Saved/Config/Windows/Scalability.ini]
[2022.07.12-00.27.29:900][  0]LogConfig: Setting CVar [[r.Streaming.MipBias:0]]
[2022.07.12-00.27.29:900][  0]LogConfig: Setting CVar [[r.Streaming.AmortizeCPUToGPUCopy:0]]
[2022.07.12-00.27.29:900][  0]LogConfig: Setting CVar [[r.Streaming.MaxNumTexturesToStreamPerFrame:0]]
[2022.07.12-00.27.29:900][  0]LogConfig: Setting CVar [[r.Streaming.Boost:1]]
[2022.07.12-00.27.29:900][  0]LogConfig: Setting CVar [[r.MaxAnisotropy:8]]
[2022.07.12-00.27.29:900][  0]LogConfig: Setting CVar [[r.VT.MaxAnisotropy:8]]
[2022.07.12-00.27.29:900][  0]LogConfig: Setting CVar [[r.Streaming.LimitPoolSizeToVRAM:0]]
[2022.07.12-00.27.29:900][  0]LogConfig: Setting CVar [[r.Streaming.PoolSize:1000]]
[2022.07.12-00.27.29:900][  0]LogConfig: Setting CVar [[r.Streaming.MaxEffectiveScreenSize:0]]
[2022.07.12-00.27.29:900][  0]LogConfig: Applying CVar settings from Section [EffectsQuality@3] File [C:/Users/kbc12006201/OneDrive/ドキュメント/UE4/UnrealQuest3_UE4/UnrealQuest3_UE4/Saved/Config/Windows/Scalability.ini]
[2022.07.12-00.27.29:900][  0]LogConfig: Setting CVar [[r.TranslucencyLightingVolumeDim:64]]
[2022.07.12-00.27.29:900][  0]LogConfig: Setting CVar [[r.RefractionQuality:2]]
[2022.07.12-00.27.29:900][  0]LogConfig: Setting CVar [[r.SSR.Quality:3]]
[2022.07.12-00.27.29:900][  0]LogConfig: Setting CVar [[r.SSR.HalfResSceneColor:0]]
[2022.07.12-00.27.29:900][  0]LogConfig: Setting CVar [[r.SceneColorFormat:4]]
[2022.07.12-00.27.29:900][  0]LogConfig: Setting CVar [[r.DetailMode:2]]
[2022.07.12-00.27.29:900][  0]LogConfig: Setting CVar [[r.TranslucencyVolumeBlur:1]]
[2022.07.12-00.27.29:900][  0]LogConfig: Setting CVar [[r.MaterialQualityLevel:1 ; High quality]]
[2022.07.12-00.27.29:900][  0]LogConfig: Setting CVar [[r.AnisotropicMaterials:1]]
[2022.07.12-00.27.29:900][  0]LogConfig: Setting CVar [[r.SSS.Scale:1]]
[2022.07.12-00.27.29:900][  0]LogConfig: Setting CVar [[r.SSS.SampleSet:2]]
[2022.07.12-00.27.29:900][  0]LogConfig: Setting CVar [[r.SSS.Quality:1]]
[2022.07.12-00.27.29:900][  0]LogConfig: Setting CVar [[r.SSS.HalfRes:0]]
[2022.07.12-00.27.29:900][  0]LogConfig: Setting CVar [[r.SSGI.Quality:3]]
[2022.07.12-00.27.29:900][  0]LogConfig: Setting CVar [[r.EmitterSpawnRateScale:1.0]]
[2022.07.12-00.27.29:900][  0]LogConfig: Setting CVar [[r.ParticleLightQuality:2]]
[2022.07.12-00.27.29:900][  0]LogConfig: Setting CVar [[r.SkyAtmosphere.AerialPerspectiveLUT.FastApplyOnOpaque:1 ; Always have FastSkyLUT 1 in this case to avoid wrong sky]]
[2022.07.12-00.27.29:900][  0]LogConfig: Setting CVar [[r.SkyAtmosphere.AerialPerspectiveLUT.SampleCountMaxPerSlice:4]]
[2022.07.12-00.27.29:900][  0]LogConfig: Setting CVar [[r.SkyAtmosphere.AerialPerspectiveLUT.DepthResolution:16.0]]
[2022.07.12-00.27.29:900][  0]LogConfig: Setting CVar [[r.SkyAtmosphere.FastSkyLUT:1]]
[2022.07.12-00.27.29:900][  0]LogConfig: Setting CVar [[r.SkyAtmosphere.FastSkyLUT.SampleCountMin:4.0]]
[2022.07.12-00.27.29:900][  0]LogConfig: Setting CVar [[r.SkyAtmosphere.FastSkyLUT.SampleCountMax:128.0]]
[2022.07.12-00.27.29:900][  0]LogConfig: Setting CVar [[r.SkyAtmosphere.SampleCountMin:4.0]]
[2022.07.12-00.27.29:900][  0]LogConfig: Setting CVar [[r.SkyAtmosphere.SampleCountMax:128.0]]
[2022.07.12-00.27.29:900][  0]LogConfig: Setting CVar [[r.SkyAtmosphere.TransmittanceLUT.UseSmallFormat:0]]
[2022.07.12-00.27.29:900][  0]LogConfig: Setting CVar [[r.SkyAtmosphere.TransmittanceLUT.SampleCount:10.0]]
[2022.07.12-00.27.29:900][  0]LogConfig: Setting CVar [[r.SkyAtmosphere.MultiScatteringLUT.SampleCount:15.0]]
[2022.07.12-00.27.29:900][  0]LogConfig: Setting CVar [[r.SkyLight.RealTimeReflectionCapture:1]]
[2022.07.12-00.27.29:900][  0]LogConfig: Applying CVar settings from Section [FoliageQuality@3] File [C:/Users/kbc12006201/OneDrive/ドキュメント/UE4/UnrealQuest3_UE4/UnrealQuest3_UE4/Saved/Config/Windows/Scalability.ini]
[2022.07.12-00.27.29:900][  0]LogConfig: Setting CVar [[foliage.DensityScale:1.0]]
[2022.07.12-00.27.29:900][  0]LogConfig: Setting CVar [[grass.DensityScale:1.0]]
[2022.07.12-00.27.29:900][  0]LogConfig: Applying CVar settings from Section [ShadingQuality@3] File [C:/Users/kbc12006201/OneDrive/ドキュメント/UE4/UnrealQuest3_UE4/UnrealQuest3_UE4/Saved/Config/Windows/Scalability.ini]
[2022.07.12-00.27.29:900][  0]LogConfig: Setting CVar [[r.HairStrands.SkyLighting.IntegrationType:2]]
[2022.07.12-00.27.29:900][  0]LogConfig: Setting CVar [[r.HairStrands.SkyAO.SampleCount:4]]
[2022.07.12-00.27.29:900][  0]LogConfig: Setting CVar [[r.HairStrands.Visibility.MSAA.SamplePerPixel:4]]
[2022.07.12-00.27.29:919][  0]LogInit: Selected Device Profile: [Windows]
[2022.07.12-00.27.29:929][  0]LogInit: Applying CVar settings loaded from the selected device profile: [Windows]
[2022.07.12-00.27.29:940][  0]LogHAL: Display: Platform has ~ 16 GB [17018302464 / 17179869184 / 16], which maps to Larger [LargestMinGB=32, LargerMinGB=12, DefaultMinGB=8, SmallerMinGB=6, SmallestMinGB=0)
[2022.07.12-00.27.29:941][  0]LogInit: Going up to parent DeviceProfile []
[2022.07.12-00.27.29:944][  0]LogConfig: Applying CVar settings from Section [ViewDistanceQuality@3] File [C:/Users/kbc12006201/OneDrive/ドキュメント/UE4/UnrealQuest3_UE4/UnrealQuest3_UE4/Saved/Config/Windows/Scalability.ini]
[2022.07.12-00.27.29:945][  0]LogConfig: Setting CVar [[r.SkeletalMeshLODBias:0]]
[2022.07.12-00.27.29:945][  0]LogConfig: Setting CVar [[r.ViewDistanceScale:1.0]]
[2022.07.12-00.27.29:945][  0]LogConfig: Applying CVar settings from Section [AntiAliasingQuality@3] File [C:/Users/kbc12006201/OneDrive/ドキュメント/UE4/UnrealQuest3_UE4/UnrealQuest3_UE4/Saved/Config/Windows/Scalability.ini]
[2022.07.12-00.27.29:945][  0]LogConfig: Setting CVar [[r.PostProcessAAQuality:4]]
[2022.07.12-00.27.29:945][  0]LogConfig: Applying CVar settings from Section [ShadowQuality@3] File [C:/Users/kbc12006201/OneDrive/ドキュメント/UE4/UnrealQuest3_UE4/UnrealQuest3_UE4/Saved/Config/Windows/Scalability.ini]
[2022.07.12-00.27.29:945][  0]LogConfig: Setting CVar [[r.LightFunctionQuality:1]]
[2022.07.12-00.27.29:945][  0]LogConfig: Setting CVar [[r.ShadowQuality:5]]
[2022.07.12-00.27.29:945][  0]LogConfig: Setting CVar [[r.Shadow.CSM.MaxCascades:10]]
[2022.07.12-00.27.29:945][  0]LogConfig: Setting CVar [[r.Shadow.MaxResolution:2048]]
[2022.07.12-00.27.29:945][  0]LogConfig: Setting CVar [[r.Shadow.MaxCSMResolution:2048]]
[2022.07.12-00.27.29:945][  0]LogConfig: Setting CVar [[r.Shadow.RadiusThreshold:0.01]]
[2022.07.12-00.27.29:945][  0]LogConfig: Setting CVar [[r.Shadow.DistanceScale:1.0]]
[2022.07.12-00.27.29:945][  0]LogConfig: Setting CVar [[r.Shadow.CSM.TransitionScale:1.0]]
[2022.07.12-00.27.29:945][  0]LogConfig: Setting CVar [[r.Shadow.PreShadowResolutionFactor:1.0]]
[2022.07.12-00.27.29:945][  0]LogConfig: Setting CVar [[r.DistanceFieldShadowing:1]]
[2022.07.12-00.27.29:945][  0]LogConfig: Setting CVar [[r.DistanceFieldAO:1]]
[2022.07.12-00.27.29:945][  0]LogConfig: Setting CVar [[r.AOQuality:2]]
[2022.07.12-00.27.29:945][  0]LogConfig: Setting CVar [[r.VolumetricFog:1]]
[2022.07.12-00.27.29:945][  0]LogConfig: Setting CVar [[r.VolumetricFog.GridPixelSize:8]]
[2022.07.12-00.27.29:945][  0]LogConfig: Setting CVar [[r.VolumetricFog.GridSizeZ:128]]
[2022.07.12-00.27.29:945][  0]LogConfig: Setting CVar [[r.VolumetricFog.HistoryMissSupersampleCount:4]]
[2022.07.12-00.27.29:945][  0]LogConfig: Setting CVar [[r.LightMaxDrawDistanceScale:1]]
[2022.07.12-00.27.29:945][  0]LogConfig: Setting CVar [[r.CapsuleShadows:1]]
[2022.07.12-00.27.29:945][  0]LogConfig: Applying CVar settings from Section [PostProcessQuality@3] File [C:/Users/kbc12006201/OneDrive/ドキュメント/UE4/UnrealQuest3_UE4/UnrealQuest3_UE4/Saved/Config/Windows/Scalability.ini]
[2022.07.12-00.27.29:945][  0]LogConfig: Setting CVar [[r.MotionBlurQuality:4]]
[2022.07.12-00.27.29:945][  0]LogConfig: Setting CVar [[r.AmbientOcclusionMipLevelFactor:0.4]]
[2022.07.12-00.27.29:945][  0]LogConfig: Setting CVar [[r.AmbientOcclusionMaxQuality:100]]
[2022.07.12-00.27.29:945][  0]LogConfig: Setting CVar [[r.AmbientOcclusionLevels:-1]]
[2022.07.12-00.27.29:945][  0]LogConfig: Setting CVar [[r.AmbientOcclusionRadiusScale:1.0]]
[2022.07.12-00.27.29:945][  0]LogConfig: Setting CVar [[r.DepthOfFieldQuality:2]]
[2022.07.12-00.27.29:945][  0]LogConfig: Setting CVar [[r.RenderTargetPoolMin:400]]
[2022.07.12-00.27.29:945][  0]LogConfig: Setting CVar [[r.LensFlareQuality:2]]
[2022.07.12-00.27.29:945][  0]LogConfig: Setting CVar [[r.SceneColorFringeQuality:1]]
[2022.07.12-00.27.29:945][  0]LogConfig: Setting CVar [[r.EyeAdaptationQuality:2]]
[2022.07.12-00.27.29:945][  0]LogConfig: Setting CVar [[r.BloomQuality:5]]
[2022.07.12-00.27.29:945][  0]LogConfig: Setting CVar [[r.FastBlurThreshold:100]]
[2022.07.12-00.27.29:945][  0]LogConfig: Setting CVar [[r.Upscale.Quality:3]]
[2022.07.12-00.27.29:945][  0]LogConfig: Setting CVar [[r.Tonemapper.GrainQuantization:1]]
[2022.07.12-00.27.29:945][  0]LogConfig: Setting CVar [[r.LightShaftQuality:1]]
[2022.07.12-00.27.29:945][  0]LogConfig: Setting CVar [[r.Filter.SizeScale:1]]
[2022.07.12-00.27.29:945][  0]LogConfig: Setting CVar [[r.Tonemapper.Quality:5]]
[2022.07.12-00.27.29:945][  0]LogConfig: Setting CVar [[r.DOF.Gather.AccumulatorQuality:1        ; higher gathering accumulator quality]]
[2022.07.12-00.27.29:945][  0]LogConfig: Setting CVar [[r.DOF.Gather.PostfilterMethod:1          ; Median3x3 postfilering method]]
[2022.07.12-00.27.29:945][  0]LogConfig: Setting CVar [[r.DOF.Gather.EnableBokehSettings:0       ; no bokeh simulation when gathering]]
[2022.07.12-00.27.29:945][  0]LogConfig: Setting CVar [[r.DOF.Gather.RingCount:4                 ; medium number of samples when gathering]]
[2022.07.12-00.27.29:945][  0]LogConfig: Setting CVar [[r.DOF.Scatter.ForegroundCompositing:1    ; additive foreground scattering]]
[2022.07.12-00.27.29:945][  0]LogConfig: Setting CVar [[r.DOF.Scatter.BackgroundCompositing:2    ; additive background scattering]]
[2022.07.12-00.27.29:945][  0]LogConfig: Setting CVar [[r.DOF.Scatter.EnableBokehSettings:1      ; bokeh simulation when scattering]]
[2022.07.12-00.27.29:945][  0]LogConfig: Setting CVar [[r.DOF.Scatter.MaxSpriteRatio:0.1         ; only a maximum of 10% of scattered bokeh]]
[2022.07.12-00.27.29:945][  0]LogConfig: Setting CVar [[r.DOF.Recombine.Quality:1                ; cheap slight out of focus]]
[2022.07.12-00.27.29:945][  0]LogConfig: Setting CVar [[r.DOF.Recombine.EnableBokehSettings:0    ; no bokeh simulation on slight out of focus]]
[2022.07.12-00.27.29:945][  0]LogConfig: Setting CVar [[r.DOF.TemporalAAQuality:1                ; more stable temporal accumulation]]
[2022.07.12-00.27.29:945][  0]LogConfig: Setting CVar [[r.DOF.Kernel.MaxForegroundRadius:0.025]]
[2022.07.12-00.27.29:945][  0]LogConfig: Setting CVar [[r.DOF.Kernel.MaxBackgroundRadius:0.025]]
[2022.07.12-00.27.29:945][  0]LogConfig: Applying CVar settings from Section [TextureQuality@3] File [C:/Users/kbc12006201/OneDrive/ドキュメント/UE4/UnrealQuest3_UE4/UnrealQuest3_UE4/Saved/Config/Windows/Scalability.ini]
[2022.07.12-00.27.29:945][  0]LogConfig: Setting CVar [[r.Streaming.MipBias:0]]
[2022.07.12-00.27.29:945][  0]LogConfig: Setting CVar [[r.Streaming.AmortizeCPUToGPUCopy:0]]
[2022.07.12-00.27.29:945][  0]LogConfig: Setting CVar [[r.Streaming.MaxNumTexturesToStreamPerFrame:0]]
[2022.07.12-00.27.29:945][  0]LogConfig: Setting CVar [[r.Streaming.Boost:1]]
[2022.07.12-00.27.29:945][  0]LogConfig: Setting CVar [[r.MaxAnisotropy:8]]
[2022.07.12-00.27.29:945][  0]LogConfig: Setting CVar [[r.VT.MaxAnisotropy:8]]
[2022.07.12-00.27.29:945][  0]LogConfig: Setting CVar [[r.Streaming.LimitPoolSizeToVRAM:0]]
[2022.07.12-00.27.29:945][  0]LogConfig: Setting CVar [[r.Streaming.PoolSize:1000]]
[2022.07.12-00.27.29:945][  0]LogConfig: Setting CVar [[r.Streaming.MaxEffectiveScreenSize:0]]
[2022.07.12-00.27.29:945][  0]LogConfig: Applying CVar settings from Section [EffectsQuality@3] File [C:/Users/kbc12006201/OneDrive/ドキュメント/UE4/UnrealQuest3_UE4/UnrealQuest3_UE4/Saved/Config/Windows/Scalability.ini]
[2022.07.12-00.27.29:945][  0]LogConfig: Setting CVar [[r.TranslucencyLightingVolumeDim:64]]
[2022.07.12-00.27.29:945][  0]LogConfig: Setting CVar [[r.RefractionQuality:2]]
[2022.07.12-00.27.29:945][  0]LogConfig: Setting CVar [[r.SSR.Quality:3]]
[2022.07.12-00.27.29:945][  0]LogConfig: Setting CVar [[r.SSR.HalfResSceneColor:0]]
[2022.07.12-00.27.29:945][  0]LogConfig: Setting CVar [[r.SceneColorFormat:4]]
[2022.07.12-00.27.29:945][  0]LogConfig: Setting CVar [[r.DetailMode:2]]
[2022.07.12-00.27.29:945][  0]LogConfig: Setting CVar [[r.TranslucencyVolumeBlur:1]]
[2022.07.12-00.27.29:945][  0]LogConfig: Setting CVar [[r.MaterialQualityLevel:1 ; High quality]]
[2022.07.12-00.27.29:945][  0]LogConfig: Setting CVar [[r.AnisotropicMaterials:1]]
[2022.07.12-00.27.29:945][  0]LogConfig: Setting CVar [[r.SSS.Scale:1]]
[2022.07.12-00.27.29:945][  0]LogConfig: Setting CVar [[r.SSS.SampleSet:2]]
[2022.07.12-00.27.29:945][  0]LogConfig: Setting CVar [[r.SSS.Quality:1]]
[2022.07.12-00.27.29:945][  0]LogConfig: Setting CVar [[r.SSS.HalfRes:0]]
[2022.07.12-00.27.29:945][  0]LogConfig: Setting CVar [[r.SSGI.Quality:3]]
[2022.07.12-00.27.29:945][  0]LogConfig: Setting CVar [[r.EmitterSpawnRateScale:1.0]]
[2022.07.12-00.27.29:945][  0]LogConfig: Setting CVar [[r.ParticleLightQuality:2]]
[2022.07.12-00.27.29:945][  0]LogConfig: Setting CVar [[r.SkyAtmosphere.AerialPerspectiveLUT.FastApplyOnOpaque:1 ; Always have FastSkyLUT 1 in this case to avoid wrong sky]]
[2022.07.12-00.27.29:945][  0]LogConfig: Setting CVar [[r.SkyAtmosphere.AerialPerspectiveLUT.SampleCountMaxPerSlice:4]]
[2022.07.12-00.27.29:945][  0]LogConfig: Setting CVar [[r.SkyAtmosphere.AerialPerspectiveLUT.DepthResolution:16.0]]
[2022.07.12-00.27.29:945][  0]LogConfig: Setting CVar [[r.SkyAtmosphere.FastSkyLUT:1]]
[2022.07.12-00.27.29:945][  0]LogConfig: Setting CVar [[r.SkyAtmosphere.FastSkyLUT.SampleCountMin:4.0]]
[2022.07.12-00.27.29:945][  0]LogConfig: Setting CVar [[r.SkyAtmosphere.FastSkyLUT.SampleCountMax:128.0]]
[2022.07.12-00.27.29:946][  0]LogConfig: Setting CVar [[r.SkyAtmosphere.SampleCountMin:4.0]]
[2022.07.12-00.27.29:946][  0]LogConfig: Setting CVar [[r.SkyAtmosphere.SampleCountMax:128.0]]
[2022.07.12-00.27.29:946][  0]LogConfig: Setting CVar [[r.SkyAtmosphere.TransmittanceLUT.UseSmallFormat:0]]
[2022.07.12-00.27.29:946][  0]LogConfig: Setting CVar [[r.SkyAtmosphere.TransmittanceLUT.SampleCount:10.0]]
[2022.07.12-00.27.29:946][  0]LogConfig: Setting CVar [[r.SkyAtmosphere.MultiScatteringLUT.SampleCount:15.0]]
[2022.07.12-00.27.29:946][  0]LogConfig: Setting CVar [[r.SkyLight.RealTimeReflectionCapture:1]]
[2022.07.12-00.27.29:946][  0]LogConfig: Applying CVar settings from Section [FoliageQuality@3] File [C:/Users/kbc12006201/OneDrive/ドキュメント/UE4/UnrealQuest3_UE4/UnrealQuest3_UE4/Saved/Config/Windows/Scalability.ini]
[2022.07.12-00.27.29:946][  0]LogConfig: Setting CVar [[foliage.DensityScale:1.0]]
[2022.07.12-00.27.29:946][  0]LogConfig: Setting CVar [[grass.DensityScale:1.0]]
[2022.07.12-00.27.29:946][  0]LogConfig: Applying CVar settings from Section [ShadingQuality@3] File [C:/Users/kbc12006201/OneDrive/ドキュメント/UE4/UnrealQuest3_UE4/UnrealQuest3_UE4/Saved/Config/Windows/Scalability.ini]
[2022.07.12-00.27.29:946][  0]LogConfig: Setting CVar [[r.HairStrands.SkyLighting.IntegrationType:2]]
[2022.07.12-00.27.29:946][  0]LogConfig: Setting CVar [[r.HairStrands.SkyAO.SampleCount:4]]
[2022.07.12-00.27.29:946][  0]LogConfig: Setting CVar [[r.HairStrands.Visibility.MSAA.SamplePerPixel:4]]
[2022.07.12-00.27.29:946][  0]LogConfig: Applying CVar settings from Section [Startup] File [../../../Engine/Config/ConsoleVariables.ini]
[2022.07.12-00.27.29:946][  0]LogConfig: Setting CVar [[net.UseAdaptiveNetUpdateFrequency:0]]
[2022.07.12-00.27.29:946][  0]LogConfig: Setting CVar [[p.chaos.AllowCreatePhysxBodies:1]]
[2022.07.12-00.27.29:946][  0]LogConfig: Setting CVar [[fx.SkipVectorVMBackendOptimizations:1]]
[2022.07.12-00.27.29:946][  0]LogConfig: Applying CVar settings from Section [ConsoleVariables] File [C:/Users/kbc12006201/OneDrive/ドキュメント/UE4/UnrealQuest3_UE4/UnrealQuest3_UE4/Saved/Config/Windows/Engine.ini]
[2022.07.12-00.27.29:946][  0]LogConfig: Applying CVar settings from Section [ConsoleVariables] File [C:/Users/kbc12006201/OneDrive/ドキュメント/UE4/UnrealQuest3_UE4/UnrealQuest3_UE4/Saved/Config/Windows/Editor.ini]
[2022.07.12-00.27.29:980][  0]LogInit: Computer: KBC12006201
[2022.07.12-00.27.29:980][  0]LogInit: User: kbc12006201
[2022.07.12-00.27.29:980][  0]LogInit: CPU Page size=4096, Cores=6
[2022.07.12-00.27.29:980][  0]LogInit: High frequency timer resolution =10.000000 MHz
[2022.07.12-00.27.29:990][  0]LogMemory: Memory total: Physical=15.8GB (16GB approx)
[2022.07.12-00.27.29:994][  0]LogMemory: Platform Memory Stats for Windows
[2022.07.12-00.27.29:994][  0]LogMemory: Process Physical Memory: 141.69 MB used, 141.70 MB peak
[2022.07.12-00.27.29:994][  0]LogMemory: Process Virtual Memory: 128.19 MB used, 128.19 MB peak
[2022.07.12-00.27.29:995][  0]LogMemory: Physical Memory: 10238.07 MB used,  5991.85 MB free, 16229.92 MB total
[2022.07.12-00.27.29:995][  0]LogMemory: Virtual Memory: 134201440.00 MB used,  16286.07 MB free, 134217728.00 MB total
[2022.07.12-00.27.30:092][  0]LogWindows: WindowsPlatformFeatures enabled
[2022.07.12-00.27.31:162][  0]LogInit: Physics initialised using underlying interface: PhysX
[2022.07.12-00.27.31:228][  0]LogInit: Using OS detected language (ja-JP).
[2022.07.12-00.27.31:228][  0]LogInit: Using OS detected locale (ja-JP).
[2022.07.12-00.27.31:927][  0]LogTextLocalizationManager: No specific localization for 'ja-JP' exists, so the 'ja' localization will be used.
[2022.07.12-00.27.32:544][  0]LogWindowsTextInputMethodSystem: Display: IME system deactivated.
[2022.07.12-00.27.33:288][  0]LogSlate: New Slate User Created.  User Index 0, Is Virtual User: 0
[2022.07.12-00.27.33:289][  0]LogSlate: Slate User Registered.  User Index 0, Is Virtual User: 0
[2022.07.12-00.27.36:982][  0]LogD3D11RHI: Loaded GFSDK_Aftermath_Lib.x64.dll
[2022.07.12-00.27.37:015][  0]LogD3D11RHI: D3D11 min allowed feature level: 11_0
[2022.07.12-00.27.37:015][  0]LogD3D11RHI: D3D11 max allowed feature level: 11_0
[2022.07.12-00.27.37:016][  0]LogD3D11RHI: D3D11 adapters:
[2022.07.12-00.27.37:137][  0]LogD3D11RHI:    0. 'NVIDIA GeForce GTX 1650 with Max-Q Design' (Feature Level 11_0)
[2022.07.12-00.27.37:137][  0]LogD3D11RHI:       3962/0/8114 MB DedicatedVideo/DedicatedSystem/SharedSystem, Outputs:1, VendorId:0x10de
[2022.07.12-00.27.37:175][  0]LogD3D11RHI:    1. 'Intel(R) UHD Graphics 630' (Feature Level 11_0)
[2022.07.12-00.27.37:175][  0]LogD3D11RHI:       128/0/8114 MB DedicatedVideo/DedicatedSystem/SharedSystem, Outputs:0, VendorId:0x8086
[2022.07.12-00.27.37:177][  0]LogD3D11RHI:    2. 'Microsoft Basic Render Driver' (Feature Level 11_0)
[2022.07.12-00.27.37:177][  0]LogD3D11RHI:       0/0/8114 MB DedicatedVideo/DedicatedSystem/SharedSystem, Outputs:0, VendorId:0x1414
[2022.07.12-00.27.37:177][  0]LogD3D11RHI: Chosen D3D11 Adapter:
[2022.07.12-00.27.37:178][  0]LogD3D11RHI:     Description : NVIDIA GeForce GTX 1650 with Max-Q Design
[2022.07.12-00.27.37:178][  0]LogD3D11RHI:     VendorId    : 10de
[2022.07.12-00.27.37:178][  0]LogD3D11RHI:     DeviceId    : 1f91
[2022.07.12-00.27.37:178][  0]LogD3D11RHI:     SubSysId    : 127e1462
[2022.07.12-00.27.37:178][  0]LogD3D11RHI:     Revision    : 00a1
[2022.07.12-00.27.37:178][  0]LogD3D11RHI:     DedicatedVideoMemory : 4154458112 bytes
[2022.07.12-00.27.37:178][  0]LogD3D11RHI:     DedicatedSystemMemory : 0 bytes
[2022.07.12-00.27.37:178][  0]LogD3D11RHI:     SharedSystemMemory : 8509151232 bytes
[2022.07.12-00.27.37:178][  0]LogD3D11RHI:     AdapterLuid : 0 68103
[2022.07.12-00.27.37:205][  0]LogD3D11RHI: Creating new Direct3DDevice
[2022.07.12-00.27.37:205][  0]LogD3D11RHI:     GPU DeviceId: 0x1f91 (for the marketing name, search the web for "GPU Device Id")
[2022.07.12-00.27.37:205][  0]LogWindows: EnumDisplayDevices:
[2022.07.12-00.27.37:205][  0]LogWindows:    0. 'Intel(R) UHD Graphics 630' (P:1 D:1)
[2022.07.12-00.27.37:205][  0]LogWindows:    1. 'Intel(R) UHD Graphics 630' (P:0 D:0)
[2022.07.12-00.27.37:206][  0]LogWindows:    2. 'Intel(R) UHD Graphics 630' (P:0 D:0)
[2022.07.12-00.27.37:206][  0]LogWindows: DebugString: PrimaryIsNotTheChoosenAdapter PrimaryIsNotTheChoosenAdapter PrimaryIsNotTheChoosenAdapter FoundDriverCount:0 
[2022.07.12-00.27.37:206][  0]LogD3D11RHI:     Adapter Name: NVIDIA GeForce GTX 1650 with Max-Q Design
[2022.07.12-00.27.37:206][  0]LogD3D11RHI:   Driver Version: Unknown (internal:Unknown, unified:Unknown)
[2022.07.12-00.27.37:206][  0]LogD3D11RHI:      Driver Date: Unknown
[2022.07.12-00.27.37:206][  0]LogRHI: Texture pool is 2773 MB (70% of 3962 MB)
[2022.07.12-00.27.37:207][  0]LogD3D11RHI: Creating D3DDevice using adapter:
[2022.07.12-00.27.37:207][  0]LogD3D11RHI:     Description : NVIDIA GeForce GTX 1650 with Max-Q Design
[2022.07.12-00.27.37:207][  0]LogD3D11RHI:     VendorId    : 10de
[2022.07.12-00.27.37:207][  0]LogD3D11RHI:     DeviceId    : 1f91
[2022.07.12-00.27.37:207][  0]LogD3D11RHI:     SubSysId    : 127e1462
[2022.07.12-00.27.37:207][  0]LogD3D11RHI:     Revision    : 00a1
[2022.07.12-00.27.37:207][  0]LogD3D11RHI:     DedicatedVideoMemory : 4154458112 bytes
[2022.07.12-00.27.37:207][  0]LogD3D11RHI:     DedicatedSystemMemory : 0 bytes
[2022.07.12-00.27.37:207][  0]LogD3D11RHI:     SharedSystemMemory : 8509151232 bytes
[2022.07.12-00.27.37:207][  0]LogD3D11RHI:     AdapterLuid : 0 68103
[2022.07.12-00.27.37:313][  0]LogD3D11RHI: RHI has support for 64 bit atomics
[2022.07.12-00.27.37:315][  0]LogD3D11RHI: Async texture creation enabled
[2022.07.12-00.27.37:316][  0]LogD3D11RHI: Array index from any shader is supported
[2022.07.12-00.27.38:233][  0]LogD3D11RHI: GPU Timing Frequency: 1000.000000 (Debug: 2 1)
[2022.07.12-00.27.38:731][  0]LogRHI: GeForceNow SDK initialized: 1
[2022.07.12-00.27.39:377][  0]LogTargetPlatformManager: Display: Loaded TargetPlatform 'AllDesktop'
[2022.07.12-00.27.39:423][  0]LogTargetPlatformManager: Display: Loaded TargetPlatform 'Android'
[2022.07.12-00.27.39:423][  0]LogTargetPlatformManager: Display: Loaded TargetPlatform 'Android_ASTC'
[2022.07.12-00.27.39:423][  0]LogTargetPlatformManager: Display: Loaded TargetPlatform 'Android_DXT'
[2022.07.12-00.27.39:423][  0]LogTargetPlatformManager: Display: Loaded TargetPlatform 'Android_ETC2'
[2022.07.12-00.27.39:423][  0]LogTargetPlatformManager: Display: Loaded TargetPlatform 'AndroidClient'
[2022.07.12-00.27.39:423][  0]LogTargetPlatformManager: Display: Loaded TargetPlatform 'Android_ASTCClient'
[2022.07.12-00.27.39:423][  0]LogTargetPlatformManager: Display: Loaded TargetPlatform 'Android_DXTClient'
[2022.07.12-00.27.39:423][  0]LogTargetPlatformManager: Display: Loaded TargetPlatform 'Android_ETC2Client'
[2022.07.12-00.27.39:423][  0]LogTargetPlatformManager: Display: Loaded TargetPlatform 'Android_Multi'
[2022.07.12-00.27.39:423][  0]LogTargetPlatformManager: Display: Loaded TargetPlatform 'Android_MultiClient'
[2022.07.12-00.27.39:549][  0]LogTargetPlatformManager: Display: Loaded TargetPlatform 'IOSClient'
[2022.07.12-00.27.39:550][  0]LogTargetPlatformManager: Display: Loaded TargetPlatform 'IOS'
[2022.07.12-00.27.39:614][  0]LogTargetPlatformManager: Display: Loaded TargetPlatform 'Linux'
[2022.07.12-00.27.39:681][  0]LogTargetPlatformManager: Display: Loaded TargetPlatform 'LinuxNoEditor'
[2022.07.12-00.27.39:688][  0]LogTargetPlatformManager: Display: Loaded TargetPlatform 'LinuxClient'
[2022.07.12-00.27.39:773][  0]LogTargetPlatformManager: Display: Loaded TargetPlatform 'LinuxServer'
[2022.07.12-00.27.39:790][  0]LogTargetPlatformManager: Display: Loaded TargetPlatform 'LinuxAArch64NoEditor'
[2022.07.12-00.27.39:843][  0]LogTargetPlatformManager: Display: Loaded TargetPlatform 'LinuxAArch64Client'
[2022.07.12-00.27.39:849][  0]LogTargetPlatformManager: Display: Loaded TargetPlatform 'LinuxAArch64Server'
[2022.07.12-00.27.39:923][  0]LogTargetPlatformManager: Display: Loaded TargetPlatform 'Lumin'
[2022.07.12-00.27.39:923][  0]LogTargetPlatformManager: Display: Loaded TargetPlatform 'LuminClient'
[2022.07.12-00.27.39:990][  0]LogTargetPlatformManager: Display: Loaded TargetPlatform 'MacNoEditor'
[2022.07.12-00.27.40:015][  0]LogTargetPlatformManager: Display: Loaded TargetPlatform 'Mac'
[2022.07.12-00.27.40:027][  0]LogTargetPlatformManager: Display: Loaded TargetPlatform 'MacClient'
[2022.07.12-00.27.40:046][  0]LogTargetPlatformManager: Display: Loaded TargetPlatform 'MacServer'
[2022.07.12-00.27.40:057][  0]LogTargetPlatformManager: Display: Loaded TargetPlatform 'TVOSClient'
[2022.07.12-00.27.40:057][  0]LogTargetPlatformManager: Display: Loaded TargetPlatform 'TVOS'
[2022.07.12-00.27.40:119][  0]LogTargetPlatformManager: Display: Loaded TargetPlatform 'WindowsNoEditor'
[2022.07.12-00.27.40:180][  0]LogTargetPlatformManager: Display: Loaded TargetPlatform 'Windows'
[2022.07.12-00.27.40:206][  0]LogTargetPlatformManager: Display: Loaded TargetPlatform 'WindowsClient'
[2022.07.12-00.27.40:251][  0]LogTargetPlatformManager: Display: Loaded TargetPlatform 'WindowsServer'
[2022.07.12-00.27.40:251][  0]LogTargetPlatformManager: Display: Building Assets For Windows
[2022.07.12-00.27.40:432][  0]LogAudioDebug: Display: Lib vorbis DLL was dynamically loaded.
[2022.07.12-00.27.40:797][  0]LogTextureFormatOodle: Display: Oodle Texture 2.9.0 init RDO Off
[2022.07.12-00.27.41:961][  0]LogRendererCore: Ray tracing is disabled. Reason: r.RayTracing=0.
[2022.07.12-00.27.42:100][  0]LogShaderCompilers: Guid format shader working directory is -23 characters bigger than the processId version (C:/Users/kbc12006201/OneDrive/ドキュメント/UE4/UnrealQuest3_UE4/UnrealQuest3_UE4/Intermediate/Shaders/WorkingDirectory/22416/).
[2022.07.12-00.27.42:101][  0]LogShaderCompilers: Cleaned the shader compiler working directory 'C:/Users/kbc12006201/AppData/Local/Temp/UnrealShaderWorkingDir/C149CF634F58C81B6087BEB82E05B0BC/'.
[2022.07.12-00.27.42:141][  0]LogXGEController: Cannot use XGE Controller as Incredibuild is not installed on this machine.
[2022.07.12-00.27.42:142][  0]LogShaderCompilers: Cannot use XGE Shader Compiler as Incredibuild is not installed on this machine.
[2022.07.12-00.27.42:164][  0]LogShaderCompilers: Display: Using Local Shader Compiler.
[2022.07.12-00.27.47:909][  0]LogDerivedDataCache: Display: Max Cache Size: 512 MB
[2022.07.12-00.27.47:997][  0]LogDerivedDataCache: Loaded boot cache 0.09s 81MB C:/Users/kbc12006201/AppData/Local/UnrealEngine/4.27/DerivedDataCache/Boot.ddc.
[2022.07.12-00.27.47:997][  0]LogDerivedDataCache: Display: Loaded Boot cache: C:/Users/kbc12006201/AppData/Local/UnrealEngine/4.27/DerivedDataCache/Boot.ddc
[2022.07.12-00.27.47:997][  0]LogDerivedDataCache: FDerivedDataBackendGraph:  Pak pak cache file C:/Users/kbc12006201/OneDrive/ドキュメント/UE4/UnrealQuest3_UE4/UnrealQuest3_UE4/DerivedDataCache/DDC.ddp not found, will not use a pak cache.
[2022.07.12-00.27.47:997][  0]LogDerivedDataCache: Unable to find inner node Pak for hierarchical cache Hierarchy.
[2022.07.12-00.27.47:998][  0]LogDerivedDataCache: FDerivedDataBackendGraph:  CompressedPak pak cache file C:/Users/kbc12006201/OneDrive/ドキュメント/UE4/UnrealQuest3_UE4/UnrealQuest3_UE4/DerivedDataCache/Compressed.ddp not found, will not use a pak cache.
[2022.07.12-00.27.47:998][  0]LogDerivedDataCache: Unable to find inner node CompressedPak for hierarchical cache Hierarchy.
[2022.07.12-00.27.48:082][  0]LogDerivedDataCache: Display: Pak cache opened for reading ../../../Engine/DerivedDataCache/Compressed.ddp.
[2022.07.12-00.27.48:082][  0]LogDerivedDataCache: FDerivedDataBackendGraph:  EnterprisePak pak cache file ../../../Enterprise/DerivedDataCache/Compressed.ddp not found, will not use a pak cache.
[2022.07.12-00.27.48:082][  0]LogDerivedDataCache: Unable to find inner node EnterprisePak for hierarchical cache Hierarchy.
[2022.07.12-00.27.48:096][  0]LogDerivedDataCache: Speed tests for C:/Users/kbc12006201/AppData/Local/UnrealEngine/Common/DerivedDataCache took 0.01 seconds
[2022.07.12-00.27.48:096][  0]LogDerivedDataCache: Display: Performance to C:/Users/kbc12006201/AppData/Local/UnrealEngine/Common/DerivedDataCache: Latency=0.29ms. RandomReadSpeed=153.64MBs, RandomWriteSpeed=210.21MBs. Assigned SpeedClass 'Local'
[2022.07.12-00.27.48:097][  0]LogDerivedDataCache: Using Local data cache path C:/Users/kbc12006201/AppData/Local/UnrealEngine/Common/DerivedDataCache: Writable
[2022.07.12-00.27.48:097][  0]LogDerivedDataCache: Shared data cache path not found in *engine.ini, will not use an Shared cache.
[2022.07.12-00.27.48:097][  0]LogDerivedDataCache: Unable to find inner node Shared for hierarchical cache Hierarchy.
[2022.07.12-00.27.48:362][  0]LogSlate: Using FreeType 2.10.0
[2022.07.12-00.27.48:486][  0]LogSlate: SlateFontServices - WITH_FREETYPE: 1, WITH_HARFBUZZ: 1
[2022.07.12-00.27.49:843][  0]LogAssetRegistry: FAssetRegistry took 0.0088 seconds to start up
[2022.07.12-00.28.02:030][  0]LogInit: Selected Device Profile: [Windows]
[2022.07.12-00.28.02:030][  0]LogInit: Active device profile: [000001F2544D2800][000001F24A1CD740 49] Windows
[2022.07.12-00.28.02:030][  0]LogInit: Profiles: [000001F2544D2800][000001F24A1CD740 49] Windows, [000001F254485A00][000001F24586F8C0 49] WindowsNoEditor, [000001F2544D1A00][000001F245873A40 49] WindowsServer, [000001F254485400][000001F245877BC0 49] WindowsClient, [000001F2544D2000][000001F24587A1C0 49] IOS, [000001F254487C00][000001F24587E340 49] iPadAir, [000001F2544D3E00][000001F2458824C0 49] iPadAir2, [000001F254426A00][000001F24A1D0740 49] IPadPro, [000001F254426B00][000001F245886780 49] iPadAir3, [000001F2544D0100][000001F24588A8C0 49] iPadAir4, [000001F254427400][000001F24588EA00 49] iPadMini2, [000001F2544D3000][000001F245892B40 49] iPadMini3, [000001F254425A00][000001F24BAAECC0 49] iPadMini4, [000001F2544D1700][000001F24BAB2E40 49] iPadMini5, [000001F25446E300][000001F24BABB100 49] iPhone6, [000001F25446E400][000001F24BAB7140 49] iPodTouch6, [000001F254425500][000001F24BAC3400 49] iPhone7, [000001F254425400][000001F24BABF440 49] iPodTouch7, [000001F25446EC00][000001F24BAC75C0 49] iPhone5S, [000001F254424B00][000001F24BACB740 49] iPhone6Plus, [000001F25446DC00][000001F24BACF8C0 49] iPhone6S, [000001F254427100][000001F24BAD3A40 49] iPhone6SPlus, [000001F25446E100][000001F24BAD7BC0 49] iPhone7Plus, [000001F254426500][000001F24BADA1C0 49] iPhoneSE, [000001F25446D800][000001F24BADE340 49] iPhone8, [000001F254425100][000001F2529004C0 49] iPhone8Plus, [000001F25446EB00][000001F252904640 49] iPhoneX, [000001F254426400][000001F2529087C0 49] iPhoneXS, [000001F25446C400][000001F25290C940 49] iPhoneXSMax, [000001F254425F00][000001F245896A80 49] iPhoneXR, [000001F25446F000][000001F252910BC0 49] iPhone11, [000001F254424A00][000001F252914D00 49] iPhone11Pro, [000001F25446D000][000001F25291CE80 49] iPhone11ProMax, [000001F254426900][000001F252921000 49] iPhoneSE2, [000001F25446F600][000001F252925180 49] iPhone12Mini, [000001F254424200][000001F252929300 49] iPhone12, [000001F25446CD00][000001F25292D480 49] iPhone12Pro, [000001F254427F00][000001F252931600 49] iPhone12ProMax, [000001F25446E900][000001F252935780 49] iPadPro105, [000001F254426200][000001F2484A7900 49] iPadPro129, [000001F25446D900][000001F2484ABA80 49] iPadPro97, [000001F254426700][000001F2484AFC00 49] iPadPro2_129, [000001F25446C900][000001F2484B2200 49] iPad5, [000001F254426300][000001F2484B6380 49] iPad6, [000001F25446EA00][000001F2484BA500 49] iPad7, [000001F254504E00][000001F2484BE680 49] iPad8, [000001F254487400][000001F2484C2800 49] iPadPro11, [000001F254504800][000001F2484C6980 49] iPadPro2_11, [000001F254485200][000001F2484CAB00 49] iPadPro3_129, [000001F254504400][000001F252918C40 49] iPadPro4_129, [000001F254487500][000001F2484CED80 49] AppleTV, [000001F254505700][000001F2484D2EC0 49] AppleTV4K, [000001F254484700][000001F2484DB040 49] TVOS, [000001F254505900][000001F2484DF1C0 49] Mac, [000001F254484600][000001F249F9F340 49] MacClient, [000001F254505100][000001F249FA34C0 49] MacNoEditor, [000001F254484800][000001F249FA7640 49] MacServer, [000001F25446E700][000001F249FAB7C0 49] Linux, [000001F254426000][000001F249FAF940 49] LinuxAArch64, [000001F25446F700][000001F249FB3AC0 49] LinuxNoEditor, [000001F254425300][000001F249FB60C0 49] LinuxAArch64NoEditor, [000001F25446D700][000001F249FBA240 49] LinuxClient, [000001F254424400][000001F249FBE3C0 49] LinuxAArch64Client, [000001F25446E500][000001F249FC2540 49] LinuxServer, [000001F254425600][000001F249FC66C0 49] LinuxAArch64Server, [000001F25446FD00][000001F249FCA840 49] Android, [000001F254425000][000001F249FCE9C0 49] Android_Low, [000001F25446D100][000001F249FD2B40 49] Android_Mid, [000001F254424D00][000001F249FD6CC0 49] Android_High, [000001F25446C600][000001F2484D6E00 49] Android_Default, [000001F254427200][000001F24A166F40 49] Android_Adreno4xx, [000001F25446CC00][000001F24A16B080 49] Android_Adreno5xx_Low, [000001F254425700][000001F24A16F1C0 49] Android_Adreno5xx, [000001F25446F200][000001F24A177340 49] Android_Adreno6xx, [000001F254427500][000001F24A17B4C0 49] Android_Adreno6xx_Vulkan, [000001F25446DD00][000001F24A17F640 49] Android_Mali_T6xx, [000001F254424E00][000001F24A1837C0 49] Android_Mali_T7xx, [000001F25446D500][000001F24A187940 49] Android_Mali_T8xx, [000001F254426E00][000001F24A18BAC0 49] Android_Mali_G71, [000001F25446DB00][000001F24A18E0C0 49] Android_Mali_G72, [000001F254424500][000001F24A192240 49] Android_Mali_G72_Vulkan, [000001F25446CA00][000001F24A1963C0 49] Android_Mali_G76, [000001F254425900][000001F24A19A540 49] Android_Mali_G76_Vulkan, [000001F25446CE00][000001F24A19E6C0 49] Android_Mali_G77, [000001F254424100][000001F24A1A2840 49] Android_Mali_G77_Vulkan, [000001F254505800][000001F252C909C0 49] Android_Mali_G78, [000001F254427B00][000001F252C94B40 49] Android_Mali_G78_Vulkan, [000001F25446FE00][000001F252C98CC0 49] Android_Mali_G710, [000001F254424900][000001F252C9CE40 49] Android_Mali_G710_Vulkan, [000001F25446F900][000001F24A172F80 49] Android_Vulkan_SM5, [000001F254427C00][000001F252CA10C0 49] Android_PowerVR_G6xxx, [000001F25446E800][000001F252CA5200 49] Android_PowerVR_GT7xxx, [000001F254426100][000001F252CA9340 49] Android_PowerVR_GE8xxx, [000001F25446F100][000001F252CB14C0 49] Android_PowerVR_GM9xxx, [000001F254425B00][000001F252CB5640 49] Android_PowerVR_GM9xxx_Vulkan, [000001F25446DA00][000001F252CB97C0 49] Android_TegraK1, [000001F254427E00][000001F252CBD940 49] Android_Unknown_Vulkan, [000001F25446ED00][000001F252CC1AC0 49] Lumin, [000001F254484900][000001F252CC40C0 49] Lumin_Desktop, [000001F2544D3B00][000001F252CC8240 49] HoloLens, 
[2022.07.12-00.28.06:222][  0]LogMeshReduction: Using QuadricMeshReduction for automatic static mesh reduction
[2022.07.12-00.28.06:222][  0]LogMeshReduction: Using SimplygonMeshReduction for automatic skeletal mesh reduction
[2022.07.12-00.28.06:222][  0]LogMeshReduction: Using ProxyLODMeshReduction for automatic mesh merging
[2022.07.12-00.28.06:222][  0]LogMeshReduction: No distributed automatic mesh merging module available
[2022.07.12-00.28.06:248][  0]LogMeshMerging: No distributed automatic mesh merging module available
[2022.07.12-00.28.07:307][  0]LogNetVersion: UnrealQuest3 1.0.0, NetCL: 17155196, EngineNetVer: 17, GameNetVer: 0 (Checksum: 2370289628)
[2022.07.12-00.28.23:529][  0]LogTexture: Default maximum texture size for cubemaps generated from long-lat sources has been changed from 512 to unlimited. In order to preserve old behaiour for '/Engine/MapTemplates/Sky/DaylightAmbientCubemap.DaylightAmbientCubemap', its maximum texture size has been explicitly set to 512.
[2022.07.12-00.28.24:709][  0]LogUObjectArray: 16787 objects as part of root set at end of initial load.
[2022.07.12-00.28.24:709][  0]LogUObjectAllocator: 4192688 out of 0 bytes used by permanent object pool.
[2022.07.12-00.28.24:709][  0]LogUObjectArray: CloseDisregardForGC: 0/0 objects in disregard for GC pool
[2022.07.12-00.28.30:448][  0]LogNiagaraDebuggerClient: Niagara Debugger Client Initialized | Session: 58F4714949A8670A8D589F8AFB957DFA | Instance: 718DEB944ECD33B9EA1E86AB6A6A8F46 (KBC12006201-22416).
[2022.07.12-00.28.31:713][  0]LogPython: Using Python 3.7.7
[2022.07.12-00.28.33:809][  0]LogTcpMessaging: Initializing TcpMessaging bridge
[2022.07.12-00.28.33:876][  0]LogUdpMessaging: Initializing bridge on interface 0.0.0.0:0 to multicast group 230.0.0.1:6666.
[2022.07.12-00.28.37:855][  0]SourceControl: ソースコントロールは無効です
[2022.07.12-00.28.37:857][  0]SourceControl: ソースコントロールは無効です
[2022.07.12-00.28.37:984][  0]SourceControl: ソースコントロールは無効です
[2022.07.12-00.28.38:007][  0]SourceControl: ソースコントロールは無効です
[2022.07.12-00.28.38:045][  0]SourceControl: ソースコントロールは無効です
[2022.07.12-00.28.38:061][  0]LogUProjectInfo: Found projects:
[2022.07.12-00.28.38:421][  0]LogOpenImageDenoise: OIDN starting up
[2022.07.12-00.28.38:752][  0]LogAndroidPermission: UAndroidPermissionCallbackProxy::GetInstance
[2022.07.12-00.28.38:853][  0]LogAudioCaptureCore: Display: No Audio Capture implementations found. Audio input will be silent.
[2022.07.12-00.28.38:853][  0]LogAudioCaptureCore: Display: No Audio Capture implementations found. Audio input will be silent.
[2022.07.12-00.28.39:545][  0]LogCollectionManager: Loaded 0 collections in 0.001376 seconds
[2022.07.12-00.28.39:628][  0]LogFileCache: Scanning file cache for directory 'C:/Users/kbc12006201/OneDrive/ドキュメント/UE4/UnrealQuest3_UE4/UnrealQuest3_UE4/Saved/Collections/' took 0.02s
[2022.07.12-00.28.39:628][  0]LogFileCache: Scanning file cache for directory 'C:/Users/kbc12006201/OneDrive/ドキュメント/UE4/UnrealQuest3_UE4/UnrealQuest3_UE4/Content/Developers/kbc12006201/Collections/' took 0.00s
[2022.07.12-00.28.39:628][  0]LogFileCache: Scanning file cache for directory 'C:/Users/kbc12006201/OneDrive/ドキュメント/UE4/UnrealQuest3_UE4/UnrealQuest3_UE4/Content/Collections/' took 0.00s
[2022.07.12-00.28.42:822][  0]LogAutomationTest: Warning: Smoke tests took >2s to run (2.16s). 'FAutomationTestAttemptToFindUninitializedScriptStructMembers' took 1920ms. SmokeFilter tier tests should take less than 1ms. Please optimize or move 'FAutomationTestAttemptToFindUninitializedScriptStructMembers' to a slower tier than SmokeFilter.
[2022.07.12-00.28.43:036][  0]LogEngine: Initializing Engine...
[2022.07.12-00.28.43:275][  0]LogStats: UGameplayTagsManager::InitializeManager -  0.013 s
[2022.07.12-00.28.44:548][  0]LogInit: Initializing FReadOnlyCVARCache
[2022.07.12-00.28.45:551][  0]LogAIModule: Creating AISystem for world Untitled
[2022.07.12-00.28.45:692][  0]LogAudio: Display: Initializing Audio Device Manager...
[2022.07.12-00.28.45:755][  0]LogAudio: Display: Loading Default Audio Settings Objects...
[2022.07.12-00.28.45:784][  0]LogAudio: Display: No default SoundConcurrencyObject specified (or failed to load).
[2022.07.12-00.28.45:826][  0]LogAudio: Display: Audio Device Manager Initialized
[2022.07.12-00.28.45:826][  0]LogAudio: Display: Creating Audio Device:                 Id: 1, Scope: Shared, Realtime: True
[2022.07.12-00.28.45:856][  0]LogAudioMixer: Display: Audio Mixer Platform Settings:
[2022.07.12-00.28.45:856][  0]LogAudioMixer: Display: 	Sample Rate:						  48000
[2022.07.12-00.28.45:856][  0]LogAudioMixer: Display: 	Callback Buffer Frame Size Requested: 1024
[2022.07.12-00.28.45:856][  0]LogAudioMixer: Display: 	Callback Buffer Frame Size To Use:	  1024
[2022.07.12-00.28.45:856][  0]LogAudioMixer: Display: 	Number of buffers to queue:			  2
[2022.07.12-00.28.45:856][  0]LogAudioMixer: Display: 	Max Channels (voices):				  32
[2022.07.12-00.28.45:856][  0]LogAudioMixer: Display: 	Number of Async Source Workers:		  0
[2022.07.12-00.28.45:856][  0]LogAudio: Display: AudioDevice MaxSources: 32
[2022.07.12-00.28.45:887][  0]LogAudio: Display: Audio Spatialization Plugin: None (built-in).
[2022.07.12-00.28.45:887][  0]LogAudio: Display: Audio Reverb Plugin: None (built-in).
[2022.07.12-00.28.45:887][  0]LogAudio: Display: Audio Occlusion Plugin: None (built-in).
[2022.07.12-00.28.45:887][  0]LogAudioMixer: Display: Initializing audio mixer.
[2022.07.12-00.28.46:425][  0]LogAudioMixer: Display: 0: FrontLeft
[2022.07.12-00.28.46:425][  0]LogAudioMixer: Display: 1: FrontRight
[2022.07.12-00.28.46:757][  0]LogAudioMixer: Display: Using Audio Device スピーカー (Realtek(R) Audio)
[2022.07.12-00.28.47:157][  0]LogAudioMixer: Display: Initializing Sound Submixes...
[2022.07.12-00.28.47:358][  0]LogAudioMixer: Display: Creating Master Submix 'MasterSubmixDefault'
[2022.07.12-00.28.47:358][  0]LogAudioMixer: Display: Creating Master Submix 'MasterReverbSubmixDefault'
[2022.07.12-00.28.47:473][  0]LogAudioMixer: Display: Creating Master Submix 'MasterEQSubmixDefault'
[2022.07.12-00.28.47:474][  0]LogAudioMixer: FMixerPlatformXAudio2::StartAudioStream() called
[2022.07.12-00.28.47:474][  0]LogAudioMixer: Display: Output buffers initialized: Frames=1024, Channels=2, Samples=2048
[2022.07.12-00.28.47:475][  0]LogAudioMixer: Display: Starting AudioMixerPlatformInterface::RunInternal()
[2022.07.12-00.28.47:475][  0]LogAudioMixer: Display: FMixerPlatformXAudio2::SubmitBuffer() called for the first time
[2022.07.12-00.28.47:475][  0]LogInit: FAudioDevice initialized.
[2022.07.12-00.28.47:554][  0]LogAudioMixer: Display: Audio Buffer Underrun (starvation) detected.
[2022.07.12-00.28.47:554][  0]LogAudio: Display: Audio Device (ID: 1) registered with world 'Untitled'.
[2022.07.12-00.28.47:556][  0]LogNetVersion: Set ProjectVersion to 1.0.0.0. Version Checksum will be recalculated on next use.
[2022.07.12-00.28.47:595][  0]LogDerivedDataCache: Saved boot cache 0.04s 81MB C:/Users/kbc12006201/AppData/Local/UnrealEngine/4.27/DerivedDataCache/Boot.ddc.
[2022.07.12-00.28.47:596][  0]LogInit: Texture streaming: Enabled
[2022.07.12-00.28.48:800][  0]LogAnalytics: Display: [UEEditor.Rocket.Release] APIServer = https://datarouter.ol.epicgames.com/. AppVersion = 4.27.2-18319896+++UE4+Release-4.27
[2022.07.12-00.28.48:841][  0]LogEngineSessionManager: EngineSessionManager initialized
[2022.07.12-00.28.48:864][  0]LogEditorSessionSummary: Verbose: Initializing EditorSessionSummaryWriter for editor session tracking
[2022.07.12-00.28.48:978][  0]LogEditorSessionSummary: EditorSessionSummaryWriter initialized
[2022.07.12-00.28.49:496][  0]LogInit: Transaction tracking system initialized
[2022.07.12-00.28.49:952][  0]BlueprintLog: New page: エディタの読み込み
[2022.07.12-00.28.51:489][  0]LocalizationService: ローカライズのサービスが無効になりました
[2022.07.12-00.28.51:932][  0]TimingProfiler: Initialize
[2022.07.12-00.28.51:934][  0]TimingProfiler: OnSessionChanged
[2022.07.12-00.28.51:935][  0]LoadingProfiler: Initialize
[2022.07.12-00.28.51:935][  0]LoadingProfiler: OnSessionChanged
[2022.07.12-00.28.51:936][  0]NetworkingProfiler: Initialize
[2022.07.12-00.28.51:937][  0]NetworkingProfiler: OnSessionChanged
[2022.07.12-00.28.51:937][  0]MemoryProfiler: Initialize
[2022.07.12-00.28.51:937][  0]MemoryProfiler: OnSessionChanged
[2022.07.12-00.28.55:060][  0]LogFileCache: Scanning file cache for directory 'C:/Users/kbc12006201/OneDrive/ドキュメント/UE4/UnrealQuest3_UE4/UnrealQuest3_UE4/Content/' took 0.02s
[2022.07.12-00.28.55:060][  0]LogCook: Display: CookSettings for Memory: MemoryMaxUsedVirtual 0MiB, MemoryMaxUsedPhysical 16384MiB, MemoryMinFreeVirtual 0MiB, MemoryMinFreePhysical 1024MiB
[2022.07.12-00.28.55:061][  0]LogCook: Display: Mobile HDR setting 1
[2022.07.12-00.28.59:840][  0]LogInit: Display: Engine is initialized. Leaving FEngineLoop::Init()
[2022.07.12-00.29.00:062][  0]SourceControl: ソースコントロールは無効です
[2022.07.12-00.29.00:062][  0]LogUnrealEdMisc: Loading editor; pre map load, took 116.876
[2022.07.12-00.29.00:103][  0]Cmd: MAP LOAD FILE="C:/Users/kbc12006201/OneDrive/ドキュメント/UE4/UnrealQuest3_UE4/UnrealQuest3_UE4/Content/UnrealQuest3/Maps/SideScrollerExampleMap.umap" TEMPLATE=0 SHOWPROGRESS=1 FEATURELEVEL=3
[2022.07.12-00.29.00:126][  0]LightingResults: New page: ライティングのビルド
[2022.07.12-00.29.00:462][  0]LogWorld: UWorld::CleanupWorld for Untitled, bSessionEnded=true, bCleanupResources=true
[2022.07.12-00.29.00:638][  0]LogSlate: InvalidateAllWidgets triggered.  All widgets were invalidated
[2022.07.12-00.29.00:833][  0]MapCheck: New page: マップをチェック
[2022.07.12-00.29.00:833][  0]LightingResults: New page: <何も選択されていません>
[2022.07.12-00.29.01:566][  0]LogAudio: Display: Audio Device unregistered from world 'None'.
[2022.07.12-00.29.01:950][  0]LogUObjectHash: Compacting FUObjectHashTables data took   0.99ms
[2022.07.12-00.29.03:800][  0]LogLinker: Warning: [AssetLog] C:\Users\kbc12006201\OneDrive\ドキュメント\UE4\UnrealQuest3_UE4\UnrealQuest3_UE4\Content\UnrealQuest3\Maps\SideScrollerExampleMap.umap:  '/Game/UnrealQuest3/Maps/SideScrollerExampleMap_BuiltData' のロードに失敗しました: ファイルが見つかりません
[2022.07.12-00.29.03:800][  0]LogLinker: Warning: [AssetLog] C:\Users\kbc12006201\OneDrive\ドキュメント\UE4\UnrealQuest3_UE4\UnrealQuest3_UE4\Content\UnrealQuest3\Maps\SideScrollerExampleMap.umap:  '/Game/UnrealQuest3/Maps/SideScrollerExampleMap_BuiltData' のロードに失敗しました: ファイルが見つかりません
[2022.07.12-00.29.03:801][  0]LogLinker: Warning: [AssetLog] C:\Users\kbc12006201\OneDrive\ドキュメント\UE4\UnrealQuest3_UE4\UnrealQuest3_UE4\Content\UnrealQuest3\Maps\SideScrollerExampleMap.umap:  '/Game/UnrealQuest3/Maps/SideScrollerExampleMap_BuiltData' のロードに失敗しました: ファイルが見つかりません
[2022.07.12-00.29.03:804][  0]LogLinker: Warning:  '/Game/UnrealQuest3/Maps/SideScrollerExampleMap_BuiltData' のロードに失敗しました: ファイルが見つかりません
[2022.07.12-00.29.03:804][  0]LogLinker: Warning:  '/Game/UnrealQuest3/Maps/SideScrollerExampleMap_BuiltData' のロードに失敗しました: ファイルが見つかりません
[2022.07.12-00.29.04:202][  0]LogLinker: Warning: [AssetLog] C:\Users\kbc12006201\OneDrive\ドキュメント\UE4\UnrealQuest3_UE4\UnrealQuest3_UE4\Content\UnrealQuest3\Maps\SideScrollerExampleMap.umap:  '/Game/UnrealQuest3/Maps/SideScrollerExampleMap_BuiltData' のロードに失敗しました: ファイルが見つかりません
[2022.07.12-00.29.04:202][  0]LoadErrors: ロードに失敗しました /Game/UnrealQuest3/Maps/SideScrollerExampleMap_BuiltData.SideScrollerExampleMap_BuiltData 参照元 PersistentLevel
[2022.07.12-00.29.04:846][  0]LogAudio: Display: Audio Device (ID: 1) registered with world 'SideScrollerExampleMap'.
[2022.07.12-00.29.04:875][  0]LogAIModule: Creating AISystem for world SideScrollerExampleMap
[2022.07.12-00.29.05:864][  0]LogEditorServer: Finished looking for orphan Actors (0.000 secs)
[2022.07.12-00.29.06:488][  0]LogUObjectHash: Compacting FUObjectHashTables data took   0.71ms
[2022.07.12-00.29.06:514][  0]Cmd: MAP CHECKDEP NOCLEARLOG
[2022.07.12-00.29.06:535][  0]MapCheck: マップチェックが完了: 0 エラー、 0 警告、完了に 20.876ミリ秒かかりました。
[2022.07.12-00.29.06:535][  0]LogFileHelpers: Loading map 'SideScrollerExampleMap' took 6.434
[2022.07.12-00.29.08:915][  0]LogUnrealEdMisc: Total Editor Startup Time, took 125.729
[2022.07.12-00.29.10:181][  0]LogSlate: Updating window title bar state: overlay mode, drag disabled, window buttons hidden, title bar hidden
[2022.07.12-00.29.10:214][  0]LogSlate: Updating window title bar state: overlay mode, drag disabled, window buttons hidden, title bar hidden
[2022.07.12-00.29.10:220][  0]LogSlate: Updating window title bar state: overlay mode, drag disabled, window buttons hidden, title bar hidden
[2022.07.12-00.29.10:226][  0]LogSlate: Updating window title bar state: overlay mode, drag disabled, window buttons hidden, title bar hidden
[2022.07.12-00.29.10:659][  0]LogNativeClassHierarchy: Verbose: Native class hierarchy populated in 0.0091 seconds. Added 3669 classes and 827 folders.
[2022.07.12-00.29.10:906][  0]LogNativeClassHierarchy: Verbose: Native class hierarchy updated for 'WidgetCarousel' in 0.0003 seconds. Added 0 classes and 0 folders.
[2022.07.12-00.29.11:054][  0]LogPakFile: PakFile PrimaryIndexSize=187
[2022.07.12-00.29.11:054][  0]LogPakFile: PakFile PathHashIndexSize=101
[2022.07.12-00.29.11:054][  0]LogPakFile: PakFile FullDirectoryIndexSize=148
[2022.07.12-00.29.11:094][  0]LogShaderLibrary: Display: ShaderCodeLibraryPakFileMountedCallback: PakFile 'D:/UE_4.27/FeaturePacks/FP_FirstPerson.upack' (chunk index -1, root 'root:/') mounted
[2022.07.12-00.29.11:094][  0]LogShaderLibrary: Display: ShaderCodeLibraryPakFileMountedCallback: pending pak file info (ChunkID:-1 Root:root:/ File:D:/UE_4.27/FeaturePacks/FP_FirstPerson.upack)
[2022.07.12-00.29.11:107][  0]LogPakFile: OnPakFileMounted2Time == 0.052565
[2022.07.12-00.29.11:134][  0]LogPakFile: PakFile PrimaryIndexSize=189
[2022.07.12-00.29.11:134][  0]LogPakFile: PakFile PathHashIndexSize=101
[2022.07.12-00.29.11:134][  0]LogPakFile: PakFile FullDirectoryIndexSize=152
[2022.07.12-00.29.11:134][  0]LogShaderLibrary: Display: ShaderCodeLibraryPakFileMountedCallback: PakFile 'D:/UE_4.27/FeaturePacks/FP_FirstPersonBP.upack' (chunk index -1, root 'root:/') mounted
[2022.07.12-00.29.11:134][  0]LogShaderLibrary: Display: ShaderCodeLibraryPakFileMountedCallback: pending pak file info (ChunkID:-1 Root:root:/ File:D:/UE_4.27/FeaturePacks/FP_FirstPersonBP.upack)
[2022.07.12-00.29.11:134][  0]LogPakFile: OnPakFileMounted2Time == 0.000048
[2022.07.12-00.29.11:168][  0]LogPakFile: PakFile PrimaryIndexSize=191
[2022.07.12-00.29.11:168][  0]LogPakFile: PakFile PathHashIndexSize=101
[2022.07.12-00.29.11:168][  0]LogPakFile: PakFile FullDirectoryIndexSize=160
[2022.07.12-00.29.11:168][  0]LogShaderLibrary: Display: ShaderCodeLibraryPakFileMountedCallback: PakFile 'D:/UE_4.27/FeaturePacks/MobileStarterContent.upack' (chunk index -1, root 'root:/') mounted
[2022.07.12-00.29.11:168][  0]LogShaderLibrary: Display: ShaderCodeLibraryPakFileMountedCallback: pending pak file info (ChunkID:-1 Root:root:/ File:D:/UE_4.27/FeaturePacks/MobileStarterContent.upack)
[2022.07.12-00.29.11:168][  0]LogPakFile: OnPakFileMounted2Time == 0.000042
[2022.07.12-00.29.11:205][  0]LogPakFile: PakFile PrimaryIndexSize=185
[2022.07.12-00.29.11:205][  0]LogPakFile: PakFile PathHashIndexSize=101
[2022.07.12-00.29.11:205][  0]LogPakFile: PakFile FullDirectoryIndexSize=148
[2022.07.12-00.29.11:205][  0]LogShaderLibrary: Display: ShaderCodeLibraryPakFileMountedCallback: PakFile 'D:/UE_4.27/FeaturePacks/StarterContent.upack' (chunk index -1, root 'root:/') mounted
[2022.07.12-00.29.11:205][  0]LogShaderLibrary: Display: ShaderCodeLibraryPakFileMountedCallback: pending pak file info (ChunkID:-1 Root:root:/ File:D:/UE_4.27/FeaturePacks/StarterContent.upack)
[2022.07.12-00.29.11:205][  0]LogPakFile: OnPakFileMounted2Time == 0.000046
[2022.07.12-00.29.11:226][  0]LogPakFile: PakFile PrimaryIndexSize=190
[2022.07.12-00.29.11:226][  0]LogPakFile: PakFile PathHashIndexSize=101
[2022.07.12-00.29.11:226][  0]LogPakFile: PakFile FullDirectoryIndexSize=154
[2022.07.12-00.29.11:226][  0]LogShaderLibrary: Display: ShaderCodeLibraryPakFileMountedCallback: PakFile 'D:/UE_4.27/FeaturePacks/TP_2DSideScroller.upack' (chunk index -1, root 'root:/') mounted
[2022.07.12-00.29.11:226][  0]LogShaderLibrary: Display: ShaderCodeLibraryPakFileMountedCallback: pending pak file info (ChunkID:-1 Root:root:/ File:D:/UE_4.27/FeaturePacks/TP_2DSideScroller.upack)
[2022.07.12-00.29.11:226][  0]LogPakFile: OnPakFileMounted2Time == 0.000041
[2022.07.12-00.29.11:284][  0]LogPakFile: PakFile PrimaryIndexSize=192
[2022.07.12-00.29.11:284][  0]LogPakFile: PakFile PathHashIndexSize=101
[2022.07.12-00.29.11:284][  0]LogPakFile: PakFile FullDirectoryIndexSize=158
[2022.07.12-00.29.11:284][  0]LogShaderLibrary: Display: ShaderCodeLibraryPakFileMountedCallback: PakFile 'D:/UE_4.27/FeaturePacks/TP_2DSideScrollerBP.upack' (chunk index -1, root 'root:/') mounted
[2022.07.12-00.29.11:284][  0]LogShaderLibrary: Display: ShaderCodeLibraryPakFileMountedCallback: pending pak file info (ChunkID:-1 Root:root:/ File:D:/UE_4.27/FeaturePacks/TP_2DSideScrollerBP.upack)
[2022.07.12-00.29.11:284][  0]LogPakFile: OnPakFileMounted2Time == 0.000041
[2022.07.12-00.29.11:286][  0]LogPakFile: PakFile PrimaryIndexSize=182
[2022.07.12-00.29.11:286][  0]LogPakFile: PakFile PathHashIndexSize=101
[2022.07.12-00.29.11:286][  0]LogPakFile: PakFile FullDirectoryIndexSize=138
[2022.07.12-00.29.11:286][  0]LogShaderLibrary: Display: ShaderCodeLibraryPakFileMountedCallback: PakFile 'D:/UE_4.27/FeaturePacks/TP_Flying.upack' (chunk index -1, root 'root:/') mounted
[2022.07.12-00.29.11:286][  0]LogShaderLibrary: Display: ShaderCodeLibraryPakFileMountedCallback: pending pak file info (ChunkID:-1 Root:root:/ File:D:/UE_4.27/FeaturePacks/TP_Flying.upack)
[2022.07.12-00.29.11:286][  0]LogPakFile: OnPakFileMounted2Time == 0.000034
[2022.07.12-00.29.11:301][  0]LogPakFile: PakFile PrimaryIndexSize=184
[2022.07.12-00.29.11:301][  0]LogPakFile: PakFile PathHashIndexSize=101
[2022.07.12-00.29.11:301][  0]LogPakFile: PakFile FullDirectoryIndexSize=142
[2022.07.12-00.29.11:301][  0]LogShaderLibrary: Display: ShaderCodeLibraryPakFileMountedCallback: PakFile 'D:/UE_4.27/FeaturePacks/TP_FlyingBP.upack' (chunk index -1, root 'root:/') mounted
[2022.07.12-00.29.11:301][  0]LogShaderLibrary: Display: ShaderCodeLibraryPakFileMountedCallback: pending pak file info (ChunkID:-1 Root:root:/ File:D:/UE_4.27/FeaturePacks/TP_FlyingBP.upack)
[2022.07.12-00.29.11:301][  0]LogPakFile: OnPakFileMounted2Time == 0.000041
[2022.07.12-00.29.11:332][  0]LogPakFile: PakFile PrimaryIndexSize=188
[2022.07.12-00.29.11:332][  0]LogPakFile: PakFile PathHashIndexSize=101
[2022.07.12-00.29.11:332][  0]LogPakFile: PakFile FullDirectoryIndexSize=150
[2022.07.12-00.29.11:332][  0]LogShaderLibrary: Display: ShaderCodeLibraryPakFileMountedCallback: PakFile 'D:/UE_4.27/FeaturePacks/TP_HandheldARBP.upack' (chunk index -1, root 'root:/') mounted
[2022.07.12-00.29.11:332][  0]LogShaderLibrary: Display: ShaderCodeLibraryPakFileMountedCallback: pending pak file info (ChunkID:-1 Root:root:/ File:D:/UE_4.27/FeaturePacks/TP_HandheldARBP.upack)
[2022.07.12-00.29.11:333][  0]LogPakFile: OnPakFileMounted2Time == 0.000043
[2022.07.12-00.29.11:407][  0]LogPakFile: PakFile PrimaryIndexSize=182
[2022.07.12-00.29.11:407][  0]LogPakFile: PakFile PathHashIndexSize=101
[2022.07.12-00.29.11:407][  0]LogPakFile: PakFile FullDirectoryIndexSize=138
[2022.07.12-00.29.11:407][  0]LogShaderLibrary: Display: ShaderCodeLibraryPakFileMountedCallback: PakFile 'D:/UE_4.27/FeaturePacks/TP_Puzzle.upack' (chunk index -1, root 'root:/') mounted
[2022.07.12-00.29.11:407][  0]LogShaderLibrary: Display: ShaderCodeLibraryPakFileMountedCallback: pending pak file info (ChunkID:-1 Root:root:/ File:D:/UE_4.27/FeaturePacks/TP_Puzzle.upack)
[2022.07.12-00.29.11:407][  0]LogPakFile: OnPakFileMounted2Time == 0.000047
[2022.07.12-00.29.11:425][  0]LogPakFile: PakFile PrimaryIndexSize=184
[2022.07.12-00.29.11:425][  0]LogPakFile: PakFile PathHashIndexSize=101
[2022.07.12-00.29.11:425][  0]LogPakFile: PakFile FullDirectoryIndexSize=142
[2022.07.12-00.29.11:425][  0]LogShaderLibrary: Display: ShaderCodeLibraryPakFileMountedCallback: PakFile 'D:/UE_4.27/FeaturePacks/TP_PuzzleBP.upack' (chunk index -1, root 'root:/') mounted
[2022.07.12-00.29.11:425][  0]LogShaderLibrary: Display: ShaderCodeLibraryPakFileMountedCallback: pending pak file info (ChunkID:-1 Root:root:/ File:D:/UE_4.27/FeaturePacks/TP_PuzzleBP.upack)
[2022.07.12-00.29.11:425][  0]LogPakFile: OnPakFileMounted2Time == 0.000040
[2022.07.12-00.29.11:438][  0]LogPakFile: PakFile PrimaryIndexSize=183
[2022.07.12-00.29.11:438][  0]LogPakFile: PakFile PathHashIndexSize=101
[2022.07.12-00.29.11:438][  0]LogPakFile: PakFile FullDirectoryIndexSize=140
[2022.07.12-00.29.11:438][  0]LogShaderLibrary: Display: ShaderCodeLibraryPakFileMountedCallback: PakFile 'D:/UE_4.27/FeaturePacks/TP_Rolling.upack' (chunk index -1, root 'root:/') mounted
[2022.07.12-00.29.11:438][  0]LogShaderLibrary: Display: ShaderCodeLibraryPakFileMountedCallback: pending pak file info (ChunkID:-1 Root:root:/ File:D:/UE_4.27/FeaturePacks/TP_Rolling.upack)
[2022.07.12-00.29.11:438][  0]LogPakFile: OnPakFileMounted2Time == 0.000040
[2022.07.12-00.29.11:452][  0]LogPakFile: PakFile PrimaryIndexSize=185
[2022.07.12-00.29.11:452][  0]LogPakFile: PakFile PathHashIndexSize=101
[2022.07.12-00.29.11:452][  0]LogPakFile: PakFile FullDirectoryIndexSize=144
[2022.07.12-00.29.11:452][  0]LogShaderLibrary: Display: ShaderCodeLibraryPakFileMountedCallback: PakFile 'D:/UE_4.27/FeaturePacks/TP_RollingBP.upack' (chunk index -1, root 'root:/') mounted
[2022.07.12-00.29.11:452][  0]LogShaderLibrary: Display: ShaderCodeLibraryPakFileMountedCallback: pending pak file info (ChunkID:-1 Root:root:/ File:D:/UE_4.27/FeaturePacks/TP_RollingBP.upack)
[2022.07.12-00.29.11:452][  0]LogPakFile: OnPakFileMounted2Time == 0.000043
[2022.07.12-00.29.11:495][  0]LogPakFile: PakFile PrimaryIndexSize=188
[2022.07.12-00.29.11:495][  0]LogPakFile: PakFile PathHashIndexSize=101
[2022.07.12-00.29.11:495][  0]LogPakFile: PakFile FullDirectoryIndexSize=150
[2022.07.12-00.29.11:495][  0]LogShaderLibrary: Display: ShaderCodeLibraryPakFileMountedCallback: PakFile 'D:/UE_4.27/FeaturePacks/TP_SideScroller.upack' (chunk index -1, root 'root:/') mounted
[2022.07.12-00.29.11:495][  0]LogShaderLibrary: Display: ShaderCodeLibraryPakFileMountedCallback: pending pak file info (ChunkID:-1 Root:root:/ File:D:/UE_4.27/FeaturePacks/TP_SideScroller.upack)
[2022.07.12-00.29.11:495][  0]LogPakFile: OnPakFileMounted2Time == 0.000040
[2022.07.12-00.29.11:496][  0]LogPakFile: PakFile PrimaryIndexSize=190
[2022.07.12-00.29.11:496][  0]LogPakFile: PakFile PathHashIndexSize=101
[2022.07.12-00.29.11:496][  0]LogPakFile: PakFile FullDirectoryIndexSize=154
[2022.07.12-00.29.11:496][  0]LogShaderLibrary: Display: ShaderCodeLibraryPakFileMountedCallback: PakFile 'D:/UE_4.27/FeaturePacks/TP_SideScrollerBP.upack' (chunk index -1, root 'root:/') mounted
[2022.07.12-00.29.11:496][  0]LogShaderLibrary: Display: ShaderCodeLibraryPakFileMountedCallback: pending pak file info (ChunkID:-1 Root:root:/ File:D:/UE_4.27/FeaturePacks/TP_SideScrollerBP.upack)
[2022.07.12-00.29.11:496][  0]LogPakFile: OnPakFileMounted2Time == 0.000034
[2022.07.12-00.29.11:524][  0]LogPakFile: PakFile PrimaryIndexSize=187
[2022.07.12-00.29.11:524][  0]LogPakFile: PakFile PathHashIndexSize=101
[2022.07.12-00.29.11:524][  0]LogPakFile: PakFile FullDirectoryIndexSize=148
[2022.07.12-00.29.11:524][  0]LogShaderLibrary: Display: ShaderCodeLibraryPakFileMountedCallback: PakFile 'D:/UE_4.27/FeaturePacks/TP_ThirdPerson.upack' (chunk index -1, root 'root:/') mounted
[2022.07.12-00.29.11:524][  0]LogShaderLibrary: Display: ShaderCodeLibraryPakFileMountedCallback: pending pak file info (ChunkID:-1 Root:root:/ File:D:/UE_4.27/FeaturePacks/TP_ThirdPerson.upack)
[2022.07.12-00.29.11:524][  0]LogPakFile: OnPakFileMounted2Time == 0.000044
[2022.07.12-00.29.11:536][  0]LogPakFile: PakFile PrimaryIndexSize=189
[2022.07.12-00.29.11:536][  0]LogPakFile: PakFile PathHashIndexSize=101
[2022.07.12-00.29.11:536][  0]LogPakFile: PakFile FullDirectoryIndexSize=152
[2022.07.12-00.29.11:536][  0]LogShaderLibrary: Display: ShaderCodeLibraryPakFileMountedCallback: PakFile 'D:/UE_4.27/FeaturePacks/TP_ThirdPersonBP.upack' (chunk index -1, root 'root:/') mounted
[2022.07.12-00.29.11:536][  0]LogShaderLibrary: Display: ShaderCodeLibraryPakFileMountedCallback: pending pak file info (ChunkID:-1 Root:root:/ File:D:/UE_4.27/FeaturePacks/TP_ThirdPersonBP.upack)
[2022.07.12-00.29.11:536][  0]LogPakFile: OnPakFileMounted2Time == 0.000039
[2022.07.12-00.29.11:592][  0]LogPakFile: PakFile PrimaryIndexSize=183
[2022.07.12-00.29.11:592][  0]LogPakFile: PakFile PathHashIndexSize=101
[2022.07.12-00.29.11:592][  0]LogPakFile: PakFile FullDirectoryIndexSize=140
[2022.07.12-00.29.11:592][  0]LogShaderLibrary: Display: ShaderCodeLibraryPakFileMountedCallback: PakFile 'D:/UE_4.27/FeaturePacks/TP_TopDown.upack' (chunk index -1, root 'root:/') mounted
[2022.07.12-00.29.11:592][  0]LogShaderLibrary: Display: ShaderCodeLibraryPakFileMountedCallback: pending pak file info (ChunkID:-1 Root:root:/ File:D:/UE_4.27/FeaturePacks/TP_TopDown.upack)
[2022.07.12-00.29.11:592][  0]LogPakFile: OnPakFileMounted2Time == 0.000047
[2022.07.12-00.29.11:616][  0]LogPakFile: PakFile PrimaryIndexSize=185
[2022.07.12-00.29.11:616][  0]LogPakFile: PakFile PathHashIndexSize=101
[2022.07.12-00.29.11:616][  0]LogPakFile: PakFile FullDirectoryIndexSize=144
[2022.07.12-00.29.11:616][  0]LogShaderLibrary: Display: ShaderCodeLibraryPakFileMountedCallback: PakFile 'D:/UE_4.27/FeaturePacks/TP_TopDownBP.upack' (chunk index -1, root 'root:/') mounted
[2022.07.12-00.29.11:616][  0]LogShaderLibrary: Display: ShaderCodeLibraryPakFileMountedCallback: pending pak file info (ChunkID:-1 Root:root:/ File:D:/UE_4.27/FeaturePacks/TP_TopDownBP.upack)
[2022.07.12-00.29.11:616][  0]LogPakFile: OnPakFileMounted2Time == 0.000041
[2022.07.12-00.29.11:628][  0]LogPakFile: PakFile PrimaryIndexSize=185
[2022.07.12-00.29.11:628][  0]LogPakFile: PakFile PathHashIndexSize=101
[2022.07.12-00.29.11:628][  0]LogPakFile: PakFile FullDirectoryIndexSize=144
[2022.07.12-00.29.11:629][  0]LogShaderLibrary: Display: ShaderCodeLibraryPakFileMountedCallback: PakFile 'D:/UE_4.27/FeaturePacks/TP_TwinStick.upack' (chunk index -1, root 'root:/') mounted
[2022.07.12-00.29.11:629][  0]LogShaderLibrary: Display: ShaderCodeLibraryPakFileMountedCallback: pending pak file info (ChunkID:-1 Root:root:/ File:D:/UE_4.27/FeaturePacks/TP_TwinStick.upack)
[2022.07.12-00.29.11:629][  0]LogPakFile: OnPakFileMounted2Time == 0.000048
[2022.07.12-00.29.11:644][  0]LogPakFile: PakFile PrimaryIndexSize=187
[2022.07.12-00.29.11:644][  0]LogPakFile: PakFile PathHashIndexSize=101
[2022.07.12-00.29.11:644][  0]LogPakFile: PakFile FullDirectoryIndexSize=148
[2022.07.12-00.29.11:644][  0]LogShaderLibrary: Display: ShaderCodeLibraryPakFileMountedCallback: PakFile 'D:/UE_4.27/FeaturePacks/TP_TwinStickBP.upack' (chunk index -1, root 'root:/') mounted
[2022.07.12-00.29.11:644][  0]LogShaderLibrary: Display: ShaderCodeLibraryPakFileMountedCallback: pending pak file info (ChunkID:-1 Root:root:/ File:D:/UE_4.27/FeaturePacks/TP_TwinStickBP.upack)
[2022.07.12-00.29.11:644][  0]LogPakFile: OnPakFileMounted2Time == 0.000041
[2022.07.12-00.29.11:672][  0]LogPakFile: PakFile PrimaryIndexSize=183
[2022.07.12-00.29.11:672][  0]LogPakFile: PakFile PathHashIndexSize=101
[2022.07.12-00.29.11:672][  0]LogPakFile: PakFile FullDirectoryIndexSize=140
[2022.07.12-00.29.11:672][  0]LogShaderLibrary: Display: ShaderCodeLibraryPakFileMountedCallback: PakFile 'D:/UE_4.27/FeaturePacks/TP_Vehicle.upack' (chunk index -1, root 'root:/') mounted
[2022.07.12-00.29.11:672][  0]LogShaderLibrary: Display: ShaderCodeLibraryPakFileMountedCallback: pending pak file info (ChunkID:-1 Root:root:/ File:D:/UE_4.27/FeaturePacks/TP_Vehicle.upack)
[2022.07.12-00.29.11:672][  0]LogPakFile: OnPakFileMounted2Time == 0.000046
[2022.07.12-00.29.11:700][  0]LogPakFile: PakFile PrimaryIndexSize=186
[2022.07.12-00.29.11:700][  0]LogPakFile: PakFile PathHashIndexSize=101
[2022.07.12-00.29.11:700][  0]LogPakFile: PakFile FullDirectoryIndexSize=146
[2022.07.12-00.29.11:700][  0]LogShaderLibrary: Display: ShaderCodeLibraryPakFileMountedCallback: PakFile 'D:/UE_4.27/FeaturePacks/TP_VehicleAdv.upack' (chunk index -1, root 'root:/') mounted
[2022.07.12-00.29.11:700][  0]LogShaderLibrary: Display: ShaderCodeLibraryPakFileMountedCallback: pending pak file info (ChunkID:-1 Root:root:/ File:D:/UE_4.27/FeaturePacks/TP_VehicleAdv.upack)
[2022.07.12-00.29.11:700][  0]LogPakFile: OnPakFileMounted2Time == 0.000042
[2022.07.12-00.29.11:713][  0]LogPakFile: PakFile PrimaryIndexSize=188
[2022.07.12-00.29.11:713][  0]LogPakFile: PakFile PathHashIndexSize=101
[2022.07.12-00.29.11:713][  0]LogPakFile: PakFile FullDirectoryIndexSize=150
[2022.07.12-00.29.11:713][  0]LogShaderLibrary: Display: ShaderCodeLibraryPakFileMountedCallback: PakFile 'D:/UE_4.27/FeaturePacks/TP_VehicleAdvBP.upack' (chunk index -1, root 'root:/') mounted
[2022.07.12-00.29.11:713][  0]LogShaderLibrary: Display: ShaderCodeLibraryPakFileMountedCallback: pending pak file info (ChunkID:-1 Root:root:/ File:D:/UE_4.27/FeaturePacks/TP_VehicleAdvBP.upack)
[2022.07.12-00.29.11:713][  0]LogPakFile: OnPakFileMounted2Time == 0.000038
[2022.07.12-00.29.11:725][  0]LogPakFile: PakFile PrimaryIndexSize=185
[2022.07.12-00.29.11:725][  0]LogPakFile: PakFile PathHashIndexSize=101
[2022.07.12-00.29.11:725][  0]LogPakFile: PakFile FullDirectoryIndexSize=144
[2022.07.12-00.29.11:725][  0]LogShaderLibrary: Display: ShaderCodeLibraryPakFileMountedCallback: PakFile 'D:/UE_4.27/FeaturePacks/TP_VehicleBP.upack' (chunk index -1, root 'root:/') mounted
[2022.07.12-00.29.11:725][  0]LogShaderLibrary: Display: ShaderCodeLibraryPakFileMountedCallback: pending pak file info (ChunkID:-1 Root:root:/ File:D:/UE_4.27/FeaturePacks/TP_VehicleBP.upack)
[2022.07.12-00.29.11:725][  0]LogPakFile: OnPakFileMounted2Time == 0.000043
[2022.07.12-00.29.11:780][  0]LogPakFile: PakFile PrimaryIndexSize=192
[2022.07.12-00.29.11:780][  0]LogPakFile: PakFile PathHashIndexSize=101
[2022.07.12-00.29.11:780][  0]LogPakFile: PakFile FullDirectoryIndexSize=158
[2022.07.12-00.29.11:780][  0]LogShaderLibrary: Display: ShaderCodeLibraryPakFileMountedCallback: PakFile 'D:/UE_4.27/FeaturePacks/TP_VirtualRealityBP.upack' (chunk index -1, root 'root:/') mounted
[2022.07.12-00.29.11:780][  0]LogShaderLibrary: Display: ShaderCodeLibraryPakFileMountedCallback: pending pak file info (ChunkID:-1 Root:root:/ File:D:/UE_4.27/FeaturePacks/TP_VirtualRealityBP.upack)
[2022.07.12-00.29.11:781][  0]LogPakFile: OnPakFileMounted2Time == 0.000079
[2022.07.12-00.29.13:584][  0]LogNativeClassHierarchy: Verbose: Native class hierarchy updated for 'AddContentDialog' in 0.0003 seconds. Added 0 classes and 0 folders.
[2022.07.12-00.29.13:636][  0]LogNativeClassHierarchy: Verbose: Native class hierarchy updated for 'SceneOutliner' in 0.0003 seconds. Added 2 classes and 0 folders.
[2022.07.12-00.29.14:846][  0]LogSlate: Took 0.047296 seconds to synchronously load lazily loaded font '../../../Engine/Content/Slate/Fonts/Roboto-Regular.ttf' (155K)
[2022.07.12-00.29.14:879][  0]LogSlate: Took 0.012247 seconds to synchronously load lazily loaded font '../../../Engine/Content/Editor/Slate/Fonts/FontAwesome.ttf' (139K)
[2022.07.12-00.29.14:963][  0]LogSlate: Took 0.047774 seconds to synchronously load lazily loaded font '../../../Engine/Content/Editor/Slate/Fonts/GenEiGothicPro-Regular.otf' (707K)
[2022.07.12-00.29.14:985][  0]LogSlate: Took 0.020295 seconds to synchronously load lazily loaded font '../../../Engine/Content/Editor/Slate/Fonts/GenEiGothicPro-Bold.otf' (698K)
[2022.07.12-00.29.15:024][  0]LogSlate: Took 0.039458 seconds to synchronously load lazily loaded font '../../../Engine/Content/Slate/Fonts/Roboto-Bold.ttf' (160K)
[2022.07.12-00.29.15:931][  0]LogRenderer: Reallocating scene render targets to support 840x432 Format 10 NumSamples 1 (Frame:1).
[2022.07.12-00.29.16:880][  0]LogSlate: Took 0.012754 seconds to synchronously load lazily loaded font '../../../Engine/Content/Slate/Fonts/Roboto-Light.ttf' (167K)
[2022.07.12-00.29.17:263][  0]LogNativeClassHierarchy: Verbose: Native class hierarchy updated for 'HierarchicalLODOutliner' in 0.0003 seconds. Added 0 classes and 0 folders.
[2022.07.12-00.29.17:263][  0]LogLoad: (Engine Initialization) Total time: 134.08 seconds
[2022.07.12-00.29.17:263][  0]LogLoad: (Engine Initialization) Total Blueprint compile time: 0.00 seconds
[2022.07.12-00.29.18:440][  0]LogContentStreaming: Texture pool size now 1000 MB
[2022.07.12-00.29.18:990][  0]LogSlate: Took 0.040367 seconds to synchronously load lazily loaded font '../../../Engine/Content/Slate/Fonts/DroidSansMono.ttf' (77K)
[2022.07.12-00.29.19:036][  0]LogSlate: Took 0.046072 seconds to synchronously load lazily loaded font '../../../Engine/Content/Editor/Slate/Fonts/GenEiGothicPro-SemiBold.otf' (703K)
[2022.07.12-00.29.19:050][  0]LogSlate: Took 0.014729 seconds to synchronously load lazily loaded font '../../../Engine/Content/Editor/Slate/Fonts/GenEiGothicPro-Heavy.otf' (704K)
[2022.07.12-00.29.19:060][  0]LogSlate: Took 0.009061 seconds to synchronously load lazily loaded font '../../../Engine/Content/Editor/Slate/Fonts/GenEiGothicPro-Light.otf' (713K)
[2022.07.12-00.29.19:444][  1]LogFileCache: Retrieving MD5 hashes for directory 'C:/Users/kbc12006201/OneDrive/ドキュメント/UE4/UnrealQuest3_UE4/UnrealQuest3_UE4/Content/' took 1.71s
[2022.07.12-00.29.19:726][  2]LogAssetRegistry: Asset discovery search completed in 89.8848 seconds
[2022.07.12-00.29.19:942][  2]LogCollectionManager: Fixed up redirectors for 0 collections in 0.008398 seconds (updated 0 objects)
[2022.07.12-00.31.04:019][458]LogSlate: Window 'メッセージ ログ' being destroyed
[2022.07.12-00.31.04:045][458]LogSlate: Window 'メッセージ ログ' being destroyed
[2022.07.12-00.38.57:103][184]LogTemp: Repeating last play command: 選択ビューポート
[2022.07.12-00.38.57:339][184]LogPlayLevel: PlayLevel: No blueprints needed recompiling
[2022.07.12-00.38.57:416][184]PIE: New page: PIEセッション: SideScrollerExampleMap (2022/07/12 18:38:57)
[2022.07.12-00.38.57:534][184]LogOnline: OSS: Creating online subsystem instance for: NULL
[2022.07.12-00.38.57:553][184]LogOnline: OSS: TryLoadSubsystemAndSetDefault: Loaded subsystem for module [NULL]
[2022.07.12-00.38.57:576][184]LogPlayLevel: Creating play world package: /Game/UnrealQuest3/Maps/UEDPIE_0_SideScrollerExampleMap
[2022.07.12-00.38.57:705][184]LogPlayLevel: PIE: StaticDuplicateObject took: (0.128010s)
[2022.07.12-00.38.57:734][184]LogAIModule: Creating AISystem for world SideScrollerExampleMap
[2022.07.12-00.38.57:776][184]LogPlayLevel: PIE: World Init took: (0.070923s)
[2022.07.12-00.38.57:800][184]LogPlayLevel: PIE: Created PIE world by copying editor world from /Game/UnrealQuest3/Maps/SideScrollerExampleMap.SideScrollerExampleMap to /Game/UnrealQuest3/Maps/UEDPIE_0_SideScrollerExampleMap.SideScrollerExampleMap (0.224270s)
[2022.07.12-00.38.57:806][184]LogUObjectHash: Compacting FUObjectHashTables data took   0.64ms
[2022.07.12-00.38.57:809][184]LogAudio: Display: Creating Audio Device:                 Id: 2, Scope: Unique, Realtime: True
[2022.07.12-00.38.57:809][184]LogAudioMixer: Display: Audio Mixer Platform Settings:
[2022.07.12-00.38.57:809][184]LogAudioMixer: Display: 	Sample Rate:						  48000
[2022.07.12-00.38.57:809][184]LogAudioMixer: Display: 	Callback Buffer Frame Size Requested: 1024
[2022.07.12-00.38.57:809][184]LogAudioMixer: Display: 	Callback Buffer Frame Size To Use:	  1024
[2022.07.12-00.38.57:809][184]LogAudioMixer: Display: 	Number of buffers to queue:			  2
[2022.07.12-00.38.57:809][184]LogAudioMixer: Display: 	Max Channels (voices):				  32
[2022.07.12-00.38.57:809][184]LogAudioMixer: Display: 	Number of Async Source Workers:		  0
[2022.07.12-00.38.57:809][184]LogAudio: Display: AudioDevice MaxSources: 32
[2022.07.12-00.38.57:809][184]LogAudio: Display: Audio Spatialization Plugin: None (built-in).
[2022.07.12-00.38.57:809][184]LogAudio: Display: Audio Reverb Plugin: None (built-in).
[2022.07.12-00.38.57:809][184]LogAudio: Display: Audio Occlusion Plugin: None (built-in).
[2022.07.12-00.38.57:809][184]LogAudioMixer: Display: Initializing audio mixer.
[2022.07.12-00.38.57:813][184]LogAudioMixer: Display: 0: FrontLeft
[2022.07.12-00.38.57:813][184]LogAudioMixer: Display: 1: FrontRight
[2022.07.12-00.38.57:846][184]LogAudioMixer: Display: Using Audio Device スピーカー (Realtek(R) Audio)
[2022.07.12-00.38.57:847][184]LogAudioMixer: Display: Initializing Sound Submixes...
[2022.07.12-00.38.57:847][184]LogAudioMixer: Display: Creating Master Submix 'MasterSubmixDefault'
[2022.07.12-00.38.57:847][184]LogAudioMixer: Display: Creating Master Submix 'MasterReverbSubmixDefault'
[2022.07.12-00.38.57:847][184]LogAudioMixer: Display: Creating Master Submix 'MasterEQSubmixDefault'
[2022.07.12-00.38.57:847][184]LogAudioMixer: FMixerPlatformXAudio2::StartAudioStream() called
[2022.07.12-00.38.57:847][184]LogAudioMixer: Display: Output buffers initialized: Frames=1024, Channels=2, Samples=2048
[2022.07.12-00.38.57:848][184]LogAudioMixer: Display: Starting AudioMixerPlatformInterface::RunInternal()
[2022.07.12-00.38.57:848][184]LogAudioMixer: Display: FMixerPlatformXAudio2::SubmitBuffer() called for the first time
[2022.07.12-00.38.57:848][184]LogInit: FAudioDevice initialized.
[2022.07.12-00.38.57:848][184]LogAudio: Display: Audio Device (ID: 2) registered with world 'SideScrollerExampleMap'.
[2022.07.12-00.38.57:907][184]LogLoad: Game class is 'BP_UnrealQuest3_Mode_C'
[2022.07.12-00.38.58:028][184]LogWorld: Bringing World /Game/UnrealQuest3/Maps/UEDPIE_0_SideScrollerExampleMap.SideScrollerExampleMap up for play (max tick rate 60) at 2022.07.12-09.38.58
[2022.07.12-00.38.58:069][184]LogWorld: Bringing up level for play took: 0.041338
[2022.07.12-00.38.58:090][184]LogOnline: OSS: Creating online subsystem instance for: :Context_3
[2022.07.12-00.38.58:440][184]LogNativeClassHierarchy: Verbose: Native class hierarchy updated for 'MovieSceneCapture' in 0.0004 seconds. Added 20 classes and 0 folders.
[2022.07.12-00.38.58:440][184]LogGameMode: Display: Match State Changed from EnteringMap to WaitingToStart
[2022.07.12-00.38.58:440][184]LogGameState: Match State Changed from EnteringMap to WaitingToStart
[2022.07.12-00.38.58:440][184]LogGameMode: Display: Match State Changed from WaitingToStart to InProgress
[2022.07.12-00.38.58:911][184]LogGameState: Match State Changed from WaitingToStart to InProgress
[2022.07.12-00.38.58:912][184]PIE: サーバーにログインしました
[2022.07.12-00.38.58:914][184]PIE: PIE合計開始時間 1.798 秒。
[2022.07.12-00.39.58:584][710]LogCharacterMovement: Warning: GetSimulationTimeStep() - Max iterations 8 hit while remaining time 0.057379 > MaxSimulationTimeStep (0.050) for 'BP_Player_C_0', movement 'Walking'
[2022.07.12-00.50.20:896][264]LogSlate: Updating window title bar state: overlay mode, drag disabled, window buttons hidden, title bar hidden
[2022.07.12-00.50.20:896][264]LogWorld: BeginTearingDown for /Game/UnrealQuest3/Maps/UEDPIE_0_SideScrollerExampleMap
[2022.07.12-00.50.21:108][264]LogWorld: UWorld::CleanupWorld for SideScrollerExampleMap, bSessionEnded=true, bCleanupResources=true
[2022.07.12-00.50.21:186][264]LogSlate: InvalidateAllWidgets triggered.  All widgets were invalidated
[2022.07.12-00.50.21:280][264]LogPlayLevel: Display: Shutting down PIE online subsystems
[2022.07.12-00.50.21:294][264]LogSlate: InvalidateAllWidgets triggered.  All widgets were invalidated
[2022.07.12-00.50.21:349][264]LogAudio: Display: Audio Device unregistered from world 'None'.
[2022.07.12-00.50.21:450][264]LogAudioMixer: FMixerPlatformXAudio2::StopAudioStream() called
[2022.07.12-00.50.21:451][264]LogAudioMixer: FMixerPlatformXAudio2::StopAudioStream() called
[2022.07.12-00.50.21:479][264]LogSlate: Updating window title bar state: overlay mode, drag disabled, window buttons hidden, title bar hidden
[2022.07.12-00.50.21:739][264]LogUObjectHash: Compacting FUObjectHashTables data took   0.73ms
[2022.07.12-00.50.21:834][265]LogPlayLevel: Display: Destroying online subsystem :Context_3
[2022.07.12-00.50.27:895][615]Cmd: SELECT NONE
[2022.07.12-00.53.35:310][286]LogSlate: Took 0.000151 seconds to synchronously load lazily loaded font '../../../Engine/Content/Slate/Fonts/Roboto-Light.ttf' (167K)
[2022.07.12-00.53.35:336][286]LogAssetEditorSubsystem: Opening Asset editor for Blueprint /Game/Block.Block
[2022.07.12-00.53.35:536][286]LogWindowsTextInputMethodSystem: Display: IME system activated using TSF (Microsoft IME).
[2022.07.12-00.53.37:830][286]LogNativeClassHierarchy: Verbose: Native class hierarchy updated for 'BlueprintGraph' in 0.0006 seconds. Added 126 classes and 0 folders.
[2022.07.12-00.53.40:228][286]LogSlate: Took 0.041404 seconds to synchronously load lazily loaded font '../../../Engine/Content/Slate/Fonts/Roboto-BoldCondensed.ttf' (158K)
[2022.07.12-00.53.40:918][287]LogSlate: Took 0.016986 seconds to synchronously load lazily loaded font '../../../Engine/Content/Slate/Fonts/Roboto-Italic.ttf' (157K)
[2022.07.12-00.54.10:157][  1]LogSlate: Window 'Block' being destroyed
[2022.07.12-00.54.10:163][  1]LogSlate: Window 'Block' being destroyed
[2022.07.12-00.54.10:279][  1]LogWorld: UWorld::CleanupWorld for World_2, bSessionEnded=true, bCleanupResources=true
[2022.07.12-00.54.10:279][  1]LogSlate: InvalidateAllWidgets triggered.  All widgets were invalidated
